<?xml version="1.0" encoding="UTF-8"?>
<testsuite xmlns:xsi="http://www.w3.org/2001/XMLSchema-instance" xsi:noNamespaceSchemaLocation="https://maven.apache.org/surefire/maven-surefire-plugin/xsd/surefire-test-report.xsd" version="3.0.2" name="com.example.eventmanagement.controller.EventControllerTest" time="13.202" tests="23" errors="0" skipped="0" failures="0">
  <properties>
[...]
</properties>
  <testcase name="createEvent_WithNullTicketPrice_ShouldReturn400" classname="com.example.eventmanagement.controller.EventControllerTest" time="1.664">
    <system-out><![CDATA[14:48:44.179 [main] INFO org.springframework.test.context.support.AnnotationConfigContextLoaderUtils -- Could not detect default configuration classes for test class [com.example.eventmanagement.controller.EventControllerTest]: EventControllerTest does not declare any static, non-private, non-final, nested classes annotated with @Configuration.
14:48:44.902 [main] INFO org.springframework.boot.test.context.SpringBootTestContextBootstrapper -- Found @SpringBootConfiguration com.example.eventmanagement.EventManagementApplication for test class com.example.eventmanagement.controller.EventControllerTest
2025-12-20T14:48:46.922+03:00  INFO 10000 --- [EventManagement] [           main] c.e.e.controller.EventControllerTest     : Starting EventControllerTest using Java 21.0.8 with PID 10000 (started by Karina in D:\MyJava\for github\Java_Spring_EventManagement\EventManagement)
2025-12-20T14:48:46.926+03:00 DEBUG 10000 --- [EventManagement] [           main] c.e.e.controller.EventControllerTest     : Running with Spring Boot v3.5.7, Spring v6.2.12
2025-12-20T14:48:46.928+03:00  INFO 10000 --- [EventManagement] [           main] c.e.e.controller.EventControllerTest     : The following 1 profile is active: "prod"
2025-12-20T14:48:54.004+03:00  INFO 10000 --- [EventManagement] [           main] c.e.e.controller.EventControllerTest     : Started EventControllerTest in 8.781 seconds (process running for 12.924)
2025-12-20T14:48:55.020+03:00  WARN 10000 --- [EventManagement] [           main] c.e.e.exception.GlobalExceptionHandler   : Validation errors: [date: Дата должна быть будущей, ticketPrice: Цена билета обязательна для заполнения]
]]></system-out>
  </testcase>
  <testcase name="getEventStatisticsById_WithValidId_ShouldReturnStatistics" classname="com.example.eventmanagement.controller.EventControllerTest" time="0.147">
    <system-out><![CDATA[2025-12-20T14:48:55.770+03:00  INFO 10000 --- [EventManagement] [           main] c.e.e.controller.EventController         : GET /api/events/1 - получение статистики мероприятия по ID
2025-12-20T14:48:55.787+03:00  INFO 10000 --- [EventManagement] [           main] c.e.e.controller.EventController         : Статистика мероприятия с id 1 найдена: забронированные билеты - 85, выручка - 127500.00
]]></system-out>
  </testcase>
  <testcase name="getEventById_WithValidId_ShouldReturnEvent" classname="com.example.eventmanagement.controller.EventControllerTest" time="0.05">
    <system-out><![CDATA[2025-12-20T14:48:55.877+03:00  INFO 10000 --- [EventManagement] [           main] c.e.e.controller.EventController         : GET /api/events/1 - получение мероприятия по ID
2025-12-20T14:48:55.878+03:00  INFO 10000 --- [EventManagement] [           main] c.e.e.controller.EventController         : Мероприятие с id 1 найдено: Концерт классической музыки
]]></system-out>
  </testcase>
  <testcase name="createEvent_WithDuplicateEvent_ShouldReturn409" classname="com.example.eventmanagement.controller.EventControllerTest" time="0.053">
    <system-out><![CDATA[2025-12-20T14:48:55.954+03:00  INFO 10000 --- [EventManagement] [           main] c.e.e.controller.EventController         : POST /api/events - создание мероприятия: Новый концерт (2026-02-18)
2025-12-20T14:48:55.959+03:00  WARN 10000 --- [EventManagement] [           main] c.e.e.exception.GlobalExceptionHandler   : Duplicate entity: Такое мероприятие уже существует: Новый концерт 2026-02-18
]]></system-out>
  </testcase>
  <testcase name="deleteEvent_WithValidId_ShouldReturn204" classname="com.example.eventmanagement.controller.EventControllerTest" time="0.035">
    <system-out><![CDATA[2025-12-20T14:48:55.997+03:00  INFO 10000 --- [EventManagement] [           main] c.e.e.controller.EventController         : DELETE /api/events/1 - удаление мероприятия
2025-12-20T14:48:55.999+03:00  INFO 10000 --- [EventManagement] [           main] c.e.e.controller.EventController         : Мероприятие с id 1 удалено
]]></system-out>
  </testcase>
  <testcase name="updateEventStatus_WithValidData_ShouldReturnUpdatedEvent" classname="com.example.eventmanagement.controller.EventControllerTest" time="0.053">
    <system-out><![CDATA[2025-12-20T14:48:56.052+03:00  INFO 10000 --- [EventManagement] [           main] c.e.e.controller.EventController         : PUT /api/events/1/status - обновление мероприятия на проходит
2025-12-20T14:48:56.054+03:00  INFO 10000 --- [EventManagement] [           main] c.e.e.controller.EventController         : У мероприятия с id 1 обновлен статус на: проходит
]]></system-out>
  </testcase>
  <testcase name="getAllEvents_WithEmptyDatabase_ShouldReturnEmptyList" classname="com.example.eventmanagement.controller.EventControllerTest" time="0.05">
    <system-out><![CDATA[2025-12-20T14:48:56.087+03:00  INFO 10000 --- [EventManagement] [           main] c.e.e.controller.EventController         : GET /api/events - получение списка всех мероприятий
2025-12-20T14:48:56.088+03:00 DEBUG 10000 --- [EventManagement] [           main] c.e.e.controller.EventController         : Найдено мероприятий: 0
]]></system-out>
  </testcase>
  <testcase name="createEvent_WithValidData_ShouldReturnCreatedEvent" classname="com.example.eventmanagement.controller.EventControllerTest" time="0.021">
    <system-out><![CDATA[2025-12-20T14:48:56.144+03:00  INFO 10000 --- [EventManagement] [           main] c.e.e.controller.EventController         : POST /api/events - создание мероприятия: Новый концерт (2026-02-18)
2025-12-20T14:48:56.146+03:00  INFO 10000 --- [EventManagement] [           main] c.e.e.controller.EventController         : Мероприятие создано с id 3: Новый концерт
]]></system-out>
  </testcase>
  <testcase name="createEvent_WithZeroTicketPrice_ShouldSucceed" classname="com.example.eventmanagement.controller.EventControllerTest" time="0.024">
    <system-out><![CDATA[2025-12-20T14:48:56.170+03:00  INFO 10000 --- [EventManagement] [           main] c.e.e.controller.EventController         : POST /api/events - создание мероприятия: Бесплатный концерт (2026-01-19)
2025-12-20T14:48:56.172+03:00  INFO 10000 --- [EventManagement] [           main] c.e.e.controller.EventController         : Мероприятие создано с id 4: Бесплатный концерт
]]></system-out>
  </testcase>
  <testcase name="getEventById_WithNonExistentId_ShouldReturn404" classname="com.example.eventmanagement.controller.EventControllerTest" time="0.026">
    <system-out><![CDATA[2025-12-20T14:48:56.200+03:00  INFO 10000 --- [EventManagement] [           main] c.e.e.controller.EventController         : GET /api/events/999 - получение мероприятия по ID
2025-12-20T14:48:56.204+03:00  WARN 10000 --- [EventManagement] [           main] c.e.e.exception.GlobalExceptionHandler   : Entity not found: Мероприятие с id 999 не найдено
]]></system-out>
  </testcase>
  <testcase name="updateEventStatus_WithEmptyBody_ShouldReturn400" classname="com.example.eventmanagement.controller.EventControllerTest" time="0.024">
    <system-out><![CDATA[2025-12-20T14:48:56.233+03:00  WARN 10000 --- [EventManagement] [           main] c.e.e.exception.GlobalExceptionHandler   : Invalid request: Required request body is missing: public org.springframework.http.ResponseEntity<com.example.eventmanagement.dto.EventDoneDto> com.example.eventmanagement.controller.EventController.updateEventStatus(java.lang.Long,com.example.eventmanagement.enums.EventStatus)
]]></system-out>
  </testcase>
  <testcase name="deleteEvent_WithActiveEvent_ShouldReturn400" classname="com.example.eventmanagement.controller.EventControllerTest" time="0.034">
    <system-out><![CDATA[2025-12-20T14:48:56.267+03:00  INFO 10000 --- [EventManagement] [           main] c.e.e.controller.EventController         : DELETE /api/events/1 - удаление мероприятия
2025-12-20T14:48:56.271+03:00  WARN 10000 --- [EventManagement] [           main] c.e.e.exception.GlobalExceptionHandler   : Business validation error: Это мероприятие с id 1 нельзя удалить, оно еще проходит или будет проходить
]]></system-out>
  </testcase>
  <testcase name="getAllEvents_ShouldReturnListOfEvents" classname="com.example.eventmanagement.controller.EventControllerTest" time="0.057">
    <system-out><![CDATA[2025-12-20T14:48:56.318+03:00  INFO 10000 --- [EventManagement] [           main] c.e.e.controller.EventController         : GET /api/events - получение списка всех мероприятий
2025-12-20T14:48:56.320+03:00 DEBUG 10000 --- [EventManagement] [           main] c.e.e.controller.EventController         : Найдено мероприятий: 2
]]></system-out>
  </testcase>
  <testcase name="updateEventStatus_WithNonExistentId_ShouldReturn404" classname="com.example.eventmanagement.controller.EventControllerTest" time="0.029">
    <system-out><![CDATA[2025-12-20T14:48:56.374+03:00  INFO 10000 --- [EventManagement] [           main] c.e.e.controller.EventController         : PUT /api/events/999/status - обновление мероприятия на запланировано
2025-12-20T14:48:56.378+03:00  WARN 10000 --- [EventManagement] [           main] c.e.e.exception.GlobalExceptionHandler   : Entity not found: Мероприятие по id 999 не найдено
]]></system-out>
  </testcase>
  <testcase name="createEvent_WithValidDataButNullDescription_ShouldSucceed" classname="com.example.eventmanagement.controller.EventControllerTest" time="0.022">
    <system-out><![CDATA[2025-12-20T14:48:56.406+03:00  INFO 10000 --- [EventManagement] [           main] c.e.e.controller.EventController         : POST /api/events - создание мероприятия: Концерт (2026-01-19)
2025-12-20T14:48:56.408+03:00  INFO 10000 --- [EventManagement] [           main] c.e.e.controller.EventController         : Мероприятие создано с id 5: Концерт
]]></system-out>
  </testcase>
  <testcase name="getEventStatisticsById_WithNonExistentId_ShouldReturn404" classname="com.example.eventmanagement.controller.EventControllerTest" time="0.028">
    <system-out><![CDATA[2025-12-20T14:48:56.437+03:00  INFO 10000 --- [EventManagement] [           main] c.e.e.controller.EventController         : GET /api/events/999 - получение статистики мероприятия по ID
2025-12-20T14:48:56.441+03:00  WARN 10000 --- [EventManagement] [           main] c.e.e.exception.GlobalExceptionHandler   : Entity not found: Мероприятие с id 999 не найдено
]]></system-out>
  </testcase>
  <testcase name="createEvent_WithInvalidData_ShouldReturn400" classname="com.example.eventmanagement.controller.EventControllerTest" time="0.036">
    <system-out><![CDATA[2025-12-20T14:48:56.477+03:00  WARN 10000 --- [EventManagement] [           main] c.e.e.exception.GlobalExceptionHandler   : Validation errors: [date: Дата должна быть будущей, ticketPrice: Цена билета должна быть больше или равна 0, name: Название не может быть пустым, numberOfSeats: Количество мест должно быть больше или равно 1]
]]></system-out>
  </testcase>
  <testcase name="updateEventStatus_WithInvalidStatusValue_ShouldReturn400" classname="com.example.eventmanagement.controller.EventControllerTest" time="0.024">
    <system-out><![CDATA[2025-12-20T14:48:56.520+03:00  WARN 10000 --- [EventManagement] [           main] c.e.e.exception.GlobalExceptionHandler   : Invalid request: Неизвестный статус: неизвестный статус
]]></system-out>
  </testcase>
  <testcase name="updateEventStatus_WithInvalidStatusTransition_ShouldReturn400" classname="com.example.eventmanagement.controller.EventControllerTest" time="0.015">
    <system-out><![CDATA[2025-12-20T14:48:56.542+03:00  INFO 10000 --- [EventManagement] [           main] c.e.e.controller.EventController         : PUT /api/events/1/status - обновление мероприятия на отменено
2025-12-20T14:48:56.544+03:00  WARN 10000 --- [EventManagement] [           main] c.e.e.exception.GlobalExceptionHandler   : Business validation error: Статус запланировано не может поменяться на отменено
]]></system-out>
  </testcase>
  <testcase name="createEvent_WithPastDate_ShouldReturn400" classname="com.example.eventmanagement.controller.EventControllerTest" time="0.015">
    <system-out><![CDATA[2025-12-20T14:48:56.562+03:00  INFO 10000 --- [EventManagement] [           main] c.e.e.controller.EventController         : POST /api/events - создание мероприятия: Новый концерт (2026-02-18)
2025-12-20T14:48:56.564+03:00  WARN 10000 --- [EventManagement] [           main] c.e.e.exception.GlobalExceptionHandler   : Business validation error: Нельзя создать мероприятие с прошедшей датой
]]></system-out>
  </testcase>
  <testcase name="createEvent_WithZeroSeats_ShouldReturn400" classname="com.example.eventmanagement.controller.EventControllerTest" time="0.015">
    <system-out><![CDATA[2025-12-20T14:48:56.581+03:00  WARN 10000 --- [EventManagement] [           main] c.e.e.exception.GlobalExceptionHandler   : Validation errors: [date: Дата должна быть будущей, numberOfSeats: Количество мест должно быть больше или равно 1]
]]></system-out>
  </testcase>
  <testcase name="deleteEvent_WithNonExistentId_ShouldReturn404" classname="com.example.eventmanagement.controller.EventControllerTest" time="0.016">
    <system-out><![CDATA[2025-12-20T14:48:56.600+03:00  INFO 10000 --- [EventManagement] [           main] c.e.e.controller.EventController         : DELETE /api/events/999 - удаление мероприятия
2025-12-20T14:48:56.601+03:00  WARN 10000 --- [EventManagement] [           main] c.e.e.exception.GlobalExceptionHandler   : Entity not found: Мероприятие с id 999 не найдено
]]></system-out>
  </testcase>
  <testcase name="createEvent_WithMissingRequiredFields_ShouldReturn400" classname="com.example.eventmanagement.controller.EventControllerTest" time="0.015">
    <system-out><![CDATA[2025-12-20T14:48:56.618+03:00  WARN 10000 --- [EventManagement] [           main] c.e.e.exception.GlobalExceptionHandler   : Validation errors: [name: Название не может быть пустым, date: Дата должна быть будущей, name: Название обязательно для заполнения]
]]></system-out>
  </testcase>
</testsuite>