<?xml version="1.0" encoding="UTF-8"?>
<testsuite xmlns:xsi="http://www.w3.org/2001/XMLSchema-instance" xsi:noNamespaceSchemaLocation="https://maven.apache.org/surefire/maven-surefire-plugin/xsd/surefire-test-report.xsd" version="3.0.2" name="com.example.eventmanagement.integration.e2e.EventManagementE2ETest" time="20.521" tests="7" errors="0" skipped="0" failures="0">
  <properties>
[...]
</properties>
  <testcase name="reservations_cancelAndCleanup" classname="com.example.eventmanagement.integration.e2e.EventManagementE2ETest" time="2.13">
    <system-out><![CDATA[14:52:40.165 [main] INFO org.springframework.test.context.support.AnnotationConfigContextLoaderUtils -- Could not detect default configuration classes for test class [com.example.eventmanagement.integration.e2e.EventManagementE2ETest]: EventManagementE2ETest does not declare any static, non-private, non-final, nested classes annotated with @Configuration.
14:52:40.703 [main] INFO org.springframework.boot.test.context.SpringBootTestContextBootstrapper -- Found @SpringBootConfiguration com.example.eventmanagement.EventManagementApplication for test class com.example.eventmanagement.integration.e2e.EventManagementE2ETest
2025-12-20T14:52:42.441+03:00  INFO 9332 --- [EventManagement] [           main] c.e.e.i.e2e.EventManagementE2ETest       : Starting EventManagementE2ETest using Java 21.0.8 with PID 9332 (started by Karina in D:\MyJava\for github\Java_Spring_EventManagement\EventManagement)
2025-12-20T14:52:42.444+03:00 DEBUG 9332 --- [EventManagement] [           main] c.e.e.i.e2e.EventManagementE2ETest       : Running with Spring Boot v3.5.7, Spring v6.2.12
2025-12-20T14:52:42.445+03:00  INFO 9332 --- [EventManagement] [           main] c.e.e.i.e2e.EventManagementE2ETest       : The following 1 profile is active: "prod"
2025-12-20T14:52:46.287+03:00  INFO 9332 --- [EventManagement] [           main] o.apache.catalina.core.StandardService   : Starting service [Tomcat]
2025-12-20T14:52:46.287+03:00  INFO 9332 --- [EventManagement] [           main] o.apache.catalina.core.StandardEngine    : Starting Servlet engine: [Apache Tomcat/10.1.48]
2025-12-20T14:52:46.415+03:00  INFO 9332 --- [EventManagement] [           main] o.a.c.c.C.[Tomcat].[localhost].[/]       : Initializing Spring embedded WebApplicationContext
2025-12-20T14:52:48.409+03:00  WARN 9332 --- [EventManagement] [           main] org.hibernate.orm.deprecation            : HHH90000021: Encountered deprecated setting [hibernate.temp.use_jdbc_metadata_defaults], use [hibernate.boot.allow_jdbc_metadata_access] instead
2025-12-20T14:52:48.493+03:00  WARN 9332 --- [EventManagement] [           main] org.hibernate.orm.deprecation            : HHH90000025: PostgreSQLDialect does not need to be specified explicitly using 'hibernate.dialect' (remove the property setting and it will be selected by default)
2025-12-20T14:52:51.793+03:00 DEBUG 9332 --- [EventManagement] [           main] org.hibernate.SQL                        : 
    set client_min_messages = WARNING
Hibernate: 
    set client_min_messages = WARNING
2025-12-20T14:52:51.795+03:00  INFO 9332 --- [EventManagement] [           main] com.zaxxer.hikari.HikariDataSource       : HikariPool-1 - Starting...
2025-12-20T14:52:52.085+03:00  INFO 9332 --- [EventManagement] [           main] com.zaxxer.hikari.pool.HikariPool        : HikariPool-1 - Added connection org.postgresql.jdbc.PgConnection@375575e2
2025-12-20T14:52:52.087+03:00  INFO 9332 --- [EventManagement] [           main] com.zaxxer.hikari.HikariDataSource       : HikariPool-1 - Start completed.
2025-12-20T14:52:52.094+03:00 DEBUG 9332 --- [EventManagement] [           main] org.hibernate.SQL                        : 
    alter table if exists clients 
       drop constraint if exists FKt1bl0t3m5aw25yqxwusroqtot
Hibernate: 
    alter table if exists clients 
       drop constraint if exists FKt1bl0t3m5aw25yqxwusroqtot
2025-12-20T14:52:52.109+03:00 DEBUG 9332 --- [EventManagement] [           main] org.hibernate.SQL                        : 
    alter table if exists ticket_reservations 
       drop constraint if exists FK9a3lo2x3fo97ls7srey2t1h0b
Hibernate: 
    alter table if exists ticket_reservations 
       drop constraint if exists FK9a3lo2x3fo97ls7srey2t1h0b
2025-12-20T14:52:52.111+03:00 DEBUG 9332 --- [EventManagement] [           main] org.hibernate.SQL                        : 
    alter table if exists ticket_reservations 
       drop constraint if exists FKcotij3bbsk2md3qnvbqh5tbsw
Hibernate: 
    alter table if exists ticket_reservations 
       drop constraint if exists FKcotij3bbsk2md3qnvbqh5tbsw
2025-12-20T14:52:52.114+03:00 DEBUG 9332 --- [EventManagement] [           main] org.hibernate.SQL                        : 
    drop table if exists clients cascade
Hibernate: 
    drop table if exists clients cascade
2025-12-20T14:52:52.129+03:00 DEBUG 9332 --- [EventManagement] [           main] org.hibernate.SQL                        : 
    drop table if exists events cascade
Hibernate: 
    drop table if exists events cascade
2025-12-20T14:52:52.135+03:00 DEBUG 9332 --- [EventManagement] [           main] org.hibernate.SQL                        : 
    drop table if exists passports cascade
Hibernate: 
    drop table if exists passports cascade
2025-12-20T14:52:52.143+03:00 DEBUG 9332 --- [EventManagement] [           main] org.hibernate.SQL                        : 
    drop table if exists ticket_reservations cascade
Hibernate: 
    drop table if exists ticket_reservations cascade
2025-12-20T14:52:52.164+03:00 DEBUG 9332 --- [EventManagement] [           main] org.hibernate.SQL                        : 
    create table clients (
        created_at timestamp(6) not null,
        id bigint generated by default as identity,
        passport_id bigint not null unique,
        updated_at timestamp(6) not null,
        email varchar(255),
        full_name varchar(255) not null,
        phone_number varchar(255) not null,
        primary key (id),
        unique (phone_number),
        unique (email)
    )
Hibernate: 
    create table clients (
        created_at timestamp(6) not null,
        id bigint generated by default as identity,
        passport_id bigint not null unique,
        updated_at timestamp(6) not null,
        email varchar(255),
        full_name varchar(255) not null,
        phone_number varchar(255) not null,
        primary key (id),
        unique (phone_number),
        unique (email)
    )
2025-12-20T14:52:52.195+03:00 DEBUG 9332 --- [EventManagement] [           main] org.hibernate.SQL                        : 
    create table events (
        date date not null,
        number_of_seats integer not null,
        ticket_price numeric(38,2) not null,
        created_at timestamp(6) not null,
        id bigint generated by default as identity,
        updated_at timestamp(6) not null,
        description varchar(255),
        name varchar(255) not null,
        status varchar(255),
        primary key (id),
        unique (name, date)
    )
Hibernate: 
    create table events (
        date date not null,
        number_of_seats integer not null,
        ticket_price numeric(38,2) not null,
        created_at timestamp(6) not null,
        id bigint generated by default as identity,
        updated_at timestamp(6) not null,
        description varchar(255),
        name varchar(255) not null,
        status varchar(255),
        primary key (id),
        unique (name, date)
    )
2025-12-20T14:52:52.210+03:00 DEBUG 9332 --- [EventManagement] [           main] org.hibernate.SQL                        : 
    create table passports (
        created_at timestamp(6) not null,
        id bigint generated by default as identity,
        number varchar(255) not null,
        series varchar(255) not null,
        primary key (id),
        unique (series, number)
    )
Hibernate: 
    create table passports (
        created_at timestamp(6) not null,
        id bigint generated by default as identity,
        number varchar(255) not null,
        series varchar(255) not null,
        primary key (id),
        unique (series, number)
    )
2025-12-20T14:52:52.219+03:00 DEBUG 9332 --- [EventManagement] [           main] org.hibernate.SQL                        : 
    create table ticket_reservations (
        number_of_tickets integer not null,
        client_id bigint not null,
        created_at timestamp(6) not null,
        event_id bigint not null,
        id bigint generated by default as identity,
        updated_at timestamp(6) not null,
        booking_status varchar(255) not null,
        primary key (id)
    )
Hibernate: 
    create table ticket_reservations (
        number_of_tickets integer not null,
        client_id bigint not null,
        created_at timestamp(6) not null,
        event_id bigint not null,
        id bigint generated by default as identity,
        updated_at timestamp(6) not null,
        booking_status varchar(255) not null,
        primary key (id)
    )
2025-12-20T14:52:52.228+03:00 DEBUG 9332 --- [EventManagement] [           main] org.hibernate.SQL                        : 
    alter table if exists clients 
       add constraint FKt1bl0t3m5aw25yqxwusroqtot 
       foreign key (passport_id) 
       references passports
Hibernate: 
    alter table if exists clients 
       add constraint FKt1bl0t3m5aw25yqxwusroqtot 
       foreign key (passport_id) 
       references passports
2025-12-20T14:52:52.240+03:00 DEBUG 9332 --- [EventManagement] [           main] org.hibernate.SQL                        : 
    alter table if exists ticket_reservations 
       add constraint FK9a3lo2x3fo97ls7srey2t1h0b 
       foreign key (client_id) 
       references clients
Hibernate: 
    alter table if exists ticket_reservations 
       add constraint FK9a3lo2x3fo97ls7srey2t1h0b 
       foreign key (client_id) 
       references clients
2025-12-20T14:52:52.244+03:00 DEBUG 9332 --- [EventManagement] [           main] org.hibernate.SQL                        : 
    alter table if exists ticket_reservations 
       add constraint FKcotij3bbsk2md3qnvbqh5tbsw 
       foreign key (event_id) 
       references events
Hibernate: 
    alter table if exists ticket_reservations 
       add constraint FKcotij3bbsk2md3qnvbqh5tbsw 
       foreign key (event_id) 
       references events
2025-12-20T14:52:55.816+03:00  WARN 9332 --- [EventManagement] [           main] JpaBaseConfiguration$JpaWebConfiguration : spring.jpa.open-in-view is enabled by default. Therefore, database queries may be performed during view rendering. Explicitly configure spring.jpa.open-in-view to disable this warning
2025-12-20T14:52:56.977+03:00  INFO 9332 --- [EventManagement] [           main] c.e.e.i.e2e.EventManagementE2ETest       : Started EventManagementE2ETest in 15.586 seconds (process running for 19.263)
2025-12-20T14:52:57.776+03:00  INFO 9332 --- [EventManagement] [o-auto-1-exec-2] o.a.c.c.C.[Tomcat].[localhost].[/]       : Initializing Spring DispatcherServlet 'dispatcherServlet'
2025-12-20T14:52:58.014+03:00  INFO 9332 --- [EventManagement] [o-auto-1-exec-2] c.e.e.controller.ClientController        : POST /api/clients - создание клиента: Клиент Для Отмены (cancel.e2e@example.com)
2025-12-20T14:52:58.034+03:00  INFO 9332 --- [EventManagement] [o-auto-1-exec-2] c.e.e.service.ClientService              : Создание клиента: cancel.e2e@example.com
2025-12-20T14:52:58.212+03:00 DEBUG 9332 --- [EventManagement] [o-auto-1-exec-2] org.hibernate.SQL                        : 
    select
        c1_0.id 
    from
        clients c1_0 
    where
        c1_0.phone_number=? 
    fetch
        first ? rows only
Hibernate: 
    select
        c1_0.id 
    from
        clients c1_0 
    where
        c1_0.phone_number=? 
    fetch
        first ? rows only
2025-12-20T14:52:58.285+03:00 DEBUG 9332 --- [EventManagement] [o-auto-1-exec-2] org.hibernate.SQL                        : 
    select
        p1_0.id 
    from
        passports p1_0 
    where
        p1_0.series=? 
        and p1_0.number=? 
    fetch
        first ? rows only
Hibernate: 
    select
        p1_0.id 
    from
        passports p1_0 
    where
        p1_0.series=? 
        and p1_0.number=? 
    fetch
        first ? rows only
2025-12-20T14:52:58.345+03:00 DEBUG 9332 --- [EventManagement] [o-auto-1-exec-2] org.hibernate.SQL                        : 
    insert 
    into
        passports
        (created_at, number, series) 
    values
        (?, ?, ?)
Hibernate: 
    insert 
    into
        passports
        (created_at, number, series) 
    values
        (?, ?, ?)
2025-12-20T14:52:58.394+03:00 DEBUG 9332 --- [EventManagement] [o-auto-1-exec-2] org.hibernate.SQL                        : 
    insert 
    into
        clients
        (created_at, email, full_name, passport_id, phone_number, updated_at) 
    values
        (?, ?, ?, ?, ?, ?)
Hibernate: 
    insert 
    into
        clients
        (created_at, email, full_name, passport_id, phone_number, updated_at) 
    values
        (?, ?, ?, ?, ?, ?)
2025-12-20T14:52:58.400+03:00  INFO 9332 --- [EventManagement] [o-auto-1-exec-2] c.e.e.service.ClientService              : Клиент создан с ID: 8
2025-12-20T14:52:58.442+03:00  INFO 9332 --- [EventManagement] [o-auto-1-exec-2] c.e.e.controller.ClientController        : Клиент создан с id 8: Клиент Для Отмены
2025-12-20T14:52:58.691+03:00  INFO 9332 --- [EventManagement] [o-auto-1-exec-1] c.e.e.controller.EventController         : POST /api/events - создание мероприятия: E2E Событие для отмены (2026-01-19)
2025-12-20T14:52:58.692+03:00  INFO 9332 --- [EventManagement] [o-auto-1-exec-1] c.e.e.service.EventService               : Создание мероприятия: E2E Событие для отмены
2025-12-20T14:52:58.698+03:00 DEBUG 9332 --- [EventManagement] [o-auto-1-exec-1] org.hibernate.SQL                        : 
    select
        e1_0.id 
    from
        events e1_0 
    where
        e1_0.name=? 
        and e1_0.date=? 
    fetch
        first ? rows only
Hibernate: 
    select
        e1_0.id 
    from
        events e1_0 
    where
        e1_0.name=? 
        and e1_0.date=? 
    fetch
        first ? rows only
2025-12-20T14:52:58.705+03:00 DEBUG 9332 --- [EventManagement] [o-auto-1-exec-1] org.hibernate.SQL                        : 
    insert 
    into
        events
        (created_at, date, description, name, number_of_seats, status, ticket_price, updated_at) 
    values
        (?, ?, ?, ?, ?, ?, ?, ?)
Hibernate: 
    insert 
    into
        events
        (created_at, date, description, name, number_of_seats, status, ticket_price, updated_at) 
    values
        (?, ?, ?, ?, ?, ?, ?, ?)
2025-12-20T14:52:58.709+03:00  INFO 9332 --- [EventManagement] [o-auto-1-exec-1] c.e.e.service.EventService               : Мероприятие создано с ID: 7
2025-12-20T14:52:58.712+03:00  INFO 9332 --- [EventManagement] [o-auto-1-exec-1] c.e.e.controller.EventController         : Мероприятие создано с id 7: E2E Событие для отмены
2025-12-20T14:52:58.775+03:00  INFO 9332 --- [EventManagement] [o-auto-1-exec-3] c.e.e.c.TicketReservationController      : POST /api/ticketReservations - создание бронирования id клиента 8 и id мероприятия 7
2025-12-20T14:52:58.775+03:00  INFO 9332 --- [EventManagement] [o-auto-1-exec-3] c.e.e.service.TicketReservationService   : Создание бронирования для клиента 8 на мероприятие 7
2025-12-20T14:52:58.791+03:00 DEBUG 9332 --- [EventManagement] [o-auto-1-exec-3] org.hibernate.SQL                        : 
    select
        c1_0.id,
        c1_0.created_at,
        c1_0.email,
        c1_0.full_name,
        c1_0.passport_id,
        p1_0.id,
        p1_0.created_at,
        p1_0.number,
        p1_0.series,
        c1_0.phone_number,
        c1_0.updated_at 
    from
        clients c1_0 
    join
        passports p1_0 
            on p1_0.id=c1_0.passport_id 
    where
        c1_0.id=?
Hibernate: 
    select
        c1_0.id,
        c1_0.created_at,
        c1_0.email,
        c1_0.full_name,
        c1_0.passport_id,
        p1_0.id,
        p1_0.created_at,
        p1_0.number,
        p1_0.series,
        c1_0.phone_number,
        c1_0.updated_at 
    from
        clients c1_0 
    join
        passports p1_0 
            on p1_0.id=c1_0.passport_id 
    where
        c1_0.id=?
2025-12-20T14:52:58.825+03:00 DEBUG 9332 --- [EventManagement] [o-auto-1-exec-3] org.hibernate.SQL                        : 
    select
        e1_0.id,
        e1_0.created_at,
        e1_0.date,
        e1_0.description,
        e1_0.name,
        e1_0.number_of_seats,
        e1_0.status,
        e1_0.ticket_price,
        e1_0.updated_at 
    from
        events e1_0 
    where
        e1_0.id=?
Hibernate: 
    select
        e1_0.id,
        e1_0.created_at,
        e1_0.date,
        e1_0.description,
        e1_0.name,
        e1_0.number_of_seats,
        e1_0.status,
        e1_0.ticket_price,
        e1_0.updated_at 
    from
        events e1_0 
    where
        e1_0.id=?
2025-12-20T14:52:58.857+03:00 DEBUG 9332 --- [EventManagement] [o-auto-1-exec-3] org.hibernate.SQL                        : 
    select
        coalesce(sum(tr1_0.number_of_tickets), 0) 
    from
        ticket_reservations tr1_0 
    where
        tr1_0.event_id=? 
        and (
            tr1_0.booking_status='подтверждено' 
            or tr1_0.booking_status='ожидает подтверждения'
        )
Hibernate: 
    select
        coalesce(sum(tr1_0.number_of_tickets), 0) 
    from
        ticket_reservations tr1_0 
    where
        tr1_0.event_id=? 
        and (
            tr1_0.booking_status='подтверждено' 
            or tr1_0.booking_status='ожидает подтверждения'
        )
2025-12-20T14:52:58.864+03:00 DEBUG 9332 --- [EventManagement] [o-auto-1-exec-3] org.hibernate.SQL                        : 
    insert 
    into
        ticket_reservations
        (booking_status, client_id, created_at, event_id, number_of_tickets, updated_at) 
    values
        (?, ?, ?, ?, ?, ?)
Hibernate: 
    insert 
    into
        ticket_reservations
        (booking_status, client_id, created_at, event_id, number_of_tickets, updated_at) 
    values
        (?, ?, ?, ?, ?, ?)
2025-12-20T14:52:58.867+03:00  INFO 9332 --- [EventManagement] [o-auto-1-exec-3] c.e.e.service.TicketReservationService   : Бронирование создано с ID: 8
2025-12-20T14:52:58.874+03:00  INFO 9332 --- [EventManagement] [o-auto-1-exec-3] c.e.e.c.TicketReservationController      : Бронирование создано с id 8: id клиента 8 и id мероприятия 7
2025-12-20T14:52:58.898+03:00  INFO 9332 --- [EventManagement] [o-auto-1-exec-4] c.e.e.c.TicketReservationController      : PUT /api/ticketReservations/8/cancel - отмена бронирования
2025-12-20T14:52:58.899+03:00  INFO 9332 --- [EventManagement] [o-auto-1-exec-4] c.e.e.service.TicketReservationService   : Отмена бронирования с ID: 8
2025-12-20T14:52:58.900+03:00 DEBUG 9332 --- [EventManagement] [o-auto-1-exec-4] org.hibernate.SQL                        : 
    select
        tr1_0.id,
        tr1_0.booking_status,
        tr1_0.client_id,
        c1_0.id,
        c1_0.created_at,
        c1_0.email,
        c1_0.full_name,
        c1_0.passport_id,
        p1_0.id,
        p1_0.created_at,
        p1_0.number,
        p1_0.series,
        c1_0.phone_number,
        c1_0.updated_at,
        tr1_0.created_at,
        tr1_0.event_id,
        e1_0.id,
        e1_0.created_at,
        e1_0.date,
        e1_0.description,
        e1_0.name,
        e1_0.number_of_seats,
        e1_0.status,
        e1_0.ticket_price,
        e1_0.updated_at,
        tr1_0.number_of_tickets,
        tr1_0.updated_at 
    from
        ticket_reservations tr1_0 
    join
        clients c1_0 
            on c1_0.id=tr1_0.client_id 
    join
        passports p1_0 
            on p1_0.id=c1_0.passport_id 
    join
        events e1_0 
            on e1_0.id=tr1_0.event_id 
    where
        tr1_0.id=?
Hibernate: 
    select
        tr1_0.id,
        tr1_0.booking_status,
        tr1_0.client_id,
        c1_0.id,
        c1_0.created_at,
        c1_0.email,
        c1_0.full_name,
        c1_0.passport_id,
        p1_0.id,
        p1_0.created_at,
        p1_0.number,
        p1_0.series,
        c1_0.phone_number,
        c1_0.updated_at,
        tr1_0.created_at,
        tr1_0.event_id,
        e1_0.id,
        e1_0.created_at,
        e1_0.date,
        e1_0.description,
        e1_0.name,
        e1_0.number_of_seats,
        e1_0.status,
        e1_0.ticket_price,
        e1_0.updated_at,
        tr1_0.number_of_tickets,
        tr1_0.updated_at 
    from
        ticket_reservations tr1_0 
    join
        clients c1_0 
            on c1_0.id=tr1_0.client_id 
    join
        passports p1_0 
            on p1_0.id=c1_0.passport_id 
    join
        events e1_0 
            on e1_0.id=tr1_0.event_id 
    where
        tr1_0.id=?
2025-12-20T14:52:58.909+03:00  INFO 9332 --- [EventManagement] [o-auto-1-exec-4] c.e.e.service.TicketReservationService   : Бронирование с ID 8 отменено
2025-12-20T14:52:58.918+03:00 DEBUG 9332 --- [EventManagement] [o-auto-1-exec-4] org.hibernate.SQL                        : 
    update
        ticket_reservations 
    set
        booking_status=?,
        client_id=?,
        event_id=?,
        number_of_tickets=?,
        updated_at=? 
    where
        id=?
Hibernate: 
    update
        ticket_reservations 
    set
        booking_status=?,
        client_id=?,
        event_id=?,
        number_of_tickets=?,
        updated_at=? 
    where
        id=?
2025-12-20T14:52:58.923+03:00  INFO 9332 --- [EventManagement] [o-auto-1-exec-4] c.e.e.c.TicketReservationController      : Бронирование с id 8 было отменено
2025-12-20T14:52:58.937+03:00  INFO 9332 --- [EventManagement] [o-auto-1-exec-5] c.e.e.c.TicketReservationController      : GET /api/ticketReservations - получение списка всех бронирований
2025-12-20T14:52:58.937+03:00 DEBUG 9332 --- [EventManagement] [o-auto-1-exec-5] c.e.e.service.TicketReservationService   : Получение списка всех бронирований
2025-12-20T14:52:58.946+03:00 DEBUG 9332 --- [EventManagement] [o-auto-1-exec-5] org.hibernate.SQL                        : 
    select
        tr1_0.id,
        tr1_0.booking_status,
        tr1_0.client_id,
        tr1_0.created_at,
        tr1_0.event_id,
        tr1_0.number_of_tickets,
        tr1_0.updated_at 
    from
        ticket_reservations tr1_0
Hibernate: 
    select
        tr1_0.id,
        tr1_0.booking_status,
        tr1_0.client_id,
        tr1_0.created_at,
        tr1_0.event_id,
        tr1_0.number_of_tickets,
        tr1_0.updated_at 
    from
        ticket_reservations tr1_0
2025-12-20T14:52:58.956+03:00 DEBUG 9332 --- [EventManagement] [o-auto-1-exec-5] org.hibernate.SQL                        : 
    select
        c1_0.id,
        c1_0.created_at,
        c1_0.email,
        c1_0.full_name,
        c1_0.passport_id,
        p1_0.id,
        p1_0.created_at,
        p1_0.number,
        p1_0.series,
        c1_0.phone_number,
        c1_0.updated_at 
    from
        clients c1_0 
    join
        passports p1_0 
            on p1_0.id=c1_0.passport_id 
    where
        c1_0.id=?
Hibernate: 
    select
        c1_0.id,
        c1_0.created_at,
        c1_0.email,
        c1_0.full_name,
        c1_0.passport_id,
        p1_0.id,
        p1_0.created_at,
        p1_0.number,
        p1_0.series,
        c1_0.phone_number,
        c1_0.updated_at 
    from
        clients c1_0 
    join
        passports p1_0 
            on p1_0.id=c1_0.passport_id 
    where
        c1_0.id=?
2025-12-20T14:52:58.959+03:00 DEBUG 9332 --- [EventManagement] [o-auto-1-exec-5] org.hibernate.SQL                        : 
    select
        e1_0.id,
        e1_0.created_at,
        e1_0.date,
        e1_0.description,
        e1_0.name,
        e1_0.number_of_seats,
        e1_0.status,
        e1_0.ticket_price,
        e1_0.updated_at 
    from
        events e1_0 
    where
        e1_0.id=?
Hibernate: 
    select
        e1_0.id,
        e1_0.created_at,
        e1_0.date,
        e1_0.description,
        e1_0.name,
        e1_0.number_of_seats,
        e1_0.status,
        e1_0.ticket_price,
        e1_0.updated_at 
    from
        events e1_0 
    where
        e1_0.id=?
2025-12-20T14:52:58.961+03:00 DEBUG 9332 --- [EventManagement] [o-auto-1-exec-5] org.hibernate.SQL                        : 
    select
        c1_0.id,
        c1_0.created_at,
        c1_0.email,
        c1_0.full_name,
        c1_0.passport_id,
        p1_0.id,
        p1_0.created_at,
        p1_0.number,
        p1_0.series,
        c1_0.phone_number,
        c1_0.updated_at 
    from
        clients c1_0 
    join
        passports p1_0 
            on p1_0.id=c1_0.passport_id 
    where
        c1_0.id=?
Hibernate: 
    select
        c1_0.id,
        c1_0.created_at,
        c1_0.email,
        c1_0.full_name,
        c1_0.passport_id,
        p1_0.id,
        p1_0.created_at,
        p1_0.number,
        p1_0.series,
        c1_0.phone_number,
        c1_0.updated_at 
    from
        clients c1_0 
    join
        passports p1_0 
            on p1_0.id=c1_0.passport_id 
    where
        c1_0.id=?
2025-12-20T14:52:58.964+03:00 DEBUG 9332 --- [EventManagement] [o-auto-1-exec-5] org.hibernate.SQL                        : 
    select
        c1_0.id,
        c1_0.created_at,
        c1_0.email,
        c1_0.full_name,
        c1_0.passport_id,
        p1_0.id,
        p1_0.created_at,
        p1_0.number,
        p1_0.series,
        c1_0.phone_number,
        c1_0.updated_at 
    from
        clients c1_0 
    join
        passports p1_0 
            on p1_0.id=c1_0.passport_id 
    where
        c1_0.id=?
Hibernate: 
    select
        c1_0.id,
        c1_0.created_at,
        c1_0.email,
        c1_0.full_name,
        c1_0.passport_id,
        p1_0.id,
        p1_0.created_at,
        p1_0.number,
        p1_0.series,
        c1_0.phone_number,
        c1_0.updated_at 
    from
        clients c1_0 
    join
        passports p1_0 
            on p1_0.id=c1_0.passport_id 
    where
        c1_0.id=?
2025-12-20T14:52:58.966+03:00 DEBUG 9332 --- [EventManagement] [o-auto-1-exec-5] org.hibernate.SQL                        : 
    select
        e1_0.id,
        e1_0.created_at,
        e1_0.date,
        e1_0.description,
        e1_0.name,
        e1_0.number_of_seats,
        e1_0.status,
        e1_0.ticket_price,
        e1_0.updated_at 
    from
        events e1_0 
    where
        e1_0.id=?
Hibernate: 
    select
        e1_0.id,
        e1_0.created_at,
        e1_0.date,
        e1_0.description,
        e1_0.name,
        e1_0.number_of_seats,
        e1_0.status,
        e1_0.ticket_price,
        e1_0.updated_at 
    from
        events e1_0 
    where
        e1_0.id=?
2025-12-20T14:52:58.969+03:00 DEBUG 9332 --- [EventManagement] [o-auto-1-exec-5] org.hibernate.SQL                        : 
    select
        c1_0.id,
        c1_0.created_at,
        c1_0.email,
        c1_0.full_name,
        c1_0.passport_id,
        p1_0.id,
        p1_0.created_at,
        p1_0.number,
        p1_0.series,
        c1_0.phone_number,
        c1_0.updated_at 
    from
        clients c1_0 
    join
        passports p1_0 
            on p1_0.id=c1_0.passport_id 
    where
        c1_0.id=?
Hibernate: 
    select
        c1_0.id,
        c1_0.created_at,
        c1_0.email,
        c1_0.full_name,
        c1_0.passport_id,
        p1_0.id,
        p1_0.created_at,
        p1_0.number,
        p1_0.series,
        c1_0.phone_number,
        c1_0.updated_at 
    from
        clients c1_0 
    join
        passports p1_0 
            on p1_0.id=c1_0.passport_id 
    where
        c1_0.id=?
2025-12-20T14:52:58.973+03:00 DEBUG 9332 --- [EventManagement] [o-auto-1-exec-5] org.hibernate.SQL                        : 
    select
        e1_0.id,
        e1_0.created_at,
        e1_0.date,
        e1_0.description,
        e1_0.name,
        e1_0.number_of_seats,
        e1_0.status,
        e1_0.ticket_price,
        e1_0.updated_at 
    from
        events e1_0 
    where
        e1_0.id=?
Hibernate: 
    select
        e1_0.id,
        e1_0.created_at,
        e1_0.date,
        e1_0.description,
        e1_0.name,
        e1_0.number_of_seats,
        e1_0.status,
        e1_0.ticket_price,
        e1_0.updated_at 
    from
        events e1_0 
    where
        e1_0.id=?
2025-12-20T14:52:58.976+03:00 DEBUG 9332 --- [EventManagement] [o-auto-1-exec-5] org.hibernate.SQL                        : 
    select
        c1_0.id,
        c1_0.created_at,
        c1_0.email,
        c1_0.full_name,
        c1_0.passport_id,
        p1_0.id,
        p1_0.created_at,
        p1_0.number,
        p1_0.series,
        c1_0.phone_number,
        c1_0.updated_at 
    from
        clients c1_0 
    join
        passports p1_0 
            on p1_0.id=c1_0.passport_id 
    where
        c1_0.id=?
Hibernate: 
    select
        c1_0.id,
        c1_0.created_at,
        c1_0.email,
        c1_0.full_name,
        c1_0.passport_id,
        p1_0.id,
        p1_0.created_at,
        p1_0.number,
        p1_0.series,
        c1_0.phone_number,
        c1_0.updated_at 
    from
        clients c1_0 
    join
        passports p1_0 
            on p1_0.id=c1_0.passport_id 
    where
        c1_0.id=?
2025-12-20T14:52:58.981+03:00 DEBUG 9332 --- [EventManagement] [o-auto-1-exec-5] org.hibernate.SQL                        : 
    select
        e1_0.id,
        e1_0.created_at,
        e1_0.date,
        e1_0.description,
        e1_0.name,
        e1_0.number_of_seats,
        e1_0.status,
        e1_0.ticket_price,
        e1_0.updated_at 
    from
        events e1_0 
    where
        e1_0.id=?
Hibernate: 
    select
        e1_0.id,
        e1_0.created_at,
        e1_0.date,
        e1_0.description,
        e1_0.name,
        e1_0.number_of_seats,
        e1_0.status,
        e1_0.ticket_price,
        e1_0.updated_at 
    from
        events e1_0 
    where
        e1_0.id=?
2025-12-20T14:52:58.984+03:00 DEBUG 9332 --- [EventManagement] [o-auto-1-exec-5] org.hibernate.SQL                        : 
    select
        c1_0.id,
        c1_0.created_at,
        c1_0.email,
        c1_0.full_name,
        c1_0.passport_id,
        p1_0.id,
        p1_0.created_at,
        p1_0.number,
        p1_0.series,
        c1_0.phone_number,
        c1_0.updated_at 
    from
        clients c1_0 
    join
        passports p1_0 
            on p1_0.id=c1_0.passport_id 
    where
        c1_0.id=?
Hibernate: 
    select
        c1_0.id,
        c1_0.created_at,
        c1_0.email,
        c1_0.full_name,
        c1_0.passport_id,
        p1_0.id,
        p1_0.created_at,
        p1_0.number,
        p1_0.series,
        c1_0.phone_number,
        c1_0.updated_at 
    from
        clients c1_0 
    join
        passports p1_0 
            on p1_0.id=c1_0.passport_id 
    where
        c1_0.id=?
2025-12-20T14:52:58.986+03:00 DEBUG 9332 --- [EventManagement] [o-auto-1-exec-5] org.hibernate.SQL                        : 
    select
        e1_0.id,
        e1_0.created_at,
        e1_0.date,
        e1_0.description,
        e1_0.name,
        e1_0.number_of_seats,
        e1_0.status,
        e1_0.ticket_price,
        e1_0.updated_at 
    from
        events e1_0 
    where
        e1_0.id=?
Hibernate: 
    select
        e1_0.id,
        e1_0.created_at,
        e1_0.date,
        e1_0.description,
        e1_0.name,
        e1_0.number_of_seats,
        e1_0.status,
        e1_0.ticket_price,
        e1_0.updated_at 
    from
        events e1_0 
    where
        e1_0.id=?
2025-12-20T14:52:58.989+03:00 DEBUG 9332 --- [EventManagement] [o-auto-1-exec-5] org.hibernate.SQL                        : 
    select
        c1_0.id,
        c1_0.created_at,
        c1_0.email,
        c1_0.full_name,
        c1_0.passport_id,
        p1_0.id,
        p1_0.created_at,
        p1_0.number,
        p1_0.series,
        c1_0.phone_number,
        c1_0.updated_at 
    from
        clients c1_0 
    join
        passports p1_0 
            on p1_0.id=c1_0.passport_id 
    where
        c1_0.id=?
Hibernate: 
    select
        c1_0.id,
        c1_0.created_at,
        c1_0.email,
        c1_0.full_name,
        c1_0.passport_id,
        p1_0.id,
        p1_0.created_at,
        p1_0.number,
        p1_0.series,
        c1_0.phone_number,
        c1_0.updated_at 
    from
        clients c1_0 
    join
        passports p1_0 
            on p1_0.id=c1_0.passport_id 
    where
        c1_0.id=?
2025-12-20T14:52:58.992+03:00 DEBUG 9332 --- [EventManagement] [o-auto-1-exec-5] org.hibernate.SQL                        : 
    select
        e1_0.id,
        e1_0.created_at,
        e1_0.date,
        e1_0.description,
        e1_0.name,
        e1_0.number_of_seats,
        e1_0.status,
        e1_0.ticket_price,
        e1_0.updated_at 
    from
        events e1_0 
    where
        e1_0.id=?
Hibernate: 
    select
        e1_0.id,
        e1_0.created_at,
        e1_0.date,
        e1_0.description,
        e1_0.name,
        e1_0.number_of_seats,
        e1_0.status,
        e1_0.ticket_price,
        e1_0.updated_at 
    from
        events e1_0 
    where
        e1_0.id=?
2025-12-20T14:52:58.994+03:00 DEBUG 9332 --- [EventManagement] [o-auto-1-exec-5] org.hibernate.SQL                        : 
    select
        c1_0.id,
        c1_0.created_at,
        c1_0.email,
        c1_0.full_name,
        c1_0.passport_id,
        p1_0.id,
        p1_0.created_at,
        p1_0.number,
        p1_0.series,
        c1_0.phone_number,
        c1_0.updated_at 
    from
        clients c1_0 
    join
        passports p1_0 
            on p1_0.id=c1_0.passport_id 
    where
        c1_0.id=?
Hibernate: 
    select
        c1_0.id,
        c1_0.created_at,
        c1_0.email,
        c1_0.full_name,
        c1_0.passport_id,
        p1_0.id,
        p1_0.created_at,
        p1_0.number,
        p1_0.series,
        c1_0.phone_number,
        c1_0.updated_at 
    from
        clients c1_0 
    join
        passports p1_0 
            on p1_0.id=c1_0.passport_id 
    where
        c1_0.id=?
2025-12-20T14:52:58.997+03:00 DEBUG 9332 --- [EventManagement] [o-auto-1-exec-5] org.hibernate.SQL                        : 
    select
        e1_0.id,
        e1_0.created_at,
        e1_0.date,
        e1_0.description,
        e1_0.name,
        e1_0.number_of_seats,
        e1_0.status,
        e1_0.ticket_price,
        e1_0.updated_at 
    from
        events e1_0 
    where
        e1_0.id=?
Hibernate: 
    select
        e1_0.id,
        e1_0.created_at,
        e1_0.date,
        e1_0.description,
        e1_0.name,
        e1_0.number_of_seats,
        e1_0.status,
        e1_0.ticket_price,
        e1_0.updated_at 
    from
        events e1_0 
    where
        e1_0.id=?
2025-12-20T14:52:59.003+03:00 DEBUG 9332 --- [EventManagement] [o-auto-1-exec-5] c.e.e.c.TicketReservationController      : Найдено бронирований: 8
2025-12-20T14:52:59.052+03:00 DEBUG 9332 --- [EventManagement] [o-auto-1-exec-6] org.hibernate.SQL                        : 
    select
        tr1_0.id,
        tr1_0.booking_status,
        tr1_0.client_id,
        tr1_0.created_at,
        tr1_0.event_id,
        tr1_0.number_of_tickets,
        tr1_0.updated_at 
    from
        ticket_reservations tr1_0 
    where
        tr1_0.booking_status=? 
        and tr1_0.updated_at<?
Hibernate: 
    select
        tr1_0.id,
        tr1_0.booking_status,
        tr1_0.client_id,
        tr1_0.created_at,
        tr1_0.event_id,
        tr1_0.number_of_tickets,
        tr1_0.updated_at 
    from
        ticket_reservations tr1_0 
    where
        tr1_0.booking_status=? 
        and tr1_0.updated_at<?
2025-12-20T14:52:59.055+03:00 DEBUG 9332 --- [EventManagement] [o-auto-1-exec-6] org.hibernate.SQL                        : 
    select
        c1_0.id,
        c1_0.created_at,
        c1_0.email,
        c1_0.full_name,
        c1_0.passport_id,
        p1_0.id,
        p1_0.created_at,
        p1_0.number,
        p1_0.series,
        c1_0.phone_number,
        c1_0.updated_at 
    from
        clients c1_0 
    join
        passports p1_0 
            on p1_0.id=c1_0.passport_id 
    where
        c1_0.id=?
Hibernate: 
    select
        c1_0.id,
        c1_0.created_at,
        c1_0.email,
        c1_0.full_name,
        c1_0.passport_id,
        p1_0.id,
        p1_0.created_at,
        p1_0.number,
        p1_0.series,
        c1_0.phone_number,
        c1_0.updated_at 
    from
        clients c1_0 
    join
        passports p1_0 
            on p1_0.id=c1_0.passport_id 
    where
        c1_0.id=?
2025-12-20T14:52:59.058+03:00 DEBUG 9332 --- [EventManagement] [o-auto-1-exec-6] org.hibernate.SQL                        : 
    select
        e1_0.id,
        e1_0.created_at,
        e1_0.date,
        e1_0.description,
        e1_0.name,
        e1_0.number_of_seats,
        e1_0.status,
        e1_0.ticket_price,
        e1_0.updated_at 
    from
        events e1_0 
    where
        e1_0.id=?
Hibernate: 
    select
        e1_0.id,
        e1_0.created_at,
        e1_0.date,
        e1_0.description,
        e1_0.name,
        e1_0.number_of_seats,
        e1_0.status,
        e1_0.ticket_price,
        e1_0.updated_at 
    from
        events e1_0 
    where
        e1_0.id=?
2025-12-20T14:52:59.060+03:00 DEBUG 9332 --- [EventManagement] [o-auto-1-exec-6] org.hibernate.SQL                        : 
    select
        c1_0.id,
        c1_0.created_at,
        c1_0.email,
        c1_0.full_name,
        c1_0.passport_id,
        p1_0.id,
        p1_0.created_at,
        p1_0.number,
        p1_0.series,
        c1_0.phone_number,
        c1_0.updated_at 
    from
        clients c1_0 
    join
        passports p1_0 
            on p1_0.id=c1_0.passport_id 
    where
        c1_0.id=?
Hibernate: 
    select
        c1_0.id,
        c1_0.created_at,
        c1_0.email,
        c1_0.full_name,
        c1_0.passport_id,
        p1_0.id,
        p1_0.created_at,
        p1_0.number,
        p1_0.series,
        c1_0.phone_number,
        c1_0.updated_at 
    from
        clients c1_0 
    join
        passports p1_0 
            on p1_0.id=c1_0.passport_id 
    where
        c1_0.id=?
2025-12-20T14:52:59.063+03:00 DEBUG 9332 --- [EventManagement] [o-auto-1-exec-6] org.hibernate.SQL                        : 
    select
        e1_0.id,
        e1_0.created_at,
        e1_0.date,
        e1_0.description,
        e1_0.name,
        e1_0.number_of_seats,
        e1_0.status,
        e1_0.ticket_price,
        e1_0.updated_at 
    from
        events e1_0 
    where
        e1_0.id=?
Hibernate: 
    select
        e1_0.id,
        e1_0.created_at,
        e1_0.date,
        e1_0.description,
        e1_0.name,
        e1_0.number_of_seats,
        e1_0.status,
        e1_0.ticket_price,
        e1_0.updated_at 
    from
        events e1_0 
    where
        e1_0.id=?
2025-12-20T14:52:59.065+03:00  INFO 9332 --- [EventManagement] [o-auto-1-exec-6] c.e.e.service.TicketReservationService   : Очистка 2 старых отмененных бронирований
2025-12-20T14:52:59.073+03:00 DEBUG 9332 --- [EventManagement] [o-auto-1-exec-6] org.hibernate.SQL                        : 
    delete 
    from
        ticket_reservations 
    where
        id=?
Hibernate: 
    delete 
    from
        ticket_reservations 
    where
        id=?
2025-12-20T14:52:59.078+03:00 DEBUG 9332 --- [EventManagement] [o-auto-1-exec-6] org.hibernate.SQL                        : 
    delete 
    from
        ticket_reservations 
    where
        id=?
Hibernate: 
    delete 
    from
        ticket_reservations 
    where
        id=?
]]></system-out>
  </testcase>
  <testcase name="events_statusTransitionsAndDelete" classname="com.example.eventmanagement.integration.e2e.EventManagementE2ETest" time="0.246">
    <system-out><![CDATA[2025-12-20T14:52:59.134+03:00  INFO 9332 --- [EventManagement] [o-auto-1-exec-7] c.e.e.controller.EventController         : POST /api/events - создание мероприятия: E2E Статусы События (2026-01-09)
2025-12-20T14:52:59.135+03:00  INFO 9332 --- [EventManagement] [o-auto-1-exec-7] c.e.e.service.EventService               : Создание мероприятия: E2E Статусы События
2025-12-20T14:52:59.139+03:00 DEBUG 9332 --- [EventManagement] [o-auto-1-exec-7] org.hibernate.SQL                        : 
    select
        e1_0.id 
    from
        events e1_0 
    where
        e1_0.name=? 
        and e1_0.date=? 
    fetch
        first ? rows only
Hibernate: 
    select
        e1_0.id 
    from
        events e1_0 
    where
        e1_0.name=? 
        and e1_0.date=? 
    fetch
        first ? rows only
2025-12-20T14:52:59.144+03:00 DEBUG 9332 --- [EventManagement] [o-auto-1-exec-7] org.hibernate.SQL                        : 
    insert 
    into
        events
        (created_at, date, description, name, number_of_seats, status, ticket_price, updated_at) 
    values
        (?, ?, ?, ?, ?, ?, ?, ?)
Hibernate: 
    insert 
    into
        events
        (created_at, date, description, name, number_of_seats, status, ticket_price, updated_at) 
    values
        (?, ?, ?, ?, ?, ?, ?, ?)
2025-12-20T14:52:59.147+03:00  INFO 9332 --- [EventManagement] [o-auto-1-exec-7] c.e.e.service.EventService               : Мероприятие создано с ID: 8
2025-12-20T14:52:59.150+03:00  INFO 9332 --- [EventManagement] [o-auto-1-exec-7] c.e.e.controller.EventController         : Мероприятие создано с id 8: E2E Статусы События
2025-12-20T14:52:59.164+03:00  INFO 9332 --- [EventManagement] [o-auto-1-exec-8] c.e.e.controller.EventController         : GET /api/events/8 - получение мероприятия по ID
2025-12-20T14:52:59.167+03:00 DEBUG 9332 --- [EventManagement] [o-auto-1-exec-8] c.e.e.service.EventService               : Получение мероприятия по ID: 8
2025-12-20T14:52:59.169+03:00 DEBUG 9332 --- [EventManagement] [o-auto-1-exec-8] org.hibernate.SQL                        : 
    select
        e1_0.id,
        e1_0.created_at,
        e1_0.date,
        e1_0.description,
        e1_0.name,
        e1_0.number_of_seats,
        e1_0.status,
        e1_0.ticket_price,
        e1_0.updated_at 
    from
        events e1_0 
    where
        e1_0.id=?
Hibernate: 
    select
        e1_0.id,
        e1_0.created_at,
        e1_0.date,
        e1_0.description,
        e1_0.name,
        e1_0.number_of_seats,
        e1_0.status,
        e1_0.ticket_price,
        e1_0.updated_at 
    from
        events e1_0 
    where
        e1_0.id=?
2025-12-20T14:52:59.174+03:00  INFO 9332 --- [EventManagement] [o-auto-1-exec-8] c.e.e.controller.EventController         : Мероприятие с id 8 найдено: E2E Статусы События
2025-12-20T14:52:59.193+03:00  INFO 9332 --- [EventManagement] [o-auto-1-exec-9] c.e.e.controller.EventController         : PUT /api/events/8/status - обновление мероприятия на завершено
2025-12-20T14:52:59.194+03:00  INFO 9332 --- [EventManagement] [o-auto-1-exec-9] c.e.e.service.EventService               : Обновление статуса мероприятия с ID: 8 на COMPLETED
2025-12-20T14:52:59.196+03:00 DEBUG 9332 --- [EventManagement] [o-auto-1-exec-9] org.hibernate.SQL                        : 
    select
        e1_0.id,
        e1_0.created_at,
        e1_0.date,
        e1_0.description,
        e1_0.name,
        e1_0.number_of_seats,
        e1_0.status,
        e1_0.ticket_price,
        e1_0.updated_at 
    from
        events e1_0 
    where
        e1_0.id=?
Hibernate: 
    select
        e1_0.id,
        e1_0.created_at,
        e1_0.date,
        e1_0.description,
        e1_0.name,
        e1_0.number_of_seats,
        e1_0.status,
        e1_0.ticket_price,
        e1_0.updated_at 
    from
        events e1_0 
    where
        e1_0.id=?
2025-12-20T14:52:59.210+03:00  WARN 9332 --- [EventManagement] [o-auto-1-exec-9] c.e.e.exception.GlobalExceptionHandler   : Business validation error: Статус PLANNED не может поменяться на COMPLETED
2025-12-20T14:52:59.227+03:00  INFO 9332 --- [EventManagement] [-auto-1-exec-10] c.e.e.controller.EventController         : PUT /api/events/8/status - обновление мероприятия на проходит
2025-12-20T14:52:59.228+03:00  INFO 9332 --- [EventManagement] [-auto-1-exec-10] c.e.e.service.EventService               : Обновление статуса мероприятия с ID: 8 на ONGOING
2025-12-20T14:52:59.230+03:00 DEBUG 9332 --- [EventManagement] [-auto-1-exec-10] org.hibernate.SQL                        : 
    select
        e1_0.id,
        e1_0.created_at,
        e1_0.date,
        e1_0.description,
        e1_0.name,
        e1_0.number_of_seats,
        e1_0.status,
        e1_0.ticket_price,
        e1_0.updated_at 
    from
        events e1_0 
    where
        e1_0.id=?
Hibernate: 
    select
        e1_0.id,
        e1_0.created_at,
        e1_0.date,
        e1_0.description,
        e1_0.name,
        e1_0.number_of_seats,
        e1_0.status,
        e1_0.ticket_price,
        e1_0.updated_at 
    from
        events e1_0 
    where
        e1_0.id=?
2025-12-20T14:52:59.232+03:00  INFO 9332 --- [EventManagement] [-auto-1-exec-10] c.e.e.service.EventService               : Статус мероприятия с ID 8 изменен с PLANNED на ONGOING
2025-12-20T14:52:59.235+03:00 DEBUG 9332 --- [EventManagement] [-auto-1-exec-10] org.hibernate.SQL                        : 
    update
        events 
    set
        date=?,
        description=?,
        name=?,
        number_of_seats=?,
        status=?,
        ticket_price=?,
        updated_at=? 
    where
        id=?
Hibernate: 
    update
        events 
    set
        date=?,
        description=?,
        name=?,
        number_of_seats=?,
        status=?,
        ticket_price=?,
        updated_at=? 
    where
        id=?
2025-12-20T14:52:59.239+03:00  INFO 9332 --- [EventManagement] [-auto-1-exec-10] c.e.e.controller.EventController         : У мероприятия с id 8 обновлен статус на: проходит
2025-12-20T14:52:59.252+03:00  INFO 9332 --- [EventManagement] [o-auto-1-exec-2] c.e.e.controller.EventController         : PUT /api/events/8/status - обновление мероприятия на завершено
2025-12-20T14:52:59.253+03:00  INFO 9332 --- [EventManagement] [o-auto-1-exec-2] c.e.e.service.EventService               : Обновление статуса мероприятия с ID: 8 на COMPLETED
2025-12-20T14:52:59.255+03:00 DEBUG 9332 --- [EventManagement] [o-auto-1-exec-2] org.hibernate.SQL                        : 
    select
        e1_0.id,
        e1_0.created_at,
        e1_0.date,
        e1_0.description,
        e1_0.name,
        e1_0.number_of_seats,
        e1_0.status,
        e1_0.ticket_price,
        e1_0.updated_at 
    from
        events e1_0 
    where
        e1_0.id=?
Hibernate: 
    select
        e1_0.id,
        e1_0.created_at,
        e1_0.date,
        e1_0.description,
        e1_0.name,
        e1_0.number_of_seats,
        e1_0.status,
        e1_0.ticket_price,
        e1_0.updated_at 
    from
        events e1_0 
    where
        e1_0.id=?
2025-12-20T14:52:59.261+03:00  INFO 9332 --- [EventManagement] [o-auto-1-exec-2] c.e.e.service.EventService               : Статус мероприятия с ID 8 изменен с ONGOING на COMPLETED
2025-12-20T14:52:59.264+03:00 DEBUG 9332 --- [EventManagement] [o-auto-1-exec-2] org.hibernate.SQL                        : 
    update
        events 
    set
        date=?,
        description=?,
        name=?,
        number_of_seats=?,
        status=?,
        ticket_price=?,
        updated_at=? 
    where
        id=?
Hibernate: 
    update
        events 
    set
        date=?,
        description=?,
        name=?,
        number_of_seats=?,
        status=?,
        ticket_price=?,
        updated_at=? 
    where
        id=?
2025-12-20T14:52:59.268+03:00  INFO 9332 --- [EventManagement] [o-auto-1-exec-2] c.e.e.controller.EventController         : У мероприятия с id 8 обновлен статус на: завершено
2025-12-20T14:52:59.279+03:00  INFO 9332 --- [EventManagement] [o-auto-1-exec-1] c.e.e.controller.EventController         : GET /api/events - получение списка всех мероприятий
2025-12-20T14:52:59.280+03:00 DEBUG 9332 --- [EventManagement] [o-auto-1-exec-1] c.e.e.service.EventService               : Получение списка всех мероприятий
2025-12-20T14:52:59.283+03:00 DEBUG 9332 --- [EventManagement] [o-auto-1-exec-1] org.hibernate.SQL                        : 
    select
        e1_0.id,
        e1_0.created_at,
        e1_0.date,
        e1_0.description,
        e1_0.name,
        e1_0.number_of_seats,
        e1_0.status,
        e1_0.ticket_price,
        e1_0.updated_at 
    from
        events e1_0
Hibernate: 
    select
        e1_0.id,
        e1_0.created_at,
        e1_0.date,
        e1_0.description,
        e1_0.name,
        e1_0.number_of_seats,
        e1_0.status,
        e1_0.ticket_price,
        e1_0.updated_at 
    from
        events e1_0
2025-12-20T14:52:59.293+03:00 DEBUG 9332 --- [EventManagement] [o-auto-1-exec-1] c.e.e.controller.EventController         : Найдено мероприятий: 8
2025-12-20T14:52:59.318+03:00  INFO 9332 --- [EventManagement] [o-auto-1-exec-3] c.e.e.controller.EventController         : DELETE /api/events/8 - удаление мероприятия
2025-12-20T14:52:59.319+03:00  INFO 9332 --- [EventManagement] [o-auto-1-exec-3] c.e.e.service.EventService               : Удаление мероприятия с ID: 8
2025-12-20T14:52:59.320+03:00 DEBUG 9332 --- [EventManagement] [o-auto-1-exec-3] org.hibernate.SQL                        : 
    select
        e1_0.id,
        e1_0.created_at,
        e1_0.date,
        e1_0.description,
        e1_0.name,
        e1_0.number_of_seats,
        e1_0.status,
        e1_0.ticket_price,
        e1_0.updated_at 
    from
        events e1_0 
    where
        e1_0.id=?
Hibernate: 
    select
        e1_0.id,
        e1_0.created_at,
        e1_0.date,
        e1_0.description,
        e1_0.name,
        e1_0.number_of_seats,
        e1_0.status,
        e1_0.ticket_price,
        e1_0.updated_at 
    from
        events e1_0 
    where
        e1_0.id=?
2025-12-20T14:52:59.328+03:00 DEBUG 9332 --- [EventManagement] [o-auto-1-exec-3] org.hibernate.SQL                        : 
    select
        tr1_0.event_id,
        tr1_0.id,
        tr1_0.booking_status,
        tr1_0.client_id,
        c1_0.id,
        c1_0.created_at,
        c1_0.email,
        c1_0.full_name,
        c1_0.passport_id,
        p1_0.id,
        p1_0.created_at,
        p1_0.number,
        p1_0.series,
        c1_0.phone_number,
        c1_0.updated_at,
        tr1_0.created_at,
        tr1_0.number_of_tickets,
        tr1_0.updated_at 
    from
        ticket_reservations tr1_0 
    left join
        clients c1_0 
            on c1_0.id=tr1_0.client_id 
    left join
        passports p1_0 
            on p1_0.id=c1_0.passport_id 
    where
        tr1_0.event_id=?
Hibernate: 
    select
        tr1_0.event_id,
        tr1_0.id,
        tr1_0.booking_status,
        tr1_0.client_id,
        c1_0.id,
        c1_0.created_at,
        c1_0.email,
        c1_0.full_name,
        c1_0.passport_id,
        p1_0.id,
        p1_0.created_at,
        p1_0.number,
        p1_0.series,
        c1_0.phone_number,
        c1_0.updated_at,
        tr1_0.created_at,
        tr1_0.number_of_tickets,
        tr1_0.updated_at 
    from
        ticket_reservations tr1_0 
    left join
        clients c1_0 
            on c1_0.id=tr1_0.client_id 
    left join
        passports p1_0 
            on p1_0.id=c1_0.passport_id 
    where
        tr1_0.event_id=?
2025-12-20T14:52:59.334+03:00  INFO 9332 --- [EventManagement] [o-auto-1-exec-3] c.e.e.service.EventService               : Мероприятие с ID 8 удалено
2025-12-20T14:52:59.340+03:00 DEBUG 9332 --- [EventManagement] [o-auto-1-exec-3] org.hibernate.SQL                        : 
    delete 
    from
        events 
    where
        id=?
Hibernate: 
    delete 
    from
        events 
    where
        id=?
2025-12-20T14:52:59.342+03:00  INFO 9332 --- [EventManagement] [o-auto-1-exec-3] c.e.e.controller.EventController         : Мероприятие с id 8 удалено
2025-12-20T14:52:59.352+03:00  INFO 9332 --- [EventManagement] [o-auto-1-exec-4] c.e.e.controller.EventController         : GET /api/events/8 - получение мероприятия по ID
2025-12-20T14:52:59.353+03:00 DEBUG 9332 --- [EventManagement] [o-auto-1-exec-4] c.e.e.service.EventService               : Получение мероприятия по ID: 8
2025-12-20T14:52:59.354+03:00 DEBUG 9332 --- [EventManagement] [o-auto-1-exec-4] org.hibernate.SQL                        : 
    select
        e1_0.id,
        e1_0.created_at,
        e1_0.date,
        e1_0.description,
        e1_0.name,
        e1_0.number_of_seats,
        e1_0.status,
        e1_0.ticket_price,
        e1_0.updated_at 
    from
        events e1_0 
    where
        e1_0.id=?
Hibernate: 
    select
        e1_0.id,
        e1_0.created_at,
        e1_0.date,
        e1_0.description,
        e1_0.name,
        e1_0.number_of_seats,
        e1_0.status,
        e1_0.ticket_price,
        e1_0.updated_at 
    from
        events e1_0 
    where
        e1_0.id=?
2025-12-20T14:52:59.359+03:00  WARN 9332 --- [EventManagement] [o-auto-1-exec-4] c.e.e.exception.GlobalExceptionHandler   : Entity not found: Мероприятие с id 8 не найден
]]></system-out>
  </testcase>
  <testcase name="invalidEventStatusString_shouldReturnInvalidRequest" classname="com.example.eventmanagement.integration.e2e.EventManagementE2ETest" time="0.044">
    <system-out><![CDATA[2025-12-20T14:52:59.383+03:00  INFO 9332 --- [EventManagement] [o-auto-1-exec-5] c.e.e.controller.EventController         : POST /api/events - создание мероприятия: E2E Невалидный статус (2026-01-04)
2025-12-20T14:52:59.385+03:00  INFO 9332 --- [EventManagement] [o-auto-1-exec-5] c.e.e.service.EventService               : Создание мероприятия: E2E Невалидный статус
2025-12-20T14:52:59.387+03:00 DEBUG 9332 --- [EventManagement] [o-auto-1-exec-5] org.hibernate.SQL                        : 
    select
        e1_0.id 
    from
        events e1_0 
    where
        e1_0.name=? 
        and e1_0.date=? 
    fetch
        first ? rows only
Hibernate: 
    select
        e1_0.id 
    from
        events e1_0 
    where
        e1_0.name=? 
        and e1_0.date=? 
    fetch
        first ? rows only
2025-12-20T14:52:59.391+03:00 DEBUG 9332 --- [EventManagement] [o-auto-1-exec-5] org.hibernate.SQL                        : 
    insert 
    into
        events
        (created_at, date, description, name, number_of_seats, status, ticket_price, updated_at) 
    values
        (?, ?, ?, ?, ?, ?, ?, ?)
Hibernate: 
    insert 
    into
        events
        (created_at, date, description, name, number_of_seats, status, ticket_price, updated_at) 
    values
        (?, ?, ?, ?, ?, ?, ?, ?)
2025-12-20T14:52:59.393+03:00  INFO 9332 --- [EventManagement] [o-auto-1-exec-5] c.e.e.service.EventService               : Мероприятие создано с ID: 9
2025-12-20T14:52:59.395+03:00  INFO 9332 --- [EventManagement] [o-auto-1-exec-5] c.e.e.controller.EventController         : Мероприятие создано с id 9: E2E Невалидный статус
2025-12-20T14:52:59.409+03:00  WARN 9332 --- [EventManagement] [o-auto-1-exec-6] c.e.e.exception.GlobalExceptionHandler   : Invalid request: Неизвестный статус: идет
]]></system-out>
  </testcase>
  <testcase name="clients_crudAndSearchFlow" classname="com.example.eventmanagement.integration.e2e.EventManagementE2ETest" time="0.343">
    <system-out><![CDATA[2025-12-20T14:52:59.435+03:00  INFO 9332 --- [EventManagement] [o-auto-1-exec-7] c.e.e.controller.ClientController        : POST /api/clients - создание клиента: Клиент Один (client1.e2e@example.com)
2025-12-20T14:52:59.436+03:00  INFO 9332 --- [EventManagement] [o-auto-1-exec-7] c.e.e.service.ClientService              : Создание клиента: client1.e2e@example.com
2025-12-20T14:52:59.439+03:00 DEBUG 9332 --- [EventManagement] [o-auto-1-exec-7] org.hibernate.SQL                        : 
    select
        c1_0.id 
    from
        clients c1_0 
    where
        c1_0.phone_number=? 
    fetch
        first ? rows only
Hibernate: 
    select
        c1_0.id 
    from
        clients c1_0 
    where
        c1_0.phone_number=? 
    fetch
        first ? rows only
2025-12-20T14:52:59.455+03:00 DEBUG 9332 --- [EventManagement] [o-auto-1-exec-7] org.hibernate.SQL                        : 
    select
        p1_0.id 
    from
        passports p1_0 
    where
        p1_0.series=? 
        and p1_0.number=? 
    fetch
        first ? rows only
Hibernate: 
    select
        p1_0.id 
    from
        passports p1_0 
    where
        p1_0.series=? 
        and p1_0.number=? 
    fetch
        first ? rows only
2025-12-20T14:52:59.457+03:00 DEBUG 9332 --- [EventManagement] [o-auto-1-exec-7] org.hibernate.SQL                        : 
    insert 
    into
        passports
        (created_at, number, series) 
    values
        (?, ?, ?)
Hibernate: 
    insert 
    into
        passports
        (created_at, number, series) 
    values
        (?, ?, ?)
2025-12-20T14:52:59.461+03:00 DEBUG 9332 --- [EventManagement] [o-auto-1-exec-7] org.hibernate.SQL                        : 
    insert 
    into
        clients
        (created_at, email, full_name, passport_id, phone_number, updated_at) 
    values
        (?, ?, ?, ?, ?, ?)
Hibernate: 
    insert 
    into
        clients
        (created_at, email, full_name, passport_id, phone_number, updated_at) 
    values
        (?, ?, ?, ?, ?, ?)
2025-12-20T14:52:59.463+03:00  INFO 9332 --- [EventManagement] [o-auto-1-exec-7] c.e.e.service.ClientService              : Клиент создан с ID: 9
2025-12-20T14:52:59.465+03:00  INFO 9332 --- [EventManagement] [o-auto-1-exec-7] c.e.e.controller.ClientController        : Клиент создан с id 9: Клиент Один
2025-12-20T14:52:59.475+03:00  INFO 9332 --- [EventManagement] [o-auto-1-exec-8] c.e.e.controller.ClientController        : POST /api/clients - создание клиента: Клиент Два (client2.e2e@example.com)
2025-12-20T14:52:59.476+03:00  INFO 9332 --- [EventManagement] [o-auto-1-exec-8] c.e.e.service.ClientService              : Создание клиента: client2.e2e@example.com
2025-12-20T14:52:59.478+03:00 DEBUG 9332 --- [EventManagement] [o-auto-1-exec-8] org.hibernate.SQL                        : 
    select
        c1_0.id 
    from
        clients c1_0 
    where
        c1_0.phone_number=? 
    fetch
        first ? rows only
Hibernate: 
    select
        c1_0.id 
    from
        clients c1_0 
    where
        c1_0.phone_number=? 
    fetch
        first ? rows only
2025-12-20T14:52:59.482+03:00 DEBUG 9332 --- [EventManagement] [o-auto-1-exec-8] org.hibernate.SQL                        : 
    select
        p1_0.id 
    from
        passports p1_0 
    where
        p1_0.series=? 
        and p1_0.number=? 
    fetch
        first ? rows only
Hibernate: 
    select
        p1_0.id 
    from
        passports p1_0 
    where
        p1_0.series=? 
        and p1_0.number=? 
    fetch
        first ? rows only
2025-12-20T14:52:59.484+03:00 DEBUG 9332 --- [EventManagement] [o-auto-1-exec-8] org.hibernate.SQL                        : 
    insert 
    into
        passports
        (created_at, number, series) 
    values
        (?, ?, ?)
Hibernate: 
    insert 
    into
        passports
        (created_at, number, series) 
    values
        (?, ?, ?)
2025-12-20T14:52:59.487+03:00 DEBUG 9332 --- [EventManagement] [o-auto-1-exec-8] org.hibernate.SQL                        : 
    insert 
    into
        clients
        (created_at, email, full_name, passport_id, phone_number, updated_at) 
    values
        (?, ?, ?, ?, ?, ?)
Hibernate: 
    insert 
    into
        clients
        (created_at, email, full_name, passport_id, phone_number, updated_at) 
    values
        (?, ?, ?, ?, ?, ?)
2025-12-20T14:52:59.489+03:00  INFO 9332 --- [EventManagement] [o-auto-1-exec-8] c.e.e.service.ClientService              : Клиент создан с ID: 10
2025-12-20T14:52:59.490+03:00  INFO 9332 --- [EventManagement] [o-auto-1-exec-8] c.e.e.controller.ClientController        : Клиент создан с id 10: Клиент Два
2025-12-20T14:52:59.498+03:00  INFO 9332 --- [EventManagement] [o-auto-1-exec-9] c.e.e.controller.ClientController        : GET /api/clients - получение списка всех клиентов
2025-12-20T14:52:59.504+03:00 DEBUG 9332 --- [EventManagement] [o-auto-1-exec-9] c.e.e.service.ClientService              : Получение списка всех клиентов
2025-12-20T14:52:59.510+03:00 DEBUG 9332 --- [EventManagement] [o-auto-1-exec-9] org.hibernate.SQL                        : 
    select
        c1_0.id,
        c1_0.created_at,
        c1_0.email,
        c1_0.full_name,
        c1_0.passport_id,
        c1_0.phone_number,
        c1_0.updated_at 
    from
        clients c1_0
Hibernate: 
    select
        c1_0.id,
        c1_0.created_at,
        c1_0.email,
        c1_0.full_name,
        c1_0.passport_id,
        c1_0.phone_number,
        c1_0.updated_at 
    from
        clients c1_0
2025-12-20T14:52:59.513+03:00 DEBUG 9332 --- [EventManagement] [o-auto-1-exec-9] org.hibernate.SQL                        : 
    select
        p1_0.id,
        c1_0.id,
        c1_0.created_at,
        c1_0.email,
        c1_0.full_name,
        c1_0.passport_id,
        c1_0.phone_number,
        c1_0.updated_at,
        p1_0.created_at,
        p1_0.number,
        p1_0.series 
    from
        passports p1_0 
    left join
        clients c1_0 
            on p1_0.id=c1_0.passport_id 
    where
        p1_0.id=?
Hibernate: 
    select
        p1_0.id,
        c1_0.id,
        c1_0.created_at,
        c1_0.email,
        c1_0.full_name,
        c1_0.passport_id,
        c1_0.phone_number,
        c1_0.updated_at,
        p1_0.created_at,
        p1_0.number,
        p1_0.series 
    from
        passports p1_0 
    left join
        clients c1_0 
            on p1_0.id=c1_0.passport_id 
    where
        p1_0.id=?
2025-12-20T14:52:59.518+03:00 DEBUG 9332 --- [EventManagement] [o-auto-1-exec-9] org.hibernate.SQL                        : 
    select
        p1_0.id,
        c1_0.id,
        c1_0.created_at,
        c1_0.email,
        c1_0.full_name,
        c1_0.passport_id,
        c1_0.phone_number,
        c1_0.updated_at,
        p1_0.created_at,
        p1_0.number,
        p1_0.series 
    from
        passports p1_0 
    left join
        clients c1_0 
            on p1_0.id=c1_0.passport_id 
    where
        p1_0.id=?
Hibernate: 
    select
        p1_0.id,
        c1_0.id,
        c1_0.created_at,
        c1_0.email,
        c1_0.full_name,
        c1_0.passport_id,
        c1_0.phone_number,
        c1_0.updated_at,
        p1_0.created_at,
        p1_0.number,
        p1_0.series 
    from
        passports p1_0 
    left join
        clients c1_0 
            on p1_0.id=c1_0.passport_id 
    where
        p1_0.id=?
2025-12-20T14:52:59.522+03:00 DEBUG 9332 --- [EventManagement] [o-auto-1-exec-9] org.hibernate.SQL                        : 
    select
        p1_0.id,
        c1_0.id,
        c1_0.created_at,
        c1_0.email,
        c1_0.full_name,
        c1_0.passport_id,
        c1_0.phone_number,
        c1_0.updated_at,
        p1_0.created_at,
        p1_0.number,
        p1_0.series 
    from
        passports p1_0 
    left join
        clients c1_0 
            on p1_0.id=c1_0.passport_id 
    where
        p1_0.id=?
Hibernate: 
    select
        p1_0.id,
        c1_0.id,
        c1_0.created_at,
        c1_0.email,
        c1_0.full_name,
        c1_0.passport_id,
        c1_0.phone_number,
        c1_0.updated_at,
        p1_0.created_at,
        p1_0.number,
        p1_0.series 
    from
        passports p1_0 
    left join
        clients c1_0 
            on p1_0.id=c1_0.passport_id 
    where
        p1_0.id=?
2025-12-20T14:52:59.526+03:00 DEBUG 9332 --- [EventManagement] [o-auto-1-exec-9] org.hibernate.SQL                        : 
    select
        p1_0.id,
        c1_0.id,
        c1_0.created_at,
        c1_0.email,
        c1_0.full_name,
        c1_0.passport_id,
        c1_0.phone_number,
        c1_0.updated_at,
        p1_0.created_at,
        p1_0.number,
        p1_0.series 
    from
        passports p1_0 
    left join
        clients c1_0 
            on p1_0.id=c1_0.passport_id 
    where
        p1_0.id=?
Hibernate: 
    select
        p1_0.id,
        c1_0.id,
        c1_0.created_at,
        c1_0.email,
        c1_0.full_name,
        c1_0.passport_id,
        c1_0.phone_number,
        c1_0.updated_at,
        p1_0.created_at,
        p1_0.number,
        p1_0.series 
    from
        passports p1_0 
    left join
        clients c1_0 
            on p1_0.id=c1_0.passport_id 
    where
        p1_0.id=?
2025-12-20T14:52:59.530+03:00 DEBUG 9332 --- [EventManagement] [o-auto-1-exec-9] org.hibernate.SQL                        : 
    select
        p1_0.id,
        c1_0.id,
        c1_0.created_at,
        c1_0.email,
        c1_0.full_name,
        c1_0.passport_id,
        c1_0.phone_number,
        c1_0.updated_at,
        p1_0.created_at,
        p1_0.number,
        p1_0.series 
    from
        passports p1_0 
    left join
        clients c1_0 
            on p1_0.id=c1_0.passport_id 
    where
        p1_0.id=?
Hibernate: 
    select
        p1_0.id,
        c1_0.id,
        c1_0.created_at,
        c1_0.email,
        c1_0.full_name,
        c1_0.passport_id,
        c1_0.phone_number,
        c1_0.updated_at,
        p1_0.created_at,
        p1_0.number,
        p1_0.series 
    from
        passports p1_0 
    left join
        clients c1_0 
            on p1_0.id=c1_0.passport_id 
    where
        p1_0.id=?
2025-12-20T14:52:59.533+03:00 DEBUG 9332 --- [EventManagement] [o-auto-1-exec-9] org.hibernate.SQL                        : 
    select
        p1_0.id,
        c1_0.id,
        c1_0.created_at,
        c1_0.email,
        c1_0.full_name,
        c1_0.passport_id,
        c1_0.phone_number,
        c1_0.updated_at,
        p1_0.created_at,
        p1_0.number,
        p1_0.series 
    from
        passports p1_0 
    left join
        clients c1_0 
            on p1_0.id=c1_0.passport_id 
    where
        p1_0.id=?
Hibernate: 
    select
        p1_0.id,
        c1_0.id,
        c1_0.created_at,
        c1_0.email,
        c1_0.full_name,
        c1_0.passport_id,
        c1_0.phone_number,
        c1_0.updated_at,
        p1_0.created_at,
        p1_0.number,
        p1_0.series 
    from
        passports p1_0 
    left join
        clients c1_0 
            on p1_0.id=c1_0.passport_id 
    where
        p1_0.id=?
2025-12-20T14:52:59.537+03:00 DEBUG 9332 --- [EventManagement] [o-auto-1-exec-9] org.hibernate.SQL                        : 
    select
        p1_0.id,
        c1_0.id,
        c1_0.created_at,
        c1_0.email,
        c1_0.full_name,
        c1_0.passport_id,
        c1_0.phone_number,
        c1_0.updated_at,
        p1_0.created_at,
        p1_0.number,
        p1_0.series 
    from
        passports p1_0 
    left join
        clients c1_0 
            on p1_0.id=c1_0.passport_id 
    where
        p1_0.id=?
Hibernate: 
    select
        p1_0.id,
        c1_0.id,
        c1_0.created_at,
        c1_0.email,
        c1_0.full_name,
        c1_0.passport_id,
        c1_0.phone_number,
        c1_0.updated_at,
        p1_0.created_at,
        p1_0.number,
        p1_0.series 
    from
        passports p1_0 
    left join
        clients c1_0 
            on p1_0.id=c1_0.passport_id 
    where
        p1_0.id=?
2025-12-20T14:52:59.540+03:00 DEBUG 9332 --- [EventManagement] [o-auto-1-exec-9] org.hibernate.SQL                        : 
    select
        p1_0.id,
        c1_0.id,
        c1_0.created_at,
        c1_0.email,
        c1_0.full_name,
        c1_0.passport_id,
        c1_0.phone_number,
        c1_0.updated_at,
        p1_0.created_at,
        p1_0.number,
        p1_0.series 
    from
        passports p1_0 
    left join
        clients c1_0 
            on p1_0.id=c1_0.passport_id 
    where
        p1_0.id=?
Hibernate: 
    select
        p1_0.id,
        c1_0.id,
        c1_0.created_at,
        c1_0.email,
        c1_0.full_name,
        c1_0.passport_id,
        c1_0.phone_number,
        c1_0.updated_at,
        p1_0.created_at,
        p1_0.number,
        p1_0.series 
    from
        passports p1_0 
    left join
        clients c1_0 
            on p1_0.id=c1_0.passport_id 
    where
        p1_0.id=?
2025-12-20T14:52:59.544+03:00 DEBUG 9332 --- [EventManagement] [o-auto-1-exec-9] org.hibernate.SQL                        : 
    select
        p1_0.id,
        c1_0.id,
        c1_0.created_at,
        c1_0.email,
        c1_0.full_name,
        c1_0.passport_id,
        c1_0.phone_number,
        c1_0.updated_at,
        p1_0.created_at,
        p1_0.number,
        p1_0.series 
    from
        passports p1_0 
    left join
        clients c1_0 
            on p1_0.id=c1_0.passport_id 
    where
        p1_0.id=?
Hibernate: 
    select
        p1_0.id,
        c1_0.id,
        c1_0.created_at,
        c1_0.email,
        c1_0.full_name,
        c1_0.passport_id,
        c1_0.phone_number,
        c1_0.updated_at,
        p1_0.created_at,
        p1_0.number,
        p1_0.series 
    from
        passports p1_0 
    left join
        clients c1_0 
            on p1_0.id=c1_0.passport_id 
    where
        p1_0.id=?
2025-12-20T14:52:59.547+03:00 DEBUG 9332 --- [EventManagement] [o-auto-1-exec-9] org.hibernate.SQL                        : 
    select
        p1_0.id,
        c1_0.id,
        c1_0.created_at,
        c1_0.email,
        c1_0.full_name,
        c1_0.passport_id,
        c1_0.phone_number,
        c1_0.updated_at,
        p1_0.created_at,
        p1_0.number,
        p1_0.series 
    from
        passports p1_0 
    left join
        clients c1_0 
            on p1_0.id=c1_0.passport_id 
    where
        p1_0.id=?
Hibernate: 
    select
        p1_0.id,
        c1_0.id,
        c1_0.created_at,
        c1_0.email,
        c1_0.full_name,
        c1_0.passport_id,
        c1_0.phone_number,
        c1_0.updated_at,
        p1_0.created_at,
        p1_0.number,
        p1_0.series 
    from
        passports p1_0 
    left join
        clients c1_0 
            on p1_0.id=c1_0.passport_id 
    where
        p1_0.id=?
2025-12-20T14:52:59.553+03:00 DEBUG 9332 --- [EventManagement] [o-auto-1-exec-9] c.e.e.controller.ClientController        : Найдено клиентов: 10
2025-12-20T14:52:59.568+03:00  INFO 9332 --- [EventManagement] [-auto-1-exec-10] c.e.e.controller.ClientController        : GET /api/clients/9 - получение клиента по ID
2025-12-20T14:52:59.569+03:00 DEBUG 9332 --- [EventManagement] [-auto-1-exec-10] c.e.e.service.ClientService              : Получение клиента по ID: 9
2025-12-20T14:52:59.569+03:00 DEBUG 9332 --- [EventManagement] [-auto-1-exec-10] org.hibernate.SQL                        : 
    select
        c1_0.id,
        c1_0.created_at,
        c1_0.email,
        c1_0.full_name,
        c1_0.passport_id,
        p1_0.id,
        p1_0.created_at,
        p1_0.number,
        p1_0.series,
        c1_0.phone_number,
        c1_0.updated_at 
    from
        clients c1_0 
    join
        passports p1_0 
            on p1_0.id=c1_0.passport_id 
    where
        c1_0.id=?
Hibernate: 
    select
        c1_0.id,
        c1_0.created_at,
        c1_0.email,
        c1_0.full_name,
        c1_0.passport_id,
        p1_0.id,
        p1_0.created_at,
        p1_0.number,
        p1_0.series,
        c1_0.phone_number,
        c1_0.updated_at 
    from
        clients c1_0 
    join
        passports p1_0 
            on p1_0.id=c1_0.passport_id 
    where
        c1_0.id=?
2025-12-20T14:52:59.573+03:00  INFO 9332 --- [EventManagement] [-auto-1-exec-10] c.e.e.controller.ClientController        : Клиент с id 9 найден: Клиент Один
2025-12-20T14:52:59.595+03:00  INFO 9332 --- [EventManagement] [o-auto-1-exec-2] c.e.e.controller.ClientController        : GET /api/clients/search?searchTerm=Клиент - поиск клиентов
2025-12-20T14:52:59.596+03:00 DEBUG 9332 --- [EventManagement] [o-auto-1-exec-2] c.e.e.service.ClientService              : Поиск клиентов по запросу: Клиент
2025-12-20T14:52:59.607+03:00 DEBUG 9332 --- [EventManagement] [o-auto-1-exec-2] org.hibernate.SQL                        : 
    select
        c1_0.id,
        c1_0.created_at,
        c1_0.email,
        c1_0.full_name,
        c1_0.passport_id,
        c1_0.phone_number,
        c1_0.updated_at 
    from
        clients c1_0 
    where
        lower(c1_0.full_name) like lower(('%'||?||'%')) escape '' 
        or c1_0.phone_number like ('%'||?||'%') escape '' 
        or lower(c1_0.email) like lower(('%'||?||'%')) escape ''
Hibernate: 
    select
        c1_0.id,
        c1_0.created_at,
        c1_0.email,
        c1_0.full_name,
        c1_0.passport_id,
        c1_0.phone_number,
        c1_0.updated_at 
    from
        clients c1_0 
    where
        lower(c1_0.full_name) like lower(('%'||?||'%')) escape '' 
        or c1_0.phone_number like ('%'||?||'%') escape '' 
        or lower(c1_0.email) like lower(('%'||?||'%')) escape ''
2025-12-20T14:52:59.613+03:00 DEBUG 9332 --- [EventManagement] [o-auto-1-exec-2] org.hibernate.SQL                        : 
    select
        p1_0.id,
        c1_0.id,
        c1_0.created_at,
        c1_0.email,
        c1_0.full_name,
        c1_0.passport_id,
        c1_0.phone_number,
        c1_0.updated_at,
        p1_0.created_at,
        p1_0.number,
        p1_0.series 
    from
        passports p1_0 
    left join
        clients c1_0 
            on p1_0.id=c1_0.passport_id 
    where
        p1_0.id=?
Hibernate: 
    select
        p1_0.id,
        c1_0.id,
        c1_0.created_at,
        c1_0.email,
        c1_0.full_name,
        c1_0.passport_id,
        c1_0.phone_number,
        c1_0.updated_at,
        p1_0.created_at,
        p1_0.number,
        p1_0.series 
    from
        passports p1_0 
    left join
        clients c1_0 
            on p1_0.id=c1_0.passport_id 
    where
        p1_0.id=?
2025-12-20T14:52:59.617+03:00 DEBUG 9332 --- [EventManagement] [o-auto-1-exec-2] org.hibernate.SQL                        : 
    select
        p1_0.id,
        c1_0.id,
        c1_0.created_at,
        c1_0.email,
        c1_0.full_name,
        c1_0.passport_id,
        c1_0.phone_number,
        c1_0.updated_at,
        p1_0.created_at,
        p1_0.number,
        p1_0.series 
    from
        passports p1_0 
    left join
        clients c1_0 
            on p1_0.id=c1_0.passport_id 
    where
        p1_0.id=?
Hibernate: 
    select
        p1_0.id,
        c1_0.id,
        c1_0.created_at,
        c1_0.email,
        c1_0.full_name,
        c1_0.passport_id,
        c1_0.phone_number,
        c1_0.updated_at,
        p1_0.created_at,
        p1_0.number,
        p1_0.series 
    from
        passports p1_0 
    left join
        clients c1_0 
            on p1_0.id=c1_0.passport_id 
    where
        p1_0.id=?
2025-12-20T14:52:59.620+03:00 DEBUG 9332 --- [EventManagement] [o-auto-1-exec-2] org.hibernate.SQL                        : 
    select
        p1_0.id,
        c1_0.id,
        c1_0.created_at,
        c1_0.email,
        c1_0.full_name,
        c1_0.passport_id,
        c1_0.phone_number,
        c1_0.updated_at,
        p1_0.created_at,
        p1_0.number,
        p1_0.series 
    from
        passports p1_0 
    left join
        clients c1_0 
            on p1_0.id=c1_0.passport_id 
    where
        p1_0.id=?
Hibernate: 
    select
        p1_0.id,
        c1_0.id,
        c1_0.created_at,
        c1_0.email,
        c1_0.full_name,
        c1_0.passport_id,
        c1_0.phone_number,
        c1_0.updated_at,
        p1_0.created_at,
        p1_0.number,
        p1_0.series 
    from
        passports p1_0 
    left join
        clients c1_0 
            on p1_0.id=c1_0.passport_id 
    where
        p1_0.id=?
2025-12-20T14:52:59.626+03:00 DEBUG 9332 --- [EventManagement] [o-auto-1-exec-2] c.e.e.controller.ClientController        : По запросу 'Клиент' найдено клиентов: 3
2025-12-20T14:52:59.650+03:00  INFO 9332 --- [EventManagement] [o-auto-1-exec-1] c.e.e.controller.ClientController        : PUT /api/clients/9 - обновление клиента
2025-12-20T14:52:59.651+03:00  INFO 9332 --- [EventManagement] [o-auto-1-exec-1] c.e.e.service.ClientService              : Обновление базовой информации клиента с ID: 9
2025-12-20T14:52:59.652+03:00 DEBUG 9332 --- [EventManagement] [o-auto-1-exec-1] org.hibernate.SQL                        : 
    select
        c1_0.id,
        c1_0.created_at,
        c1_0.email,
        c1_0.full_name,
        c1_0.passport_id,
        p1_0.id,
        p1_0.created_at,
        p1_0.number,
        p1_0.series,
        c1_0.phone_number,
        c1_0.updated_at 
    from
        clients c1_0 
    join
        passports p1_0 
            on p1_0.id=c1_0.passport_id 
    where
        c1_0.id=?
Hibernate: 
    select
        c1_0.id,
        c1_0.created_at,
        c1_0.email,
        c1_0.full_name,
        c1_0.passport_id,
        p1_0.id,
        p1_0.created_at,
        p1_0.number,
        p1_0.series,
        c1_0.phone_number,
        c1_0.updated_at 
    from
        clients c1_0 
    join
        passports p1_0 
            on p1_0.id=c1_0.passport_id 
    where
        c1_0.id=?
2025-12-20T14:52:59.658+03:00 DEBUG 9332 --- [EventManagement] [o-auto-1-exec-1] org.hibernate.SQL                        : 
    select
        c1_0.id 
    from
        clients c1_0 
    where
        c1_0.phone_number=? 
        and c1_0.id<>? 
    fetch
        first ? rows only
Hibernate: 
    select
        c1_0.id 
    from
        clients c1_0 
    where
        c1_0.phone_number=? 
        and c1_0.id<>? 
    fetch
        first ? rows only
2025-12-20T14:52:59.662+03:00  INFO 9332 --- [EventManagement] [o-auto-1-exec-1] c.e.e.service.ClientService              : Базовая информация клиента с ID 9 обновлена
2025-12-20T14:52:59.663+03:00 DEBUG 9332 --- [EventManagement] [o-auto-1-exec-1] org.hibernate.SQL                        : 
    update
        clients 
    set
        email=?,
        full_name=?,
        passport_id=?,
        phone_number=?,
        updated_at=? 
    where
        id=?
Hibernate: 
    update
        clients 
    set
        email=?,
        full_name=?,
        passport_id=?,
        phone_number=?,
        updated_at=? 
    where
        id=?
2025-12-20T14:52:59.666+03:00  INFO 9332 --- [EventManagement] [o-auto-1-exec-1] c.e.e.controller.ClientController        : Клиент с id 9 обновлен: Клиент Один Обновлённый -> client1.updated.e2e@example.com
2025-12-20T14:52:59.678+03:00  INFO 9332 --- [EventManagement] [o-auto-1-exec-3] c.e.e.controller.ClientController        : PUT /api/clients/9/passport - обновление паспорта
2025-12-20T14:52:59.679+03:00  INFO 9332 --- [EventManagement] [o-auto-1-exec-3] c.e.e.service.ClientService              : Замена паспорта для клиента с ID: 9
2025-12-20T14:52:59.680+03:00 DEBUG 9332 --- [EventManagement] [o-auto-1-exec-3] org.hibernate.SQL                        : 
    select
        c1_0.id,
        c1_0.created_at,
        c1_0.email,
        c1_0.full_name,
        c1_0.passport_id,
        p1_0.id,
        p1_0.created_at,
        p1_0.number,
        p1_0.series,
        c1_0.phone_number,
        c1_0.updated_at 
    from
        clients c1_0 
    join
        passports p1_0 
            on p1_0.id=c1_0.passport_id 
    where
        c1_0.id=?
Hibernate: 
    select
        c1_0.id,
        c1_0.created_at,
        c1_0.email,
        c1_0.full_name,
        c1_0.passport_id,
        p1_0.id,
        p1_0.created_at,
        p1_0.number,
        p1_0.series,
        c1_0.phone_number,
        c1_0.updated_at 
    from
        clients c1_0 
    join
        passports p1_0 
            on p1_0.id=c1_0.passport_id 
    where
        c1_0.id=?
[...]
    select
        tr1_0.id,
        tr1_0.booking_status,
        tr1_0.client_id,
        c1_0.id,
        c1_0.created_at,
        c1_0.email,
        c1_0.full_name,
        c1_0.passport_id,
        p1_0.id,
        p1_0.created_at,
        p1_0.number,
        p1_0.series,
        c1_0.phone_number,
        c1_0.updated_at,
        tr1_0.created_at,
        tr1_0.event_id,
        e1_0.id,
        e1_0.created_at,
        e1_0.date,
        e1_0.description,
        e1_0.name,
        e1_0.number_of_seats,
        e1_0.status,
        e1_0.ticket_price,
        e1_0.updated_at,
        tr1_0.number_of_tickets,
        tr1_0.updated_at 
    from
        ticket_reservations tr1_0 
    join
        clients c1_0 
            on c1_0.id=tr1_0.client_id 
    join
        passports p1_0 
            on p1_0.id=c1_0.passport_id 
    join
        events e1_0 
            on e1_0.id=tr1_0.event_id 
    where
        tr1_0.id=?
Hibernate: 
    select
        tr1_0.id,
        tr1_0.booking_status,
        tr1_0.client_id,
        c1_0.id,
        c1_0.created_at,
        c1_0.email,
        c1_0.full_name,
        c1_0.passport_id,
        p1_0.id,
        p1_0.created_at,
        p1_0.number,
        p1_0.series,
        c1_0.phone_number,
        c1_0.updated_at,
        tr1_0.created_at,
        tr1_0.event_id,
        e1_0.id,
        e1_0.created_at,
        e1_0.date,
        e1_0.description,
        e1_0.name,
        e1_0.number_of_seats,
        e1_0.status,
        e1_0.ticket_price,
        e1_0.updated_at,
        tr1_0.number_of_tickets,
        tr1_0.updated_at 
    from
        ticket_reservations tr1_0 
    join
        clients c1_0 
            on c1_0.id=tr1_0.client_id 
    join
        passports p1_0 
            on p1_0.id=c1_0.passport_id 
    join
        events e1_0 
            on e1_0.id=tr1_0.event_id 
    where
        tr1_0.id=?
2025-12-20T14:52:59.945+03:00 DEBUG 9332 --- [EventManagement] [o-auto-1-exec-1] org.hibernate.SQL                        : 
    select
        coalesce(sum(tr1_0.number_of_tickets), 0) 
    from
        ticket_reservations tr1_0 
    where
        tr1_0.event_id=? 
        and tr1_0.booking_status='подтверждено'
Hibernate: 
    select
        coalesce(sum(tr1_0.number_of_tickets), 0) 
    from
        ticket_reservations tr1_0 
    where
        tr1_0.event_id=? 
        and tr1_0.booking_status='подтверждено'
2025-12-20T14:52:59.947+03:00  INFO 9332 --- [EventManagement] [o-auto-1-exec-1] c.e.e.service.TicketReservationService   : Бронирование с ID 9 подтверждено
2025-12-20T14:52:59.949+03:00 DEBUG 9332 --- [EventManagement] [o-auto-1-exec-1] org.hibernate.SQL                        : 
    update
        ticket_reservations 
    set
        booking_status=?,
        client_id=?,
        event_id=?,
        number_of_tickets=?,
        updated_at=? 
    where
        id=?
Hibernate: 
    update
        ticket_reservations 
    set
        booking_status=?,
        client_id=?,
        event_id=?,
        number_of_tickets=?,
        updated_at=? 
    where
        id=?
2025-12-20T14:52:59.951+03:00  INFO 9332 --- [EventManagement] [o-auto-1-exec-1] c.e.e.c.TicketReservationController      : Бронирование с id 9 было подтверждено
2025-12-20T14:52:59.964+03:00  INFO 9332 --- [EventManagement] [o-auto-1-exec-3] c.e.e.controller.EventController         : GET /api/events/10 - получение статистики мероприятия по ID
2025-12-20T14:52:59.965+03:00 DEBUG 9332 --- [EventManagement] [o-auto-1-exec-3] c.e.e.service.EventService               : Получение статистики для мероприятия с ID: 10
2025-12-20T14:52:59.966+03:00 DEBUG 9332 --- [EventManagement] [o-auto-1-exec-3] org.hibernate.SQL                        : 
    select
        e1_0.id,
        e1_0.created_at,
        e1_0.date,
        e1_0.description,
        e1_0.name,
        e1_0.number_of_seats,
        e1_0.status,
        e1_0.ticket_price,
        e1_0.updated_at 
    from
        events e1_0 
    where
        e1_0.id=?
Hibernate: 
    select
        e1_0.id,
        e1_0.created_at,
        e1_0.date,
        e1_0.description,
        e1_0.name,
        e1_0.number_of_seats,
        e1_0.status,
        e1_0.ticket_price,
        e1_0.updated_at 
    from
        events e1_0 
    where
        e1_0.id=?
2025-12-20T14:52:59.969+03:00 DEBUG 9332 --- [EventManagement] [o-auto-1-exec-3] org.hibernate.SQL                        : 
    select
        coalesce(sum(tr1_0.number_of_tickets), 0) 
    from
        ticket_reservations tr1_0 
    where
        tr1_0.event_id=? 
        and tr1_0.booking_status='подтверждено'
Hibernate: 
    select
        coalesce(sum(tr1_0.number_of_tickets), 0) 
    from
        ticket_reservations tr1_0 
    where
        tr1_0.event_id=? 
        and tr1_0.booking_status='подтверждено'
2025-12-20T14:52:59.972+03:00  INFO 9332 --- [EventManagement] [o-auto-1-exec-3] c.e.e.controller.EventController         : Статистика мероприятия с id 10 найдена: забронированные билеты - 2, выручка - 3000.00
2025-12-20T14:52:59.988+03:00  INFO 9332 --- [EventManagement] [o-auto-1-exec-4] c.e.e.c.TicketReservationController      : GET /api/ticketReservations - получение списка всех бронирований
2025-12-20T14:52:59.989+03:00 DEBUG 9332 --- [EventManagement] [o-auto-1-exec-4] c.e.e.service.TicketReservationService   : Получение списка всех бронирований
2025-12-20T14:52:59.991+03:00 DEBUG 9332 --- [EventManagement] [o-auto-1-exec-4] org.hibernate.SQL                        : 
    select
        tr1_0.id,
        tr1_0.booking_status,
        tr1_0.client_id,
        tr1_0.created_at,
        tr1_0.event_id,
        tr1_0.number_of_tickets,
        tr1_0.updated_at 
    from
        ticket_reservations tr1_0
Hibernate: 
    select
        tr1_0.id,
        tr1_0.booking_status,
        tr1_0.client_id,
        tr1_0.created_at,
        tr1_0.event_id,
        tr1_0.number_of_tickets,
        tr1_0.updated_at 
    from
        ticket_reservations tr1_0
2025-12-20T14:52:59.993+03:00 DEBUG 9332 --- [EventManagement] [o-auto-1-exec-4] org.hibernate.SQL                        : 
    select
        c1_0.id,
        c1_0.created_at,
        c1_0.email,
        c1_0.full_name,
        c1_0.passport_id,
        p1_0.id,
        p1_0.created_at,
        p1_0.number,
        p1_0.series,
        c1_0.phone_number,
        c1_0.updated_at 
    from
        clients c1_0 
    join
        passports p1_0 
            on p1_0.id=c1_0.passport_id 
    where
        c1_0.id=?
Hibernate: 
    select
        c1_0.id,
        c1_0.created_at,
        c1_0.email,
        c1_0.full_name,
        c1_0.passport_id,
        p1_0.id,
        p1_0.created_at,
        p1_0.number,
        p1_0.series,
        c1_0.phone_number,
        c1_0.updated_at 
    from
        clients c1_0 
    join
        passports p1_0 
            on p1_0.id=c1_0.passport_id 
    where
        c1_0.id=?
2025-12-20T14:52:59.996+03:00 DEBUG 9332 --- [EventManagement] [o-auto-1-exec-4] org.hibernate.SQL                        : 
    select
        e1_0.id,
        e1_0.created_at,
        e1_0.date,
        e1_0.description,
        e1_0.name,
        e1_0.number_of_seats,
        e1_0.status,
        e1_0.ticket_price,
        e1_0.updated_at 
    from
        events e1_0 
    where
        e1_0.id=?
Hibernate: 
    select
        e1_0.id,
        e1_0.created_at,
        e1_0.date,
        e1_0.description,
        e1_0.name,
        e1_0.number_of_seats,
        e1_0.status,
        e1_0.ticket_price,
        e1_0.updated_at 
    from
        events e1_0 
    where
        e1_0.id=?
2025-12-20T14:52:59.998+03:00 DEBUG 9332 --- [EventManagement] [o-auto-1-exec-4] org.hibernate.SQL                        : 
    select
        c1_0.id,
        c1_0.created_at,
        c1_0.email,
        c1_0.full_name,
        c1_0.passport_id,
        p1_0.id,
        p1_0.created_at,
        p1_0.number,
        p1_0.series,
        c1_0.phone_number,
        c1_0.updated_at 
    from
        clients c1_0 
    join
        passports p1_0 
            on p1_0.id=c1_0.passport_id 
    where
        c1_0.id=?
Hibernate: 
    select
        c1_0.id,
        c1_0.created_at,
        c1_0.email,
        c1_0.full_name,
        c1_0.passport_id,
        p1_0.id,
        p1_0.created_at,
        p1_0.number,
        p1_0.series,
        c1_0.phone_number,
        c1_0.updated_at 
    from
        clients c1_0 
    join
        passports p1_0 
            on p1_0.id=c1_0.passport_id 
    where
        c1_0.id=?
2025-12-20T14:53:00.000+03:00 DEBUG 9332 --- [EventManagement] [o-auto-1-exec-4] org.hibernate.SQL                        : 
    select
        c1_0.id,
        c1_0.created_at,
        c1_0.email,
        c1_0.full_name,
        c1_0.passport_id,
        p1_0.id,
        p1_0.created_at,
        p1_0.number,
        p1_0.series,
        c1_0.phone_number,
        c1_0.updated_at 
    from
        clients c1_0 
    join
        passports p1_0 
            on p1_0.id=c1_0.passport_id 
    where
        c1_0.id=?
Hibernate: 
    select
        c1_0.id,
        c1_0.created_at,
        c1_0.email,
        c1_0.full_name,
        c1_0.passport_id,
        p1_0.id,
        p1_0.created_at,
        p1_0.number,
        p1_0.series,
        c1_0.phone_number,
        c1_0.updated_at 
    from
        clients c1_0 
    join
        passports p1_0 
            on p1_0.id=c1_0.passport_id 
    where
        c1_0.id=?
2025-12-20T14:53:00.003+03:00 DEBUG 9332 --- [EventManagement] [o-auto-1-exec-4] org.hibernate.SQL                        : 
    select
        e1_0.id,
        e1_0.created_at,
        e1_0.date,
        e1_0.description,
        e1_0.name,
        e1_0.number_of_seats,
        e1_0.status,
        e1_0.ticket_price,
        e1_0.updated_at 
    from
        events e1_0 
    where
        e1_0.id=?
Hibernate: 
    select
        e1_0.id,
        e1_0.created_at,
        e1_0.date,
        e1_0.description,
        e1_0.name,
        e1_0.number_of_seats,
        e1_0.status,
        e1_0.ticket_price,
        e1_0.updated_at 
    from
        events e1_0 
    where
        e1_0.id=?
2025-12-20T14:53:00.006+03:00 DEBUG 9332 --- [EventManagement] [o-auto-1-exec-4] org.hibernate.SQL                        : 
    select
        c1_0.id,
        c1_0.created_at,
        c1_0.email,
        c1_0.full_name,
        c1_0.passport_id,
        p1_0.id,
        p1_0.created_at,
        p1_0.number,
        p1_0.series,
        c1_0.phone_number,
        c1_0.updated_at 
    from
        clients c1_0 
    join
        passports p1_0 
            on p1_0.id=c1_0.passport_id 
    where
        c1_0.id=?
Hibernate: 
    select
        c1_0.id,
        c1_0.created_at,
        c1_0.email,
        c1_0.full_name,
        c1_0.passport_id,
        p1_0.id,
        p1_0.created_at,
        p1_0.number,
        p1_0.series,
        c1_0.phone_number,
        c1_0.updated_at 
    from
        clients c1_0 
    join
        passports p1_0 
            on p1_0.id=c1_0.passport_id 
    where
        c1_0.id=?
2025-12-20T14:53:00.009+03:00 DEBUG 9332 --- [EventManagement] [o-auto-1-exec-4] org.hibernate.SQL                        : 
    select
        e1_0.id,
        e1_0.created_at,
        e1_0.date,
        e1_0.description,
        e1_0.name,
        e1_0.number_of_seats,
        e1_0.status,
        e1_0.ticket_price,
        e1_0.updated_at 
    from
        events e1_0 
    where
        e1_0.id=?
Hibernate: 
    select
        e1_0.id,
        e1_0.created_at,
        e1_0.date,
        e1_0.description,
        e1_0.name,
        e1_0.number_of_seats,
        e1_0.status,
        e1_0.ticket_price,
        e1_0.updated_at 
    from
        events e1_0 
    where
        e1_0.id=?
2025-12-20T14:53:00.013+03:00 DEBUG 9332 --- [EventManagement] [o-auto-1-exec-4] org.hibernate.SQL                        : 
    select
        c1_0.id,
        c1_0.created_at,
        c1_0.email,
        c1_0.full_name,
        c1_0.passport_id,
        p1_0.id,
        p1_0.created_at,
        p1_0.number,
        p1_0.series,
        c1_0.phone_number,
        c1_0.updated_at 
    from
        clients c1_0 
    join
        passports p1_0 
            on p1_0.id=c1_0.passport_id 
    where
        c1_0.id=?
Hibernate: 
    select
        c1_0.id,
        c1_0.created_at,
        c1_0.email,
        c1_0.full_name,
        c1_0.passport_id,
        p1_0.id,
        p1_0.created_at,
        p1_0.number,
        p1_0.series,
        c1_0.phone_number,
        c1_0.updated_at 
    from
        clients c1_0 
    join
        passports p1_0 
            on p1_0.id=c1_0.passport_id 
    where
        c1_0.id=?
2025-12-20T14:53:00.017+03:00 DEBUG 9332 --- [EventManagement] [o-auto-1-exec-4] org.hibernate.SQL                        : 
    select
        e1_0.id,
        e1_0.created_at,
        e1_0.date,
        e1_0.description,
        e1_0.name,
        e1_0.number_of_seats,
        e1_0.status,
        e1_0.ticket_price,
        e1_0.updated_at 
    from
        events e1_0 
    where
        e1_0.id=?
Hibernate: 
    select
        e1_0.id,
        e1_0.created_at,
        e1_0.date,
        e1_0.description,
        e1_0.name,
        e1_0.number_of_seats,
        e1_0.status,
        e1_0.ticket_price,
        e1_0.updated_at 
    from
        events e1_0 
    where
        e1_0.id=?
2025-12-20T14:53:00.020+03:00 DEBUG 9332 --- [EventManagement] [o-auto-1-exec-4] org.hibernate.SQL                        : 
    select
        c1_0.id,
        c1_0.created_at,
        c1_0.email,
        c1_0.full_name,
        c1_0.passport_id,
        p1_0.id,
        p1_0.created_at,
        p1_0.number,
        p1_0.series,
        c1_0.phone_number,
        c1_0.updated_at 
    from
        clients c1_0 
    join
        passports p1_0 
            on p1_0.id=c1_0.passport_id 
    where
        c1_0.id=?
Hibernate: 
    select
        c1_0.id,
        c1_0.created_at,
        c1_0.email,
        c1_0.full_name,
        c1_0.passport_id,
        p1_0.id,
        p1_0.created_at,
        p1_0.number,
        p1_0.series,
        c1_0.phone_number,
        c1_0.updated_at 
    from
        clients c1_0 
    join
        passports p1_0 
            on p1_0.id=c1_0.passport_id 
    where
        c1_0.id=?
2025-12-20T14:53:00.024+03:00 DEBUG 9332 --- [EventManagement] [o-auto-1-exec-4] org.hibernate.SQL                        : 
    select
        e1_0.id,
        e1_0.created_at,
        e1_0.date,
        e1_0.description,
        e1_0.name,
        e1_0.number_of_seats,
        e1_0.status,
        e1_0.ticket_price,
        e1_0.updated_at 
    from
        events e1_0 
    where
        e1_0.id=?
Hibernate: 
    select
        e1_0.id,
        e1_0.created_at,
        e1_0.date,
        e1_0.description,
        e1_0.name,
        e1_0.number_of_seats,
        e1_0.status,
        e1_0.ticket_price,
        e1_0.updated_at 
    from
        events e1_0 
    where
        e1_0.id=?
2025-12-20T14:53:00.027+03:00 DEBUG 9332 --- [EventManagement] [o-auto-1-exec-4] org.hibernate.SQL                        : 
    select
        c1_0.id,
        c1_0.created_at,
        c1_0.email,
        c1_0.full_name,
        c1_0.passport_id,
        p1_0.id,
        p1_0.created_at,
        p1_0.number,
        p1_0.series,
        c1_0.phone_number,
        c1_0.updated_at 
    from
        clients c1_0 
    join
        passports p1_0 
            on p1_0.id=c1_0.passport_id 
    where
        c1_0.id=?
Hibernate: 
    select
        c1_0.id,
        c1_0.created_at,
        c1_0.email,
        c1_0.full_name,
        c1_0.passport_id,
        p1_0.id,
        p1_0.created_at,
        p1_0.number,
        p1_0.series,
        c1_0.phone_number,
        c1_0.updated_at 
    from
        clients c1_0 
    join
        passports p1_0 
            on p1_0.id=c1_0.passport_id 
    where
        c1_0.id=?
2025-12-20T14:53:00.030+03:00 DEBUG 9332 --- [EventManagement] [o-auto-1-exec-4] org.hibernate.SQL                        : 
    select
        e1_0.id,
        e1_0.created_at,
        e1_0.date,
        e1_0.description,
        e1_0.name,
        e1_0.number_of_seats,
        e1_0.status,
        e1_0.ticket_price,
        e1_0.updated_at 
    from
        events e1_0 
    where
        e1_0.id=?
Hibernate: 
    select
        e1_0.id,
        e1_0.created_at,
        e1_0.date,
        e1_0.description,
        e1_0.name,
        e1_0.number_of_seats,
        e1_0.status,
        e1_0.ticket_price,
        e1_0.updated_at 
    from
        events e1_0 
    where
        e1_0.id=?
2025-12-20T14:53:00.035+03:00 DEBUG 9332 --- [EventManagement] [o-auto-1-exec-4] c.e.e.c.TicketReservationController      : Найдено бронирований: 7
2025-12-20T14:53:00.046+03:00  INFO 9332 --- [EventManagement] [o-auto-1-exec-5] c.e.e.controller.ClientController        : DELETE /api/clients/11 - удаление клиента
2025-12-20T14:53:00.047+03:00  INFO 9332 --- [EventManagement] [o-auto-1-exec-5] c.e.e.service.ClientService              : Удаление клиента с ID: 11
2025-12-20T14:53:00.048+03:00 DEBUG 9332 --- [EventManagement] [o-auto-1-exec-5] org.hibernate.SQL                        : 
    select
        c1_0.id,
        c1_0.created_at,
        c1_0.email,
        c1_0.full_name,
        c1_0.passport_id,
        p1_0.id,
        p1_0.created_at,
        p1_0.number,
        p1_0.series,
        c1_0.phone_number,
        c1_0.updated_at 
    from
        clients c1_0 
    join
        passports p1_0 
            on p1_0.id=c1_0.passport_id 
    where
        c1_0.id=?
Hibernate: 
    select
        c1_0.id,
        c1_0.created_at,
        c1_0.email,
        c1_0.full_name,
        c1_0.passport_id,
        p1_0.id,
        p1_0.created_at,
        p1_0.number,
        p1_0.series,
        c1_0.phone_number,
        c1_0.updated_at 
    from
        clients c1_0 
    join
        passports p1_0 
            on p1_0.id=c1_0.passport_id 
    where
        c1_0.id=?
2025-12-20T14:53:00.050+03:00 DEBUG 9332 --- [EventManagement] [o-auto-1-exec-5] c.e.e.service.ClientService              : Проверка возможности удаления клиента с ID: 11
2025-12-20T14:53:00.054+03:00 DEBUG 9332 --- [EventManagement] [o-auto-1-exec-5] org.hibernate.SQL                        : 
    select
        tr1_0.id,
        tr1_0.booking_status,
        tr1_0.client_id,
        tr1_0.created_at,
        tr1_0.event_id,
        tr1_0.number_of_tickets,
        tr1_0.updated_at 
    from
        ticket_reservations tr1_0 
    left join
        clients c1_0 
            on c1_0.id=tr1_0.client_id 
    where
        c1_0.id=? 
        and tr1_0.booking_status in (?, ?)
Hibernate: 
    select
        tr1_0.id,
        tr1_0.booking_status,
        tr1_0.client_id,
        tr1_0.created_at,
        tr1_0.event_id,
        tr1_0.number_of_tickets,
        tr1_0.updated_at 
    from
        ticket_reservations tr1_0 
    left join
        clients c1_0 
            on c1_0.id=tr1_0.client_id 
    where
        c1_0.id=? 
        and tr1_0.booking_status in (?, ?)
2025-12-20T14:53:00.056+03:00 DEBUG 9332 --- [EventManagement] [o-auto-1-exec-5] org.hibernate.SQL                        : 
    select
        e1_0.id,
        e1_0.created_at,
        e1_0.date,
        e1_0.description,
        e1_0.name,
        e1_0.number_of_seats,
        e1_0.status,
        e1_0.ticket_price,
        e1_0.updated_at 
    from
        events e1_0 
    where
        e1_0.id=?
Hibernate: 
    select
        e1_0.id,
        e1_0.created_at,
        e1_0.date,
        e1_0.description,
        e1_0.name,
        e1_0.number_of_seats,
        e1_0.status,
        e1_0.ticket_price,
        e1_0.updated_at 
    from
        events e1_0 
    where
        e1_0.id=?
2025-12-20T14:53:00.059+03:00  WARN 9332 --- [EventManagement] [o-auto-1-exec-5] c.e.e.exception.GlobalExceptionHandler   : Business validation error: Этого клиента с id 11 нельзя удалить, у него еще есть активные бронирования
]]></system-out>
  </testcase>
</testsuite>