<?xml version="1.0" encoding="UTF-8"?>
<testsuite xmlns:xsi="http://www.w3.org/2001/XMLSchema-instance" xsi:noNamespaceSchemaLocation="https://maven.apache.org/surefire/maven-surefire-plugin/xsd/surefire-test-report.xsd" version="3.0.2" name="com.example.eventmanagement.entity.TicketReservationEntityIntegrationTest" time="17.163" tests="10" errors="0" skipped="0" failures="0">
  <properties>
[...]
</properties>
  <testcase name="shouldSaveTicketReservationWithClientAndEvent" classname="com.example.eventmanagement.entity.TicketReservationEntityIntegrationTest" time="0.883">
    <system-out><![CDATA[14:50:41.470 [main] INFO org.springframework.test.context.support.AnnotationConfigContextLoaderUtils -- Could not detect default configuration classes for test class [com.example.eventmanagement.entity.TicketReservationEntityIntegrationTest]: TicketReservationEntityIntegrationTest does not declare any static, non-private, non-final, nested classes annotated with @Configuration.
14:50:42.292 [main] INFO org.springframework.boot.test.context.SpringBootTestContextBootstrapper -- Found @SpringBootConfiguration com.example.eventmanagement.EventManagementApplication for test class com.example.eventmanagement.entity.TicketReservationEntityIntegrationTest
2025-12-20T14:50:44.424+03:00  INFO 7152 --- [EventManagement] [           main] e.TicketReservationEntityIntegrationTest : Starting TicketReservationEntityIntegrationTest using Java 21.0.8 with PID 7152 (started by Karina in D:\MyJava\for github\Java_Spring_EventManagement\EventManagement)
2025-12-20T14:50:44.428+03:00 DEBUG 7152 --- [EventManagement] [           main] e.TicketReservationEntityIntegrationTest : Running with Spring Boot v3.5.7, Spring v6.2.12
2025-12-20T14:50:44.430+03:00  INFO 7152 --- [EventManagement] [           main] e.TicketReservationEntityIntegrationTest : The following 1 profile is active: "test"
2025-12-20T14:50:49.631+03:00  WARN 7152 --- [EventManagement] [           main] org.hibernate.orm.deprecation            : HHH90000021: Encountered deprecated setting [hibernate.temp.use_jdbc_metadata_defaults], use [hibernate.boot.allow_jdbc_metadata_access] instead
2025-12-20T14:50:49.689+03:00  WARN 7152 --- [EventManagement] [           main] org.hibernate.orm.deprecation            : HHH90000025: H2Dialect does not need to be specified explicitly using 'hibernate.dialect' (remove the property setting and it will be selected by default)
2025-12-20T14:50:52.703+03:00 DEBUG 7152 --- [EventManagement] [           main] org.hibernate.SQL                        : 
    drop table if exists clients cascade 
Hibernate: 
    drop table if exists clients cascade 
2025-12-20T14:50:52.714+03:00 DEBUG 7152 --- [EventManagement] [           main] org.hibernate.SQL                        : 
    drop table if exists events cascade 
Hibernate: 
    drop table if exists events cascade 
2025-12-20T14:50:52.714+03:00 DEBUG 7152 --- [EventManagement] [           main] org.hibernate.SQL                        : 
    drop table if exists passports cascade 
Hibernate: 
    drop table if exists passports cascade 
2025-12-20T14:50:52.715+03:00 DEBUG 7152 --- [EventManagement] [           main] org.hibernate.SQL                        : 
    drop table if exists ticket_reservations cascade 
Hibernate: 
    drop table if exists ticket_reservations cascade 
2025-12-20T14:50:52.726+03:00 DEBUG 7152 --- [EventManagement] [           main] org.hibernate.SQL                        : 
    create table clients (
        created_at timestamp(6) not null,
        id bigint generated by default as identity,
        passport_id bigint not null unique,
        updated_at timestamp(6) not null,
        email varchar(255),
        full_name varchar(255) not null,
        phone_number varchar(255) not null,
        primary key (id),
        unique (phone_number),
        unique (email)
    )
Hibernate: 
    create table clients (
        created_at timestamp(6) not null,
        id bigint generated by default as identity,
        passport_id bigint not null unique,
        updated_at timestamp(6) not null,
        email varchar(255),
        full_name varchar(255) not null,
        phone_number varchar(255) not null,
        primary key (id),
        unique (phone_number),
        unique (email)
    )
2025-12-20T14:50:52.753+03:00 DEBUG 7152 --- [EventManagement] [           main] org.hibernate.SQL                        : 
    create table events (
        date date not null,
        number_of_seats integer not null,
        ticket_price numeric(38,2) not null,
        created_at timestamp(6) not null,
        id bigint generated by default as identity,
        updated_at timestamp(6) not null,
        description varchar(255),
        name varchar(255) not null,
        status varchar(255),
        primary key (id),
        unique (name, date)
    )
Hibernate: 
    create table events (
        date date not null,
        number_of_seats integer not null,
        ticket_price numeric(38,2) not null,
        created_at timestamp(6) not null,
        id bigint generated by default as identity,
        updated_at timestamp(6) not null,
        description varchar(255),
        name varchar(255) not null,
        status varchar(255),
        primary key (id),
        unique (name, date)
    )
2025-12-20T14:50:52.758+03:00 DEBUG 7152 --- [EventManagement] [           main] org.hibernate.SQL                        : 
    create table passports (
        created_at timestamp(6) not null,
        id bigint generated by default as identity,
        number varchar(255) not null,
        series varchar(255) not null,
        primary key (id),
        unique (series, number)
    )
Hibernate: 
    create table passports (
        created_at timestamp(6) not null,
        id bigint generated by default as identity,
        number varchar(255) not null,
        series varchar(255) not null,
        primary key (id),
        unique (series, number)
    )
2025-12-20T14:50:52.761+03:00 DEBUG 7152 --- [EventManagement] [           main] org.hibernate.SQL                        : 
    create table ticket_reservations (
        number_of_tickets integer not null,
        client_id bigint not null,
        created_at timestamp(6) not null,
        event_id bigint not null,
        id bigint generated by default as identity,
        updated_at timestamp(6) not null,
        booking_status varchar(255) not null,
        primary key (id)
    )
Hibernate: 
    create table ticket_reservations (
        number_of_tickets integer not null,
        client_id bigint not null,
        created_at timestamp(6) not null,
        event_id bigint not null,
        id bigint generated by default as identity,
        updated_at timestamp(6) not null,
        booking_status varchar(255) not null,
        primary key (id)
    )
2025-12-20T14:50:52.767+03:00 DEBUG 7152 --- [EventManagement] [           main] org.hibernate.SQL                        : 
    alter table if exists clients 
       add constraint FKt1bl0t3m5aw25yqxwusroqtot 
       foreign key (passport_id) 
       references passports
Hibernate: 
    alter table if exists clients 
       add constraint FKt1bl0t3m5aw25yqxwusroqtot 
       foreign key (passport_id) 
       references passports
2025-12-20T14:50:52.800+03:00 DEBUG 7152 --- [EventManagement] [           main] org.hibernate.SQL                        : 
    alter table if exists ticket_reservations 
       add constraint FK9a3lo2x3fo97ls7srey2t1h0b 
       foreign key (client_id) 
       references clients
Hibernate: 
    alter table if exists ticket_reservations 
       add constraint FK9a3lo2x3fo97ls7srey2t1h0b 
       foreign key (client_id) 
       references clients
2025-12-20T14:50:52.802+03:00 DEBUG 7152 --- [EventManagement] [           main] org.hibernate.SQL                        : 
    alter table if exists ticket_reservations 
       add constraint FKcotij3bbsk2md3qnvbqh5tbsw 
       foreign key (event_id) 
       references events
Hibernate: 
    alter table if exists ticket_reservations 
       add constraint FKcotij3bbsk2md3qnvbqh5tbsw 
       foreign key (event_id) 
       references events
2025-12-20T14:50:56.393+03:00  INFO 7152 --- [EventManagement] [           main] e.TicketReservationEntityIntegrationTest : Started TicketReservationEntityIntegrationTest in 13.753 seconds (process running for 17.756)
2025-12-20T14:50:56.874+03:00 DEBUG 7152 --- [EventManagement] [           main] org.hibernate.SQL                        : 
    insert 
    into
        passports
        (created_at, number, series, id) 
    values
        (?, ?, ?, default)
Hibernate: 
    insert 
    into
        passports
        (created_at, number, series, id) 
    values
        (?, ?, ?, default)
2025-12-20T14:50:57.065+03:00 DEBUG 7152 --- [EventManagement] [           main] org.hibernate.SQL                        : 
    insert 
    into
        clients
        (created_at, email, full_name, passport_id, phone_number, updated_at, id) 
    values
        (?, ?, ?, ?, ?, ?, default)
Hibernate: 
    insert 
    into
        clients
        (created_at, email, full_name, passport_id, phone_number, updated_at, id) 
    values
        (?, ?, ?, ?, ?, ?, default)
2025-12-20T14:50:57.085+03:00 DEBUG 7152 --- [EventManagement] [           main] org.hibernate.SQL                        : 
    insert 
    into
        events
        (created_at, date, description, name, number_of_seats, status, ticket_price, updated_at, id) 
    values
        (?, ?, ?, ?, ?, ?, ?, ?, default)
Hibernate: 
    insert 
    into
        events
        (created_at, date, description, name, number_of_seats, status, ticket_price, updated_at, id) 
    values
        (?, ?, ?, ?, ?, ?, ?, ?, default)
2025-12-20T14:50:57.091+03:00 DEBUG 7152 --- [EventManagement] [           main] org.hibernate.SQL                        : 
    insert 
    into
        ticket_reservations
        (booking_status, client_id, created_at, event_id, number_of_tickets, updated_at, id) 
    values
        (?, ?, ?, ?, ?, ?, default)
Hibernate: 
    insert 
    into
        ticket_reservations
        (booking_status, client_id, created_at, event_id, number_of_tickets, updated_at, id) 
    values
        (?, ?, ?, ?, ?, ?, default)
]]></system-out>
  </testcase>
  <testcase name="shouldCascadeFromClientAndEvent" classname="com.example.eventmanagement.entity.TicketReservationEntityIntegrationTest" time="0.185">
    <system-out><![CDATA[2025-12-20T14:50:57.307+03:00 DEBUG 7152 --- [EventManagement] [           main] org.hibernate.SQL                        : 
    insert 
    into
        passports
        (created_at, number, series, id) 
    values
        (?, ?, ?, default)
Hibernate: 
    insert 
    into
        passports
        (created_at, number, series, id) 
    values
        (?, ?, ?, default)
2025-12-20T14:50:57.312+03:00 DEBUG 7152 --- [EventManagement] [           main] org.hibernate.SQL                        : 
    insert 
    into
        clients
        (created_at, email, full_name, passport_id, phone_number, updated_at, id) 
    values
        (?, ?, ?, ?, ?, ?, default)
Hibernate: 
    insert 
    into
        clients
        (created_at, email, full_name, passport_id, phone_number, updated_at, id) 
    values
        (?, ?, ?, ?, ?, ?, default)
2025-12-20T14:50:57.317+03:00 DEBUG 7152 --- [EventManagement] [           main] org.hibernate.SQL                        : 
    insert 
    into
        events
        (created_at, date, description, name, number_of_seats, status, ticket_price, updated_at, id) 
    values
        (?, ?, ?, ?, ?, ?, ?, ?, default)
Hibernate: 
    insert 
    into
        events
        (created_at, date, description, name, number_of_seats, status, ticket_price, updated_at, id) 
    values
        (?, ?, ?, ?, ?, ?, ?, ?, default)
2025-12-20T14:50:57.321+03:00 DEBUG 7152 --- [EventManagement] [           main] org.hibernate.SQL                        : 
    insert 
    into
        ticket_reservations
        (booking_status, client_id, created_at, event_id, number_of_tickets, updated_at, id) 
    values
        (?, ?, ?, ?, ?, ?, default)
Hibernate: 
    insert 
    into
        ticket_reservations
        (booking_status, client_id, created_at, event_id, number_of_tickets, updated_at, id) 
    values
        (?, ?, ?, ?, ?, ?, default)
2025-12-20T14:50:57.365+03:00 DEBUG 7152 --- [EventManagement] [           main] org.hibernate.SQL                        : 
    select
        c1_0.id,
        c1_0.created_at,
        c1_0.email,
        c1_0.full_name,
        c1_0.passport_id,
        p1_0.id,
        p1_0.created_at,
        p1_0.number,
        p1_0.series,
        c1_0.phone_number,
        c1_0.updated_at 
    from
        clients c1_0 
    join
        passports p1_0 
            on p1_0.id=c1_0.passport_id 
    where
        c1_0.id=?
Hibernate: 
    select
        c1_0.id,
        c1_0.created_at,
        c1_0.email,
        c1_0.full_name,
        c1_0.passport_id,
        p1_0.id,
        p1_0.created_at,
        p1_0.number,
        p1_0.series,
        c1_0.phone_number,
        c1_0.updated_at 
    from
        clients c1_0 
    join
        passports p1_0 
            on p1_0.id=c1_0.passport_id 
    where
        c1_0.id=?
2025-12-20T14:50:57.432+03:00 DEBUG 7152 --- [EventManagement] [           main] org.hibernate.SQL                        : 
    select
        tr1_0.client_id,
        tr1_0.id,
        tr1_0.booking_status,
        tr1_0.created_at,
        tr1_0.event_id,
        e1_0.id,
        e1_0.created_at,
        e1_0.date,
        e1_0.description,
        e1_0.name,
        e1_0.number_of_seats,
        e1_0.status,
        e1_0.ticket_price,
        e1_0.updated_at,
        tr1_0.number_of_tickets,
        tr1_0.updated_at 
    from
        ticket_reservations tr1_0 
    left join
        events e1_0 
            on e1_0.id=tr1_0.event_id 
    where
        tr1_0.client_id=?
Hibernate: 
    select
        tr1_0.client_id,
        tr1_0.id,
        tr1_0.booking_status,
        tr1_0.created_at,
        tr1_0.event_id,
        e1_0.id,
        e1_0.created_at,
        e1_0.date,
        e1_0.description,
        e1_0.name,
        e1_0.number_of_seats,
        e1_0.status,
        e1_0.ticket_price,
        e1_0.updated_at,
        tr1_0.number_of_tickets,
        tr1_0.updated_at 
    from
        ticket_reservations tr1_0 
    left join
        events e1_0 
            on e1_0.id=tr1_0.event_id 
    where
        tr1_0.client_id=?
2025-12-20T14:50:57.464+03:00 DEBUG 7152 --- [EventManagement] [           main] org.hibernate.SQL                        : 
    delete 
    from
        ticket_reservations 
    where
        id=?
Hibernate: 
    delete 
    from
        ticket_reservations 
    where
        id=?
2025-12-20T14:50:57.469+03:00 DEBUG 7152 --- [EventManagement] [           main] org.hibernate.SQL                        : 
    delete 
    from
        clients 
    where
        id=?
Hibernate: 
    delete 
    from
        clients 
    where
        id=?
2025-12-20T14:50:57.470+03:00 DEBUG 7152 --- [EventManagement] [           main] org.hibernate.SQL                        : 
    delete 
    from
        passports 
    where
        id=?
Hibernate: 
    delete 
    from
        passports 
    where
        id=?
2025-12-20T14:50:57.472+03:00 DEBUG 7152 --- [EventManagement] [           main] org.hibernate.SQL                        : 
    select
        tr1_0.id,
        tr1_0.booking_status,
        tr1_0.client_id,
        c1_0.id,
        c1_0.created_at,
        c1_0.email,
        c1_0.full_name,
        c1_0.passport_id,
        p1_0.id,
        p1_0.created_at,
        p1_0.number,
        p1_0.series,
        c1_0.phone_number,
        c1_0.updated_at,
        tr1_0.created_at,
        tr1_0.event_id,
        e1_0.id,
        e1_0.created_at,
        e1_0.date,
        e1_0.description,
        e1_0.name,
        e1_0.number_of_seats,
        e1_0.status,
        e1_0.ticket_price,
        e1_0.updated_at,
        tr1_0.number_of_tickets,
        tr1_0.updated_at 
    from
        ticket_reservations tr1_0 
    join
        clients c1_0 
            on c1_0.id=tr1_0.client_id 
    join
        passports p1_0 
            on p1_0.id=c1_0.passport_id 
    join
        events e1_0 
            on e1_0.id=tr1_0.event_id 
    where
        tr1_0.id=?
Hibernate: 
    select
        tr1_0.id,
        tr1_0.booking_status,
        tr1_0.client_id,
        c1_0.id,
        c1_0.created_at,
        c1_0.email,
        c1_0.full_name,
        c1_0.passport_id,
        p1_0.id,
        p1_0.created_at,
        p1_0.number,
        p1_0.series,
        c1_0.phone_number,
        c1_0.updated_at,
        tr1_0.created_at,
        tr1_0.event_id,
        e1_0.id,
        e1_0.created_at,
        e1_0.date,
        e1_0.description,
        e1_0.name,
        e1_0.number_of_seats,
        e1_0.status,
        e1_0.ticket_price,
        e1_0.updated_at,
        tr1_0.number_of_tickets,
        tr1_0.updated_at 
    from
        ticket_reservations tr1_0 
    join
        clients c1_0 
            on c1_0.id=tr1_0.client_id 
    join
        passports p1_0 
            on p1_0.id=c1_0.passport_id 
    join
        events e1_0 
            on e1_0.id=tr1_0.event_id 
    where
        tr1_0.id=?
]]></system-out>
  </testcase>
  <testcase name="shouldFindReservationsByClient" classname="com.example.eventmanagement.entity.TicketReservationEntityIntegrationTest" time="0.155">
    <system-out><![CDATA[2025-12-20T14:50:57.493+03:00 DEBUG 7152 --- [EventManagement] [           main] org.hibernate.SQL                        : 
    insert 
    into
        passports
        (created_at, number, series, id) 
    values
        (?, ?, ?, default)
Hibernate: 
    insert 
    into
        passports
        (created_at, number, series, id) 
    values
        (?, ?, ?, default)
2025-12-20T14:50:57.497+03:00 DEBUG 7152 --- [EventManagement] [           main] org.hibernate.SQL                        : 
    insert 
    into
        clients
        (created_at, email, full_name, passport_id, phone_number, updated_at, id) 
    values
        (?, ?, ?, ?, ?, ?, default)
Hibernate: 
    insert 
    into
        clients
        (created_at, email, full_name, passport_id, phone_number, updated_at, id) 
    values
        (?, ?, ?, ?, ?, ?, default)
2025-12-20T14:50:57.501+03:00 DEBUG 7152 --- [EventManagement] [           main] org.hibernate.SQL                        : 
    insert 
    into
        events
        (created_at, date, description, name, number_of_seats, status, ticket_price, updated_at, id) 
    values
        (?, ?, ?, ?, ?, ?, ?, ?, default)
Hibernate: 
    insert 
    into
        events
        (created_at, date, description, name, number_of_seats, status, ticket_price, updated_at, id) 
    values
        (?, ?, ?, ?, ?, ?, ?, ?, default)
2025-12-20T14:50:57.504+03:00 DEBUG 7152 --- [EventManagement] [           main] org.hibernate.SQL                        : 
    insert 
    into
        ticket_reservations
        (booking_status, client_id, created_at, event_id, number_of_tickets, updated_at, id) 
    values
        (?, ?, ?, ?, ?, ?, default)
Hibernate: 
    insert 
    into
        ticket_reservations
        (booking_status, client_id, created_at, event_id, number_of_tickets, updated_at, id) 
    values
        (?, ?, ?, ?, ?, ?, default)
2025-12-20T14:50:57.604+03:00 DEBUG 7152 --- [EventManagement] [           main] org.hibernate.SQL                        : 
    select
        tr1_0.id,
        tr1_0.booking_status,
        tr1_0.client_id,
        tr1_0.created_at,
        tr1_0.event_id,
        tr1_0.number_of_tickets,
        tr1_0.updated_at 
    from
        ticket_reservations tr1_0 
    where
        tr1_0.client_id=?
Hibernate: 
    select
        tr1_0.id,
        tr1_0.booking_status,
        tr1_0.client_id,
        tr1_0.created_at,
        tr1_0.event_id,
        tr1_0.number_of_tickets,
        tr1_0.updated_at 
    from
        ticket_reservations tr1_0 
    where
        tr1_0.client_id=?
2025-12-20T14:50:57.608+03:00 DEBUG 7152 --- [EventManagement] [           main] org.hibernate.SQL                        : 
    select
        c1_0.id,
        c1_0.created_at,
        c1_0.email,
        c1_0.full_name,
        c1_0.passport_id,
        p1_0.id,
        p1_0.created_at,
        p1_0.number,
        p1_0.series,
        c1_0.phone_number,
        c1_0.updated_at 
    from
        clients c1_0 
    join
        passports p1_0 
            on p1_0.id=c1_0.passport_id 
    where
        c1_0.id=?
Hibernate: 
    select
        c1_0.id,
        c1_0.created_at,
        c1_0.email,
        c1_0.full_name,
        c1_0.passport_id,
        p1_0.id,
        p1_0.created_at,
        p1_0.number,
        p1_0.series,
        c1_0.phone_number,
        c1_0.updated_at 
    from
        clients c1_0 
    join
        passports p1_0 
            on p1_0.id=c1_0.passport_id 
    where
        c1_0.id=?
2025-12-20T14:50:57.614+03:00 DEBUG 7152 --- [EventManagement] [           main] org.hibernate.SQL                        : 
    select
        e1_0.id,
        e1_0.created_at,
        e1_0.date,
        e1_0.description,
        e1_0.name,
        e1_0.number_of_seats,
        e1_0.status,
        e1_0.ticket_price,
        e1_0.updated_at 
    from
        events e1_0 
    where
        e1_0.id=?
Hibernate: 
    select
        e1_0.id,
        e1_0.created_at,
        e1_0.date,
        e1_0.description,
        e1_0.name,
        e1_0.number_of_seats,
        e1_0.status,
        e1_0.ticket_price,
        e1_0.updated_at 
    from
        events e1_0 
    where
        e1_0.id=?
]]></system-out>
  </testcase>
  <testcase name="shouldFindReservationsByStatus" classname="com.example.eventmanagement.entity.TicketReservationEntityIntegrationTest" time="0.053">
    <system-out><![CDATA[2025-12-20T14:50:57.656+03:00 DEBUG 7152 --- [EventManagement] [           main] org.hibernate.SQL                        : 
    insert 
    into
        passports
        (created_at, number, series, id) 
    values
        (?, ?, ?, default)
Hibernate: 
    insert 
    into
        passports
        (created_at, number, series, id) 
    values
        (?, ?, ?, default)
2025-12-20T14:50:57.664+03:00 DEBUG 7152 --- [EventManagement] [           main] org.hibernate.SQL                        : 
    insert 
    into
        clients
        (created_at, email, full_name, passport_id, phone_number, updated_at, id) 
    values
        (?, ?, ?, ?, ?, ?, default)
Hibernate: 
    insert 
    into
        clients
        (created_at, email, full_name, passport_id, phone_number, updated_at, id) 
    values
        (?, ?, ?, ?, ?, ?, default)
2025-12-20T14:50:57.668+03:00 DEBUG 7152 --- [EventManagement] [           main] org.hibernate.SQL                        : 
    insert 
    into
        events
        (created_at, date, description, name, number_of_seats, status, ticket_price, updated_at, id) 
    values
        (?, ?, ?, ?, ?, ?, ?, ?, default)
Hibernate: 
    insert 
    into
        events
        (created_at, date, description, name, number_of_seats, status, ticket_price, updated_at, id) 
    values
        (?, ?, ?, ?, ?, ?, ?, ?, default)
2025-12-20T14:50:57.672+03:00 DEBUG 7152 --- [EventManagement] [           main] org.hibernate.SQL                        : 
    insert 
    into
        ticket_reservations
        (booking_status, client_id, created_at, event_id, number_of_tickets, updated_at, id) 
    values
        (?, ?, ?, ?, ?, ?, default)
Hibernate: 
    insert 
    into
        ticket_reservations
        (booking_status, client_id, created_at, event_id, number_of_tickets, updated_at, id) 
    values
        (?, ?, ?, ?, ?, ?, default)
2025-12-20T14:50:57.677+03:00 DEBUG 7152 --- [EventManagement] [           main] org.hibernate.SQL                        : 
    insert 
    into
        ticket_reservations
        (booking_status, client_id, created_at, event_id, number_of_tickets, updated_at, id) 
    values
        (?, ?, ?, ?, ?, ?, default)
Hibernate: 
    insert 
    into
        ticket_reservations
        (booking_status, client_id, created_at, event_id, number_of_tickets, updated_at, id) 
    values
        (?, ?, ?, ?, ?, ?, default)
2025-12-20T14:50:57.685+03:00 DEBUG 7152 --- [EventManagement] [           main] org.hibernate.SQL                        : 
    select
        tr1_0.id,
        tr1_0.booking_status,
        tr1_0.client_id,
        tr1_0.created_at,
        tr1_0.event_id,
        tr1_0.number_of_tickets,
        tr1_0.updated_at 
    from
        ticket_reservations tr1_0 
    where
        tr1_0.booking_status=?
Hibernate: 
    select
        tr1_0.id,
        tr1_0.booking_status,
        tr1_0.client_id,
        tr1_0.created_at,
        tr1_0.event_id,
        tr1_0.number_of_tickets,
        tr1_0.updated_at 
    from
        ticket_reservations tr1_0 
    where
        tr1_0.booking_status=?
2025-12-20T14:50:57.688+03:00 DEBUG 7152 --- [EventManagement] [           main] org.hibernate.SQL                        : 
    select
        c1_0.id,
        c1_0.created_at,
        c1_0.email,
        c1_0.full_name,
        c1_0.passport_id,
        p1_0.id,
        p1_0.created_at,
        p1_0.number,
        p1_0.series,
        c1_0.phone_number,
        c1_0.updated_at 
    from
        clients c1_0 
    join
        passports p1_0 
            on p1_0.id=c1_0.passport_id 
    where
        c1_0.id=?
Hibernate: 
    select
        c1_0.id,
        c1_0.created_at,
        c1_0.email,
        c1_0.full_name,
        c1_0.passport_id,
        p1_0.id,
        p1_0.created_at,
        p1_0.number,
        p1_0.series,
        c1_0.phone_number,
        c1_0.updated_at 
    from
        clients c1_0 
    join
        passports p1_0 
            on p1_0.id=c1_0.passport_id 
    where
        c1_0.id=?
2025-12-20T14:50:57.692+03:00 DEBUG 7152 --- [EventManagement] [           main] org.hibernate.SQL                        : 
    select
        e1_0.id,
        e1_0.created_at,
        e1_0.date,
        e1_0.description,
        e1_0.name,
        e1_0.number_of_seats,
        e1_0.status,
        e1_0.ticket_price,
        e1_0.updated_at 
    from
        events e1_0 
    where
        e1_0.id=?
Hibernate: 
    select
        e1_0.id,
        e1_0.created_at,
        e1_0.date,
        e1_0.description,
        e1_0.name,
        e1_0.number_of_seats,
        e1_0.status,
        e1_0.ticket_price,
        e1_0.updated_at 
    from
        events e1_0 
    where
        e1_0.id=?
]]></system-out>
  </testcase>
  <testcase name="shouldMaintainBidirectionalRelationships" classname="com.example.eventmanagement.entity.TicketReservationEntityIntegrationTest" time="0.032">
    <system-out><![CDATA[2025-12-20T14:50:57.710+03:00 DEBUG 7152 --- [EventManagement] [           main] org.hibernate.SQL                        : 
    insert 
    into
        passports
        (created_at, number, series, id) 
    values
        (?, ?, ?, default)
Hibernate: 
    insert 
    into
        passports
        (created_at, number, series, id) 
    values
        (?, ?, ?, default)
2025-12-20T14:50:57.713+03:00 DEBUG 7152 --- [EventManagement] [           main] org.hibernate.SQL                        : 
    insert 
    into
        clients
        (created_at, email, full_name, passport_id, phone_number, updated_at, id) 
    values
        (?, ?, ?, ?, ?, ?, default)
Hibernate: 
    insert 
    into
        clients
        (created_at, email, full_name, passport_id, phone_number, updated_at, id) 
    values
        (?, ?, ?, ?, ?, ?, default)
2025-12-20T14:50:57.716+03:00 DEBUG 7152 --- [EventManagement] [           main] org.hibernate.SQL                        : 
    insert 
    into
        events
        (created_at, date, description, name, number_of_seats, status, ticket_price, updated_at, id) 
    values
        (?, ?, ?, ?, ?, ?, ?, ?, default)
Hibernate: 
    insert 
    into
        events
        (created_at, date, description, name, number_of_seats, status, ticket_price, updated_at, id) 
    values
        (?, ?, ?, ?, ?, ?, ?, ?, default)
2025-12-20T14:50:57.718+03:00 DEBUG 7152 --- [EventManagement] [           main] org.hibernate.SQL                        : 
    insert 
    into
        ticket_reservations
        (booking_status, client_id, created_at, event_id, number_of_tickets, updated_at, id) 
    values
        (?, ?, ?, ?, ?, ?, default)
Hibernate: 
    insert 
    into
        ticket_reservations
        (booking_status, client_id, created_at, event_id, number_of_tickets, updated_at, id) 
    values
        (?, ?, ?, ?, ?, ?, default)
2025-12-20T14:50:57.721+03:00 DEBUG 7152 --- [EventManagement] [           main] org.hibernate.SQL                        : 
    select
        tr1_0.id,
        tr1_0.booking_status,
        tr1_0.client_id,
        c1_0.id,
        c1_0.created_at,
        c1_0.email,
        c1_0.full_name,
        c1_0.passport_id,
        p1_0.id,
        p1_0.created_at,
        p1_0.number,
        p1_0.series,
        c1_0.phone_number,
        c1_0.updated_at,
        tr1_0.created_at,
        tr1_0.event_id,
        e1_0.id,
        e1_0.created_at,
        e1_0.date,
        e1_0.description,
        e1_0.name,
        e1_0.number_of_seats,
        e1_0.status,
        e1_0.ticket_price,
        e1_0.updated_at,
        tr1_0.number_of_tickets,
        tr1_0.updated_at 
    from
        ticket_reservations tr1_0 
    join
        clients c1_0 
            on c1_0.id=tr1_0.client_id 
    join
        passports p1_0 
            on p1_0.id=c1_0.passport_id 
    join
        events e1_0 
            on e1_0.id=tr1_0.event_id 
    where
        tr1_0.id=?
Hibernate: 
    select
        tr1_0.id,
        tr1_0.booking_status,
        tr1_0.client_id,
        c1_0.id,
        c1_0.created_at,
        c1_0.email,
        c1_0.full_name,
        c1_0.passport_id,
        p1_0.id,
        p1_0.created_at,
        p1_0.number,
        p1_0.series,
        c1_0.phone_number,
        c1_0.updated_at,
        tr1_0.created_at,
        tr1_0.event_id,
        e1_0.id,
        e1_0.created_at,
        e1_0.date,
        e1_0.description,
        e1_0.name,
        e1_0.number_of_seats,
        e1_0.status,
        e1_0.ticket_price,
        e1_0.updated_at,
        tr1_0.number_of_tickets,
        tr1_0.updated_at 
    from
        ticket_reservations tr1_0 
    join
        clients c1_0 
            on c1_0.id=tr1_0.client_id 
    join
        passports p1_0 
            on p1_0.id=c1_0.passport_id 
    join
        events e1_0 
            on e1_0.id=tr1_0.event_id 
    where
        tr1_0.id=?
2025-12-20T14:50:57.727+03:00 DEBUG 7152 --- [EventManagement] [           main] org.hibernate.SQL                        : 
    select
        tr1_0.client_id,
        tr1_0.id,
        tr1_0.booking_status,
        tr1_0.created_at,
        tr1_0.event_id,
        e1_0.id,
        e1_0.created_at,
        e1_0.date,
        e1_0.description,
        e1_0.name,
        e1_0.number_of_seats,
        e1_0.status,
        e1_0.ticket_price,
        e1_0.updated_at,
        tr1_0.number_of_tickets,
        tr1_0.updated_at 
    from
        ticket_reservations tr1_0 
    left join
        events e1_0 
            on e1_0.id=tr1_0.event_id 
    where
        tr1_0.client_id=?
Hibernate: 
    select
        tr1_0.client_id,
        tr1_0.id,
        tr1_0.booking_status,
        tr1_0.created_at,
        tr1_0.event_id,
        e1_0.id,
        e1_0.created_at,
        e1_0.date,
        e1_0.description,
        e1_0.name,
        e1_0.number_of_seats,
        e1_0.status,
        e1_0.ticket_price,
        e1_0.updated_at,
        tr1_0.number_of_tickets,
        tr1_0.updated_at 
    from
        ticket_reservations tr1_0 
    left join
        events e1_0 
            on e1_0.id=tr1_0.event_id 
    where
        tr1_0.client_id=?
2025-12-20T14:50:57.729+03:00 DEBUG 7152 --- [EventManagement] [           main] org.hibernate.SQL                        : 
    select
        tr1_0.event_id,
        tr1_0.id,
        tr1_0.booking_status,
        tr1_0.client_id,
        c1_0.id,
        c1_0.created_at,
        c1_0.email,
        c1_0.full_name,
        c1_0.passport_id,
        p1_0.id,
        p1_0.created_at,
        p1_0.number,
        p1_0.series,
        c1_0.phone_number,
        c1_0.updated_at,
        tr1_0.created_at,
        tr1_0.number_of_tickets,
        tr1_0.updated_at 
    from
        ticket_reservations tr1_0 
    left join
        clients c1_0 
            on c1_0.id=tr1_0.client_id 
    left join
        passports p1_0 
            on p1_0.id=c1_0.passport_id 
    where
        tr1_0.event_id=?
Hibernate: 
    select
        tr1_0.event_id,
        tr1_0.id,
        tr1_0.booking_status,
        tr1_0.client_id,
        c1_0.id,
        c1_0.created_at,
        c1_0.email,
        c1_0.full_name,
        c1_0.passport_id,
        p1_0.id,
        p1_0.created_at,
        p1_0.number,
        p1_0.series,
        c1_0.phone_number,
        c1_0.updated_at,
        tr1_0.created_at,
        tr1_0.number_of_tickets,
        tr1_0.updated_at 
    from
        ticket_reservations tr1_0 
    left join
        clients c1_0 
            on c1_0.id=tr1_0.client_id 
    left join
        passports p1_0 
            on p1_0.id=c1_0.passport_id 
    where
        tr1_0.event_id=?
]]></system-out>
  </testcase>
  <testcase name="shouldUpdateTimestampOnUpdate" classname="com.example.eventmanagement.entity.TicketReservationEntityIntegrationTest" time="0.044">
    <system-out><![CDATA[2025-12-20T14:50:57.745+03:00 DEBUG 7152 --- [EventManagement] [           main] org.hibernate.SQL                        : 
    insert 
    into
        passports
        (created_at, number, series, id) 
    values
        (?, ?, ?, default)
Hibernate: 
    insert 
    into
        passports
        (created_at, number, series, id) 
    values
        (?, ?, ?, default)
2025-12-20T14:50:57.749+03:00 DEBUG 7152 --- [EventManagement] [           main] org.hibernate.SQL                        : 
    insert 
    into
        clients
        (created_at, email, full_name, passport_id, phone_number, updated_at, id) 
    values
        (?, ?, ?, ?, ?, ?, default)
Hibernate: 
    insert 
    into
        clients
        (created_at, email, full_name, passport_id, phone_number, updated_at, id) 
    values
        (?, ?, ?, ?, ?, ?, default)
2025-12-20T14:50:57.751+03:00 DEBUG 7152 --- [EventManagement] [           main] org.hibernate.SQL                        : 
    insert 
    into
        events
        (created_at, date, description, name, number_of_seats, status, ticket_price, updated_at, id) 
    values
        (?, ?, ?, ?, ?, ?, ?, ?, default)
Hibernate: 
    insert 
    into
        events
        (created_at, date, description, name, number_of_seats, status, ticket_price, updated_at, id) 
    values
        (?, ?, ?, ?, ?, ?, ?, ?, default)
2025-12-20T14:50:57.754+03:00 DEBUG 7152 --- [EventManagement] [           main] org.hibernate.SQL                        : 
    insert 
    into
        ticket_reservations
        (booking_status, client_id, created_at, event_id, number_of_tickets, updated_at, id) 
    values
        (?, ?, ?, ?, ?, ?, default)
Hibernate: 
    insert 
    into
        ticket_reservations
        (booking_status, client_id, created_at, event_id, number_of_tickets, updated_at, id) 
    values
        (?, ?, ?, ?, ?, ?, default)
2025-12-20T14:50:57.766+03:00 DEBUG 7152 --- [EventManagement] [           main] org.hibernate.SQL                        : 
    update
        ticket_reservations 
    set
        booking_status=?,
        client_id=?,
        event_id=?,
        number_of_tickets=?,
        updated_at=? 
    where
        id=?
Hibernate: 
    update
        ticket_reservations 
    set
        booking_status=?,
        client_id=?,
        event_id=?,
        number_of_tickets=?,
        updated_at=? 
    where
        id=?
]]></system-out>
  </testcase>
  <testcase name="shouldFindReservationsByEvent" classname="com.example.eventmanagement.entity.TicketReservationEntityIntegrationTest" time="0.031">
    <system-out><![CDATA[2025-12-20T14:50:57.788+03:00 DEBUG 7152 --- [EventManagement] [           main] org.hibernate.SQL                        : 
    insert 
    into
        passports
        (created_at, number, series, id) 
    values
        (?, ?, ?, default)
Hibernate: 
    insert 
    into
        passports
        (created_at, number, series, id) 
    values
        (?, ?, ?, default)
2025-12-20T14:50:57.792+03:00 DEBUG 7152 --- [EventManagement] [           main] org.hibernate.SQL                        : 
    insert 
    into
        clients
        (created_at, email, full_name, passport_id, phone_number, updated_at, id) 
    values
        (?, ?, ?, ?, ?, ?, default)
Hibernate: 
    insert 
    into
        clients
        (created_at, email, full_name, passport_id, phone_number, updated_at, id) 
    values
        (?, ?, ?, ?, ?, ?, default)
2025-12-20T14:50:57.795+03:00 DEBUG 7152 --- [EventManagement] [           main] org.hibernate.SQL                        : 
    insert 
    into
        events
        (created_at, date, description, name, number_of_seats, status, ticket_price, updated_at, id) 
    values
        (?, ?, ?, ?, ?, ?, ?, ?, default)
Hibernate: 
    insert 
    into
        events
        (created_at, date, description, name, number_of_seats, status, ticket_price, updated_at, id) 
    values
        (?, ?, ?, ?, ?, ?, ?, ?, default)
2025-12-20T14:50:57.799+03:00 DEBUG 7152 --- [EventManagement] [           main] org.hibernate.SQL                        : 
    insert 
    into
        ticket_reservations
        (booking_status, client_id, created_at, event_id, number_of_tickets, updated_at, id) 
    values
        (?, ?, ?, ?, ?, ?, default)
Hibernate: 
    insert 
    into
        ticket_reservations
        (booking_status, client_id, created_at, event_id, number_of_tickets, updated_at, id) 
    values
        (?, ?, ?, ?, ?, ?, default)
2025-12-20T14:50:57.804+03:00 DEBUG 7152 --- [EventManagement] [           main] org.hibernate.SQL                        : 
    select
        tr1_0.id,
        tr1_0.booking_status,
        tr1_0.client_id,
        tr1_0.created_at,
        tr1_0.event_id,
        tr1_0.number_of_tickets,
        tr1_0.updated_at 
    from
        ticket_reservations tr1_0 
    where
        tr1_0.event_id=?
Hibernate: 
    select
        tr1_0.id,
        tr1_0.booking_status,
        tr1_0.client_id,
        tr1_0.created_at,
        tr1_0.event_id,
        tr1_0.number_of_tickets,
        tr1_0.updated_at 
    from
        ticket_reservations tr1_0 
    where
        tr1_0.event_id=?
2025-12-20T14:50:57.806+03:00 DEBUG 7152 --- [EventManagement] [           main] org.hibernate.SQL                        : 
    select
        c1_0.id,
        c1_0.created_at,
        c1_0.email,
        c1_0.full_name,
        c1_0.passport_id,
        p1_0.id,
        p1_0.created_at,
        p1_0.number,
        p1_0.series,
        c1_0.phone_number,
        c1_0.updated_at 
    from
        clients c1_0 
    join
        passports p1_0 
            on p1_0.id=c1_0.passport_id 
    where
        c1_0.id=?
Hibernate: 
    select
        c1_0.id,
        c1_0.created_at,
        c1_0.email,
        c1_0.full_name,
        c1_0.passport_id,
        p1_0.id,
        p1_0.created_at,
        p1_0.number,
        p1_0.series,
        c1_0.phone_number,
        c1_0.updated_at 
    from
        clients c1_0 
    join
        passports p1_0 
            on p1_0.id=c1_0.passport_id 
    where
        c1_0.id=?
2025-12-20T14:50:57.809+03:00 DEBUG 7152 --- [EventManagement] [           main] org.hibernate.SQL                        : 
    select
        e1_0.id,
        e1_0.created_at,
        e1_0.date,
        e1_0.description,
        e1_0.name,
        e1_0.number_of_seats,
        e1_0.status,
        e1_0.ticket_price,
        e1_0.updated_at 
    from
        events e1_0 
    where
        e1_0.id=?
Hibernate: 
    select
        e1_0.id,
        e1_0.created_at,
        e1_0.date,
        e1_0.description,
        e1_0.name,
        e1_0.number_of_seats,
        e1_0.status,
        e1_0.ticket_price,
        e1_0.updated_at 
    from
        events e1_0 
    where
        e1_0.id=?
]]></system-out>
  </testcase>
  <testcase name="shouldHandleMultipleReservationsForSameClientAndEvent" classname="com.example.eventmanagement.entity.TicketReservationEntityIntegrationTest" time="0.036">
    <system-out><![CDATA[2025-12-20T14:50:57.826+03:00 DEBUG 7152 --- [EventManagement] [           main] org.hibernate.SQL                        : 
    insert 
    into
        passports
        (created_at, number, series, id) 
    values
        (?, ?, ?, default)
Hibernate: 
    insert 
    into
        passports
        (created_at, number, series, id) 
    values
        (?, ?, ?, default)
2025-12-20T14:50:57.831+03:00 DEBUG 7152 --- [EventManagement] [           main] org.hibernate.SQL                        : 
    insert 
    into
        clients
        (created_at, email, full_name, passport_id, phone_number, updated_at, id) 
    values
        (?, ?, ?, ?, ?, ?, default)
Hibernate: 
    insert 
    into
        clients
        (created_at, email, full_name, passport_id, phone_number, updated_at, id) 
    values
        (?, ?, ?, ?, ?, ?, default)
2025-12-20T14:50:57.834+03:00 DEBUG 7152 --- [EventManagement] [           main] org.hibernate.SQL                        : 
    insert 
    into
        events
        (created_at, date, description, name, number_of_seats, status, ticket_price, updated_at, id) 
    values
        (?, ?, ?, ?, ?, ?, ?, ?, default)
Hibernate: 
    insert 
    into
        events
        (created_at, date, description, name, number_of_seats, status, ticket_price, updated_at, id) 
    values
        (?, ?, ?, ?, ?, ?, ?, ?, default)
2025-12-20T14:50:57.838+03:00 DEBUG 7152 --- [EventManagement] [           main] org.hibernate.SQL                        : 
    insert 
    into
        ticket_reservations
        (booking_status, client_id, created_at, event_id, number_of_tickets, updated_at, id) 
    values
        (?, ?, ?, ?, ?, ?, default)
Hibernate: 
    insert 
    into
        ticket_reservations
        (booking_status, client_id, created_at, event_id, number_of_tickets, updated_at, id) 
    values
        (?, ?, ?, ?, ?, ?, default)
2025-12-20T14:50:57.843+03:00 DEBUG 7152 --- [EventManagement] [           main] org.hibernate.SQL                        : 
    insert 
    into
        ticket_reservations
        (booking_status, client_id, created_at, event_id, number_of_tickets, updated_at, id) 
    values
        (?, ?, ?, ?, ?, ?, default)
Hibernate: 
    insert 
    into
        ticket_reservations
        (booking_status, client_id, created_at, event_id, number_of_tickets, updated_at, id) 
    values
        (?, ?, ?, ?, ?, ?, default)
]]></system-out>
  </testcase>
  <testcase name="shouldSetDefaultValuesOnPersist" classname="com.example.eventmanagement.entity.TicketReservationEntityIntegrationTest" time="0.034">
    <system-out><![CDATA[2025-12-20T14:50:57.866+03:00 DEBUG 7152 --- [EventManagement] [           main] org.hibernate.SQL                        : 
    insert 
    into
        passports
        (created_at, number, series, id) 
    values
        (?, ?, ?, default)
Hibernate: 
    insert 
    into
        passports
        (created_at, number, series, id) 
    values
        (?, ?, ?, default)
2025-12-20T14:50:57.871+03:00 DEBUG 7152 --- [EventManagement] [           main] org.hibernate.SQL                        : 
    insert 
    into
        clients
        (created_at, email, full_name, passport_id, phone_number, updated_at, id) 
    values
        (?, ?, ?, ?, ?, ?, default)
Hibernate: 
    insert 
    into
        clients
        (created_at, email, full_name, passport_id, phone_number, updated_at, id) 
    values
        (?, ?, ?, ?, ?, ?, default)
2025-12-20T14:50:57.876+03:00 DEBUG 7152 --- [EventManagement] [           main] org.hibernate.SQL                        : 
    insert 
    into
        events
        (created_at, date, description, name, number_of_seats, status, ticket_price, updated_at, id) 
    values
        (?, ?, ?, ?, ?, ?, ?, ?, default)
Hibernate: 
    insert 
    into
        events
        (created_at, date, description, name, number_of_seats, status, ticket_price, updated_at, id) 
    values
        (?, ?, ?, ?, ?, ?, ?, ?, default)
2025-12-20T14:50:57.879+03:00 DEBUG 7152 --- [EventManagement] [           main] org.hibernate.SQL                        : 
    insert 
    into
        ticket_reservations
        (booking_status, client_id, created_at, event_id, number_of_tickets, updated_at, id) 
    values
        (?, ?, ?, ?, ?, ?, default)
Hibernate: 
    insert 
    into
        ticket_reservations
        (booking_status, client_id, created_at, event_id, number_of_tickets, updated_at, id) 
    values
        (?, ?, ?, ?, ?, ?, default)
]]></system-out>
  </testcase>
  <testcase name="shouldUpdateReservationFields" classname="com.example.eventmanagement.entity.TicketReservationEntityIntegrationTest" time="0.04">
    <system-out><![CDATA[2025-12-20T14:50:57.902+03:00 DEBUG 7152 --- [EventManagement] [           main] org.hibernate.SQL                        : 
    insert 
    into
        passports
        (created_at, number, series, id) 
    values
        (?, ?, ?, default)
Hibernate: 
    insert 
    into
        passports
        (created_at, number, series, id) 
    values
        (?, ?, ?, default)
2025-12-20T14:50:57.909+03:00 DEBUG 7152 --- [EventManagement] [           main] org.hibernate.SQL                        : 
    insert 
    into
        clients
        (created_at, email, full_name, passport_id, phone_number, updated_at, id) 
    values
        (?, ?, ?, ?, ?, ?, default)
Hibernate: 
    insert 
    into
        clients
        (created_at, email, full_name, passport_id, phone_number, updated_at, id) 
    values
        (?, ?, ?, ?, ?, ?, default)
2025-12-20T14:50:57.916+03:00 DEBUG 7152 --- [EventManagement] [           main] org.hibernate.SQL                        : 
    insert 
    into
        events
        (created_at, date, description, name, number_of_seats, status, ticket_price, updated_at, id) 
    values
        (?, ?, ?, ?, ?, ?, ?, ?, default)
Hibernate: 
    insert 
    into
        events
        (created_at, date, description, name, number_of_seats, status, ticket_price, updated_at, id) 
    values
        (?, ?, ?, ?, ?, ?, ?, ?, default)
2025-12-20T14:50:57.921+03:00 DEBUG 7152 --- [EventManagement] [           main] org.hibernate.SQL                        : 
    insert 
    into
        ticket_reservations
        (booking_status, client_id, created_at, event_id, number_of_tickets, updated_at, id) 
    values
        (?, ?, ?, ?, ?, ?, default)
Hibernate: 
    insert 
    into
        ticket_reservations
        (booking_status, client_id, created_at, event_id, number_of_tickets, updated_at, id) 
    values
        (?, ?, ?, ?, ?, ?, default)
2025-12-20T14:50:57.928+03:00 DEBUG 7152 --- [EventManagement] [           main] org.hibernate.SQL                        : 
    update
        ticket_reservations 
    set
        booking_status=?,
        client_id=?,
        event_id=?,
        number_of_tickets=?,
        updated_at=? 
    where
        id=?
Hibernate: 
    update
        ticket_reservations 
    set
        booking_status=?,
        client_id=?,
        event_id=?,
        number_of_tickets=?,
        updated_at=? 
    where
        id=?
]]></system-out>
  </testcase>
</testsuite>