<?xml version="1.0" encoding="UTF-8"?>
<testsuite xmlns:xsi="http://www.w3.org/2001/XMLSchema-instance" xsi:noNamespaceSchemaLocation="https://maven.apache.org/surefire/maven-surefire-plugin/xsd/surefire-test-report.xsd" version="3.0.2" name="com.example.eventmanagement.integration.ClientRepositoryTestContainersTest" time="33.723" tests="2" errors="0" skipped="0" failures="0">
  <properties>
[...]
</properties>
  <testcase name="shouldSaveAndRetrieveClientWithRealPostgreSQL" classname="com.example.eventmanagement.integration.ClientRepositoryTestContainersTest" time="1.142">
    <system-out><![CDATA[14:51:33.585 [main] INFO org.testcontainers.images.PullPolicy -- Image pull policy will be performed by: DefaultPullPolicy()
14:51:33.618 [main] INFO org.testcontainers.utility.ImageNameSubstitutor -- Image name substitution will be performed by: DefaultImageNameSubstitutor (composite of 'ConfigurationFileImageNameSubstitutor' and 'PrefixingImageNameSubstitutor')
14:51:33.814 [main] INFO org.testcontainers.DockerClientFactory -- Testcontainers version: 1.21.3
14:51:34.924 [main] INFO org.testcontainers.dockerclient.DockerClientProviderStrategy -- Loaded org.testcontainers.dockerclient.NpipeSocketClientProviderStrategy from ~/.testcontainers.properties, will try it first
14:51:37.448 [main] INFO org.testcontainers.dockerclient.DockerClientProviderStrategy -- Found Docker environment with local Npipe socket (npipe:////./pipe/docker_engine)
14:51:37.453 [main] INFO org.testcontainers.DockerClientFactory -- Docker host IP address is localhost
14:51:37.560 [main] INFO org.testcontainers.DockerClientFactory -- Connected to docker: 
  Server Version: 28.5.1
  API Version: 1.51
  Operating System: Docker Desktop
  Total Memory: 2876 MB
  Labels: 
    com.docker.desktop.address=npipe://\\.\pipe\docker_cli
14:51:37.962 [main] INFO tc.testcontainers/ryuk:0.12.0 -- Creating container for image: testcontainers/ryuk:0.12.0
14:51:38.991 [main] INFO tc.testcontainers/ryuk:0.12.0 -- Container testcontainers/ryuk:0.12.0 is starting: c2e1c1553be0e4d2a256eadf3d6620238447b94fb63b54fdd0ab27342199a5bb
14:51:41.356 [main] INFO tc.testcontainers/ryuk:0.12.0 -- Container testcontainers/ryuk:0.12.0 started in PT3.3931976S
14:51:41.432 [main] INFO org.testcontainers.utility.RyukResourceReaper -- Ryuk started - will monitor and terminate Testcontainers containers on JVM exit
14:51:41.433 [main] INFO org.testcontainers.DockerClientFactory -- Checking the system...
14:51:41.435 [main] INFO org.testcontainers.DockerClientFactory -- ✔︎ Docker server version should be at least 1.6.0
14:51:41.438 [main] INFO tc.postgres:15-alpine -- Creating container for image: postgres:15-alpine
14:51:41.445 [main] WARN tc.postgres:15-alpine -- Reuse was requested but the environment does not support the reuse of containers
To enable reuse of containers, you must set 'testcontainers.reuse.enable=true' in a file located at C:\Users\Karina\.testcontainers.properties
14:51:41.853 [main] INFO tc.postgres:15-alpine -- Container postgres:15-alpine is starting: c66382fcf134cfb27eb4e66016bf28e1b2fd5257ed02accaf4e7353a188969c3
14:51:48.410 [main] INFO tc.postgres:15-alpine -- Container postgres:15-alpine started in PT6.9718112S
14:51:48.411 [main] INFO tc.postgres:15-alpine -- Container is started (JDBC URL: jdbc:postgresql://localhost:53545/testdb?loggerLevel=OFF)
14:51:48.659 [main] INFO org.springframework.test.context.support.AnnotationConfigContextLoaderUtils -- Could not detect default configuration classes for test class [com.example.eventmanagement.integration.ClientRepositoryTestContainersTest]: ClientRepositoryTestContainersTest does not declare any static, non-private, non-final, nested classes annotated with @Configuration.
14:51:48.997 [main] INFO org.springframework.boot.test.context.SpringBootTestContextBootstrapper -- Found @SpringBootConfiguration com.example.eventmanagement.EventManagementApplication for test class com.example.eventmanagement.integration.ClientRepositoryTestContainersTest
2025-12-20T14:51:50.381+03:00  INFO 17756 --- [EventManagement] [           main] e.e.i.ClientRepositoryTestContainersTest : Starting ClientRepositoryTestContainersTest using Java 21.0.8 with PID 17756 (started by Karina in D:\MyJava\for github\Java_Spring_EventManagement\EventManagement)
2025-12-20T14:51:50.384+03:00 DEBUG 17756 --- [EventManagement] [           main] e.e.i.ClientRepositoryTestContainersTest : Running with Spring Boot v3.5.7, Spring v6.2.12
2025-12-20T14:51:50.385+03:00  INFO 17756 --- [EventManagement] [           main] e.e.i.ClientRepositoryTestContainersTest : The following 1 profile is active: "testcontainers"
2025-12-20T14:51:54.995+03:00  INFO 17756 --- [EventManagement] [           main] com.zaxxer.hikari.HikariDataSource       : HikariPool-1 - Starting...
2025-12-20T14:51:55.538+03:00  INFO 17756 --- [EventManagement] [           main] com.zaxxer.hikari.pool.HikariPool        : HikariPool-1 - Added connection org.postgresql.jdbc.PgConnection@7d518749
2025-12-20T14:51:55.543+03:00  INFO 17756 --- [EventManagement] [           main] com.zaxxer.hikari.HikariDataSource       : HikariPool-1 - Start completed.
2025-12-20T14:51:55.663+03:00  WARN 17756 --- [EventManagement] [           main] org.hibernate.orm.deprecation            : HHH90000025: PostgreSQLDialect does not need to be specified explicitly using 'hibernate.dialect' (remove the property setting and it will be selected by default)
Hibernate: set client_min_messages = WARNING
Hibernate: alter table if exists clients drop constraint if exists FKt1bl0t3m5aw25yqxwusroqtot
Hibernate: alter table if exists ticket_reservations drop constraint if exists FK9a3lo2x3fo97ls7srey2t1h0b
Hibernate: alter table if exists ticket_reservations drop constraint if exists FKcotij3bbsk2md3qnvbqh5tbsw
Hibernate: drop table if exists clients cascade
Hibernate: drop table if exists events cascade
Hibernate: drop table if exists passports cascade
Hibernate: drop table if exists ticket_reservations cascade
Hibernate: create table clients (created_at timestamp(6) not null, id bigint generated by default as identity, passport_id bigint not null unique, updated_at timestamp(6) not null, email varchar(255), full_name varchar(255) not null, phone_number varchar(255) not null, primary key (id), unique (phone_number), unique (email))
Hibernate: create table events (date date not null, number_of_seats integer not null, ticket_price numeric(38,2) not null, created_at timestamp(6) not null, id bigint generated by default as identity, updated_at timestamp(6) not null, description varchar(255), name varchar(255) not null, status varchar(255), primary key (id), unique (name, date))
Hibernate: create table passports (created_at timestamp(6) not null, id bigint generated by default as identity, number varchar(255) not null, series varchar(255) not null, primary key (id), unique (series, number))
Hibernate: create table ticket_reservations (number_of_tickets integer not null, client_id bigint not null, created_at timestamp(6) not null, event_id bigint not null, id bigint generated by default as identity, updated_at timestamp(6) not null, booking_status varchar(255) not null, primary key (id))
Hibernate: alter table if exists clients add constraint FKt1bl0t3m5aw25yqxwusroqtot foreign key (passport_id) references passports
Hibernate: alter table if exists ticket_reservations add constraint FK9a3lo2x3fo97ls7srey2t1h0b foreign key (client_id) references clients
Hibernate: alter table if exists ticket_reservations add constraint FKcotij3bbsk2md3qnvbqh5tbsw foreign key (event_id) references events
2025-12-20T14:52:04.823+03:00  INFO 17756 --- [EventManagement] [           main] e.e.i.ClientRepositoryTestContainersTest : Started ClientRepositoryTestContainersTest in 15.629 seconds (process running for 36.231)
Hibernate: select c1_0.id,c1_0.created_at,c1_0.email,c1_0.full_name,c1_0.passport_id,c1_0.phone_number,c1_0.updated_at from clients c1_0
Hibernate: insert into passports (created_at,number,series) values (?,?,?)
Hibernate: insert into clients (created_at,email,full_name,passport_id,phone_number,updated_at) values (?,?,?,?,?,?)
]]></system-out>
  </testcase>
  <testcase name="shouldEnforceUniquePhoneNumberConstraint" classname="com.example.eventmanagement.integration.ClientRepositoryTestContainersTest" time="0.13">
    <system-out><![CDATA[Hibernate: select c1_0.id,c1_0.created_at,c1_0.email,c1_0.full_name,c1_0.passport_id,c1_0.phone_number,c1_0.updated_at from clients c1_0
Hibernate: insert into passports (created_at,number,series) values (?,?,?)
Hibernate: insert into clients (created_at,email,full_name,passport_id,phone_number,updated_at) values (?,?,?,?,?,?)
Hibernate: insert into passports (created_at,number,series) values (?,?,?)
Hibernate: insert into clients (created_at,email,full_name,passport_id,phone_number,updated_at) values (?,?,?,?,?,?)
2025-12-20T14:52:06.068+03:00  WARN 17756 --- [EventManagement] [           main] o.h.engine.jdbc.spi.SqlExceptionHelper   : SQL Error: 0, SQLState: 23505
2025-12-20T14:52:06.070+03:00 ERROR 17756 --- [EventManagement] [           main] o.h.engine.jdbc.spi.SqlExceptionHelper   : ERROR: duplicate key value violates unique constraint "clients_phone_number_key"
  Подробности: Key (phone_number)=(+79123456789) already exists.
]]></system-out>
  </testcase>
</testsuite>