<?xml version="1.0" encoding="UTF-8"?>
<testsuite xmlns:xsi="http://www.w3.org/2001/XMLSchema-instance" xsi:noNamespaceSchemaLocation="https://maven.apache.org/surefire/maven-surefire-plugin/xsd/surefire-test-report.xsd" version="3.0.2" name="com.example.eventmanagement.service.integration.ClientServiceIntegrationTest" time="17.73" tests="4" errors="0" skipped="0" failures="0">
  <properties>
[...]
</properties>
  <testcase name="replacePassport_UpdatesPassportInDatabase" classname="com.example.eventmanagement.service.integration.ClientServiceIntegrationTest" time="0.95">
    <system-out><![CDATA[14:58:25.620 [main] INFO org.springframework.test.context.support.AnnotationConfigContextLoaderUtils -- Could not detect default configuration classes for test class [com.example.eventmanagement.service.integration.ClientServiceIntegrationTest]: ClientServiceIntegrationTest does not declare any static, non-private, non-final, nested classes annotated with @Configuration.
14:58:26.241 [main] INFO org.springframework.boot.test.context.SpringBootTestContextBootstrapper -- Found @SpringBootConfiguration com.example.eventmanagement.EventManagementApplication for test class com.example.eventmanagement.service.integration.ClientServiceIntegrationTest
2025-12-20T14:58:27.871+03:00  INFO 10996 --- [EventManagement] [           main] c.e.e.s.i.ClientServiceIntegrationTest   : Starting ClientServiceIntegrationTest using Java 21.0.8 with PID 10996 (started by Karina in D:\MyJava\for github\Java_Spring_EventManagement\EventManagement)
2025-12-20T14:58:27.874+03:00 DEBUG 10996 --- [EventManagement] [           main] c.e.e.s.i.ClientServiceIntegrationTest   : Running with Spring Boot v3.5.7, Spring v6.2.12
2025-12-20T14:58:27.875+03:00  INFO 10996 --- [EventManagement] [           main] c.e.e.s.i.ClientServiceIntegrationTest   : The following 1 profile is active: "test"
2025-12-20T14:58:33.401+03:00  WARN 10996 --- [EventManagement] [           main] org.hibernate.orm.deprecation            : HHH90000021: Encountered deprecated setting [hibernate.temp.use_jdbc_metadata_defaults], use [hibernate.boot.allow_jdbc_metadata_access] instead
2025-12-20T14:58:33.456+03:00  WARN 10996 --- [EventManagement] [           main] org.hibernate.orm.deprecation            : HHH90000025: H2Dialect does not need to be specified explicitly using 'hibernate.dialect' (remove the property setting and it will be selected by default)
2025-12-20T14:58:36.464+03:00 DEBUG 10996 --- [EventManagement] [           main] org.hibernate.SQL                        : 
    drop table if exists clients cascade 
Hibernate: 
    drop table if exists clients cascade 
2025-12-20T14:58:36.466+03:00  INFO 10996 --- [EventManagement] [           main] com.zaxxer.hikari.HikariDataSource       : HikariPool-1 - Starting...
2025-12-20T14:58:37.027+03:00  INFO 10996 --- [EventManagement] [           main] com.zaxxer.hikari.pool.HikariPool        : HikariPool-1 - Added connection conn0: url=jdbc:h2:mem:testdb user=SA
2025-12-20T14:58:37.030+03:00  INFO 10996 --- [EventManagement] [           main] com.zaxxer.hikari.HikariDataSource       : HikariPool-1 - Start completed.
2025-12-20T14:58:37.044+03:00 DEBUG 10996 --- [EventManagement] [           main] org.hibernate.SQL                        : 
    drop table if exists events cascade 
Hibernate: 
    drop table if exists events cascade 
2025-12-20T14:58:37.045+03:00 DEBUG 10996 --- [EventManagement] [           main] org.hibernate.SQL                        : 
    drop table if exists passports cascade 
Hibernate: 
    drop table if exists passports cascade 
2025-12-20T14:58:37.045+03:00 DEBUG 10996 --- [EventManagement] [           main] org.hibernate.SQL                        : 
    drop table if exists ticket_reservations cascade 
Hibernate: 
    drop table if exists ticket_reservations cascade 
2025-12-20T14:58:37.064+03:00 DEBUG 10996 --- [EventManagement] [           main] org.hibernate.SQL                        : 
    create table clients (
        created_at timestamp(6) not null,
        id bigint generated by default as identity,
        passport_id bigint not null unique,
        updated_at timestamp(6) not null,
        email varchar(255),
        full_name varchar(255) not null,
        phone_number varchar(255) not null,
        primary key (id),
        unique (phone_number),
        unique (email)
    )
Hibernate: 
    create table clients (
        created_at timestamp(6) not null,
        id bigint generated by default as identity,
        passport_id bigint not null unique,
        updated_at timestamp(6) not null,
        email varchar(255),
        full_name varchar(255) not null,
        phone_number varchar(255) not null,
        primary key (id),
        unique (phone_number),
        unique (email)
    )
2025-12-20T14:58:37.089+03:00 DEBUG 10996 --- [EventManagement] [           main] org.hibernate.SQL                        : 
    create table events (
        date date not null,
        number_of_seats integer not null,
        ticket_price numeric(38,2) not null,
        created_at timestamp(6) not null,
        id bigint generated by default as identity,
        updated_at timestamp(6) not null,
        description varchar(255),
        name varchar(255) not null,
        status varchar(255),
        primary key (id),
        unique (name, date)
    )
Hibernate: 
    create table events (
        date date not null,
        number_of_seats integer not null,
        ticket_price numeric(38,2) not null,
        created_at timestamp(6) not null,
        id bigint generated by default as identity,
        updated_at timestamp(6) not null,
        description varchar(255),
        name varchar(255) not null,
        status varchar(255),
        primary key (id),
        unique (name, date)
    )
2025-12-20T14:58:37.091+03:00 DEBUG 10996 --- [EventManagement] [           main] org.hibernate.SQL                        : 
    create table passports (
        created_at timestamp(6) not null,
        id bigint generated by default as identity,
        number varchar(255) not null,
        series varchar(255) not null,
        primary key (id),
        unique (series, number)
    )
Hibernate: 
    create table passports (
        created_at timestamp(6) not null,
        id bigint generated by default as identity,
        number varchar(255) not null,
        series varchar(255) not null,
        primary key (id),
        unique (series, number)
    )
2025-12-20T14:58:37.094+03:00 DEBUG 10996 --- [EventManagement] [           main] org.hibernate.SQL                        : 
    create table ticket_reservations (
        number_of_tickets integer not null,
        client_id bigint not null,
        created_at timestamp(6) not null,
        event_id bigint not null,
        id bigint generated by default as identity,
        updated_at timestamp(6) not null,
        booking_status varchar(255) not null,
        primary key (id)
    )
Hibernate: 
    create table ticket_reservations (
        number_of_tickets integer not null,
        client_id bigint not null,
        created_at timestamp(6) not null,
        event_id bigint not null,
        id bigint generated by default as identity,
        updated_at timestamp(6) not null,
        booking_status varchar(255) not null,
        primary key (id)
    )
2025-12-20T14:58:37.097+03:00 DEBUG 10996 --- [EventManagement] [           main] org.hibernate.SQL                        : 
    alter table if exists clients 
       add constraint FKt1bl0t3m5aw25yqxwusroqtot 
       foreign key (passport_id) 
       references passports
Hibernate: 
    alter table if exists clients 
       add constraint FKt1bl0t3m5aw25yqxwusroqtot 
       foreign key (passport_id) 
       references passports
2025-12-20T14:58:37.128+03:00 DEBUG 10996 --- [EventManagement] [           main] org.hibernate.SQL                        : 
    alter table if exists ticket_reservations 
       add constraint FK9a3lo2x3fo97ls7srey2t1h0b 
       foreign key (client_id) 
       references clients
Hibernate: 
    alter table if exists ticket_reservations 
       add constraint FK9a3lo2x3fo97ls7srey2t1h0b 
       foreign key (client_id) 
       references clients
2025-12-20T14:58:37.132+03:00 DEBUG 10996 --- [EventManagement] [           main] org.hibernate.SQL                        : 
    alter table if exists ticket_reservations 
       add constraint FKcotij3bbsk2md3qnvbqh5tbsw 
       foreign key (event_id) 
       references events
Hibernate: 
    alter table if exists ticket_reservations 
       add constraint FKcotij3bbsk2md3qnvbqh5tbsw 
       foreign key (event_id) 
       references events
2025-12-20T14:58:40.717+03:00  WARN 10996 --- [EventManagement] [           main] JpaBaseConfiguration$JpaWebConfiguration : spring.jpa.open-in-view is enabled by default. Therefore, database queries may be performed during view rendering. Explicitly configure spring.jpa.open-in-view to disable this warning
2025-12-20T14:58:41.543+03:00  INFO 10996 --- [EventManagement] [           main] c.e.e.s.i.ClientServiceIntegrationTest   : Started ClientServiceIntegrationTest in 14.683 seconds (process running for 18.493)
2025-12-20T14:58:42.072+03:00  INFO 10996 --- [EventManagement] [           main] c.e.e.service.ClientService              : Создание клиента: ivan@mail.ru
2025-12-20T14:58:42.221+03:00 DEBUG 10996 --- [EventManagement] [           main] org.hibernate.SQL                        : 
    select
        c1_0.id 
    from
        clients c1_0 
    where
        c1_0.phone_number=? 
    fetch
        first ? rows only
Hibernate: 
    select
        c1_0.id 
    from
        clients c1_0 
    where
        c1_0.phone_number=? 
    fetch
        first ? rows only
2025-12-20T14:58:42.299+03:00 DEBUG 10996 --- [EventManagement] [           main] org.hibernate.SQL                        : 
    select
        p1_0.id 
    from
        passports p1_0 
    where
        p1_0.series=? 
        and p1_0.number=? 
    fetch
        first ? rows only
Hibernate: 
    select
        p1_0.id 
    from
        passports p1_0 
    where
        p1_0.series=? 
        and p1_0.number=? 
    fetch
        first ? rows only
2025-12-20T14:58:42.351+03:00 DEBUG 10996 --- [EventManagement] [           main] org.hibernate.SQL                        : 
    insert 
    into
        passports
        (created_at, number, series, id) 
    values
        (?, ?, ?, default)
Hibernate: 
    insert 
    into
        passports
        (created_at, number, series, id) 
    values
        (?, ?, ?, default)
2025-12-20T14:58:42.411+03:00 DEBUG 10996 --- [EventManagement] [           main] org.hibernate.SQL                        : 
    insert 
    into
        clients
        (created_at, email, full_name, passport_id, phone_number, updated_at, id) 
    values
        (?, ?, ?, ?, ?, ?, default)
Hibernate: 
    insert 
    into
        clients
        (created_at, email, full_name, passport_id, phone_number, updated_at, id) 
    values
        (?, ?, ?, ?, ?, ?, default)
2025-12-20T14:58:42.415+03:00  INFO 10996 --- [EventManagement] [           main] c.e.e.service.ClientService              : Клиент создан с ID: 1
2025-12-20T14:58:42.416+03:00  INFO 10996 --- [EventManagement] [           main] c.e.e.service.ClientService              : Замена паспорта для клиента с ID: 1
2025-12-20T14:58:42.449+03:00 DEBUG 10996 --- [EventManagement] [           main] org.hibernate.SQL                        : 
    select
        p1_0.id 
    from
        passports p1_0 
    where
        p1_0.series=? 
        and p1_0.number=? 
    fetch
        first ? rows only
Hibernate: 
    select
        p1_0.id 
    from
        passports p1_0 
    where
        p1_0.series=? 
        and p1_0.number=? 
    fetch
        first ? rows only
2025-12-20T14:58:42.454+03:00 DEBUG 10996 --- [EventManagement] [           main] org.hibernate.SQL                        : 
    insert 
    into
        passports
        (created_at, number, series, id) 
    values
        (?, ?, ?, default)
Hibernate: 
    insert 
    into
        passports
        (created_at, number, series, id) 
    values
        (?, ?, ?, default)
2025-12-20T14:58:42.462+03:00 DEBUG 10996 --- [EventManagement] [           main] c.e.e.service.ClientService              : Старый паспорт удален
2025-12-20T14:58:42.462+03:00  INFO 10996 --- [EventManagement] [           main] c.e.e.service.ClientService              : Паспорт для клиента с ID 1 заменен
2025-12-20T14:58:42.492+03:00 DEBUG 10996 --- [EventManagement] [           main] org.hibernate.SQL                        : 
    update
        clients 
    set
        email=?,
        full_name=?,
        passport_id=?,
        phone_number=?,
        updated_at=? 
    where
        id=?
Hibernate: 
    update
        clients 
    set
        email=?,
        full_name=?,
        passport_id=?,
        phone_number=?,
        updated_at=? 
    where
        id=?
2025-12-20T14:58:42.507+03:00 DEBUG 10996 --- [EventManagement] [           main] org.hibernate.SQL                        : 
    delete 
    from
        passports 
    where
        id=?
Hibernate: 
    delete 
    from
        passports 
    where
        id=?
2025-12-20T14:58:42.510+03:00 DEBUG 10996 --- [EventManagement] [           main] org.hibernate.SQL                        : 
    select
        p1_0.id 
    from
        passports p1_0 
    where
        p1_0.series=? 
        and p1_0.number=? 
    fetch
        first ? rows only
Hibernate: 
    select
        p1_0.id 
    from
        passports p1_0 
    where
        p1_0.series=? 
        and p1_0.number=? 
    fetch
        first ? rows only
]]></system-out>
  </testcase>
  <testcase name="createClient_WithValidData_SavesToDatabase" classname="com.example.eventmanagement.service.integration.ClientServiceIntegrationTest" time="0.02">
    <system-out><![CDATA[2025-12-20T14:58:42.543+03:00  INFO 10996 --- [EventManagement] [           main] c.e.e.service.ClientService              : Создание клиента: ivan@mail.ru
2025-12-20T14:58:42.545+03:00 DEBUG 10996 --- [EventManagement] [           main] org.hibernate.SQL                        : 
    select
        c1_0.id 
    from
        clients c1_0 
    where
        c1_0.phone_number=? 
    fetch
        first ? rows only
Hibernate: 
    select
        c1_0.id 
    from
        clients c1_0 
    where
        c1_0.phone_number=? 
    fetch
        first ? rows only
2025-12-20T14:58:42.548+03:00 DEBUG 10996 --- [EventManagement] [           main] org.hibernate.SQL                        : 
    select
        p1_0.id 
    from
        passports p1_0 
    where
        p1_0.series=? 
        and p1_0.number=? 
    fetch
        first ? rows only
Hibernate: 
    select
        p1_0.id 
    from
        passports p1_0 
    where
        p1_0.series=? 
        and p1_0.number=? 
    fetch
        first ? rows only
2025-12-20T14:58:42.550+03:00 DEBUG 10996 --- [EventManagement] [           main] org.hibernate.SQL                        : 
    insert 
    into
        passports
        (created_at, number, series, id) 
    values
        (?, ?, ?, default)
Hibernate: 
    insert 
    into
        passports
        (created_at, number, series, id) 
    values
        (?, ?, ?, default)
2025-12-20T14:58:42.552+03:00 DEBUG 10996 --- [EventManagement] [           main] org.hibernate.SQL                        : 
    insert 
    into
        clients
        (created_at, email, full_name, passport_id, phone_number, updated_at, id) 
    values
        (?, ?, ?, ?, ?, ?, default)
Hibernate: 
    insert 
    into
        clients
        (created_at, email, full_name, passport_id, phone_number, updated_at, id) 
    values
        (?, ?, ?, ?, ?, ?, default)
2025-12-20T14:58:42.553+03:00  INFO 10996 --- [EventManagement] [           main] c.e.e.service.ClientService              : Клиент создан с ID: 2
]]></system-out>
  </testcase>
  <testcase name="createClient_WithDuplicatePassport_ThrowsException" classname="com.example.eventmanagement.service.integration.ClientServiceIntegrationTest" time="0.032">
    <system-out><![CDATA[2025-12-20T14:58:42.566+03:00  INFO 10996 --- [EventManagement] [           main] c.e.e.service.ClientService              : Создание клиента: ivan@mail.ru
2025-12-20T14:58:42.568+03:00 DEBUG 10996 --- [EventManagement] [           main] org.hibernate.SQL                        : 
    select
        c1_0.id 
    from
        clients c1_0 
    where
        c1_0.phone_number=? 
    fetch
        first ? rows only
Hibernate: 
    select
        c1_0.id 
    from
        clients c1_0 
    where
        c1_0.phone_number=? 
    fetch
        first ? rows only
2025-12-20T14:58:42.572+03:00 DEBUG 10996 --- [EventManagement] [           main] org.hibernate.SQL                        : 
    select
        p1_0.id 
    from
        passports p1_0 
    where
        p1_0.series=? 
        and p1_0.number=? 
    fetch
        first ? rows only
Hibernate: 
    select
        p1_0.id 
    from
        passports p1_0 
    where
        p1_0.series=? 
        and p1_0.number=? 
    fetch
        first ? rows only
2025-12-20T14:58:42.574+03:00 DEBUG 10996 --- [EventManagement] [           main] org.hibernate.SQL                        : 
    insert 
    into
        passports
        (created_at, number, series, id) 
    values
        (?, ?, ?, default)
Hibernate: 
    insert 
    into
        passports
        (created_at, number, series, id) 
    values
        (?, ?, ?, default)
2025-12-20T14:58:42.576+03:00 DEBUG 10996 --- [EventManagement] [           main] org.hibernate.SQL                        : 
    insert 
    into
        clients
        (created_at, email, full_name, passport_id, phone_number, updated_at, id) 
    values
        (?, ?, ?, ?, ?, ?, default)
Hibernate: 
    insert 
    into
        clients
        (created_at, email, full_name, passport_id, phone_number, updated_at, id) 
    values
        (?, ?, ?, ?, ?, ?, default)
2025-12-20T14:58:42.578+03:00  INFO 10996 --- [EventManagement] [           main] c.e.e.service.ClientService              : Клиент создан с ID: 3
2025-12-20T14:58:42.579+03:00  INFO 10996 --- [EventManagement] [           main] c.e.e.service.ClientService              : Создание клиента: petr@mail.ru
2025-12-20T14:58:42.581+03:00 DEBUG 10996 --- [EventManagement] [           main] org.hibernate.SQL                        : 
    select
        c1_0.id 
    from
        clients c1_0 
    where
        c1_0.phone_number=? 
    fetch
        first ? rows only
Hibernate: 
    select
        c1_0.id 
    from
        clients c1_0 
    where
        c1_0.phone_number=? 
    fetch
        first ? rows only
2025-12-20T14:58:42.585+03:00 DEBUG 10996 --- [EventManagement] [           main] org.hibernate.SQL                        : 
    select
        p1_0.id 
    from
        passports p1_0 
    where
        p1_0.series=? 
        and p1_0.number=? 
    fetch
        first ? rows only
Hibernate: 
    select
        p1_0.id 
    from
        passports p1_0 
    where
        p1_0.series=? 
        and p1_0.number=? 
    fetch
        first ? rows only
]]></system-out>
  </testcase>
  <testcase name="deleteClient_WithNoReservations_RemovesFromDatabase" classname="com.example.eventmanagement.service.integration.ClientServiceIntegrationTest" time="0.087">
    <system-out><![CDATA[2025-12-20T14:58:42.600+03:00  INFO 10996 --- [EventManagement] [           main] c.e.e.service.ClientService              : Создание клиента: ivan@mail.ru
2025-12-20T14:58:42.602+03:00 DEBUG 10996 --- [EventManagement] [           main] org.hibernate.SQL                        : 
    select
        c1_0.id 
    from
        clients c1_0 
    where
        c1_0.phone_number=? 
    fetch
        first ? rows only
Hibernate: 
    select
        c1_0.id 
    from
        clients c1_0 
    where
        c1_0.phone_number=? 
    fetch
        first ? rows only
2025-12-20T14:58:42.605+03:00 DEBUG 10996 --- [EventManagement] [           main] org.hibernate.SQL                        : 
    select
        p1_0.id 
    from
        passports p1_0 
    where
        p1_0.series=? 
        and p1_0.number=? 
    fetch
        first ? rows only
Hibernate: 
    select
        p1_0.id 
    from
        passports p1_0 
    where
        p1_0.series=? 
        and p1_0.number=? 
    fetch
        first ? rows only
2025-12-20T14:58:42.607+03:00 DEBUG 10996 --- [EventManagement] [           main] org.hibernate.SQL                        : 
    insert 
    into
        passports
        (created_at, number, series, id) 
    values
        (?, ?, ?, default)
Hibernate: 
    insert 
    into
        passports
        (created_at, number, series, id) 
    values
        (?, ?, ?, default)
2025-12-20T14:58:42.608+03:00 DEBUG 10996 --- [EventManagement] [           main] org.hibernate.SQL                        : 
    insert 
    into
        clients
        (created_at, email, full_name, passport_id, phone_number, updated_at, id) 
    values
        (?, ?, ?, ?, ?, ?, default)
Hibernate: 
    insert 
    into
        clients
        (created_at, email, full_name, passport_id, phone_number, updated_at, id) 
    values
        (?, ?, ?, ?, ?, ?, default)
2025-12-20T14:58:42.610+03:00  INFO 10996 --- [EventManagement] [           main] c.e.e.service.ClientService              : Клиент создан с ID: 4
2025-12-20T14:58:42.624+03:00 DEBUG 10996 --- [EventManagement] [           main] org.hibernate.SQL                        : 
    select
        count(*) 
    from
        clients c1_0 
    where
        c1_0.id=?
Hibernate: 
    select
        count(*) 
    from
        clients c1_0 
    where
        c1_0.id=?
2025-12-20T14:58:42.632+03:00  INFO 10996 --- [EventManagement] [           main] c.e.e.service.ClientService              : Удаление клиента с ID: 4
2025-12-20T14:58:42.634+03:00 DEBUG 10996 --- [EventManagement] [           main] c.e.e.service.ClientService              : Проверка возможности удаления клиента с ID: 4
2025-12-20T14:58:42.647+03:00 DEBUG 10996 --- [EventManagement] [           main] org.hibernate.SQL                        : 
    select
        tr1_0.id,
        tr1_0.booking_status,
        tr1_0.client_id,
        tr1_0.created_at,
        tr1_0.event_id,
        tr1_0.number_of_tickets,
        tr1_0.updated_at 
    from
        ticket_reservations tr1_0 
    left join
        clients c1_0 
            on c1_0.id=tr1_0.client_id 
    where
        c1_0.id=? 
        and tr1_0.booking_status in (?, ?)
Hibernate: 
    select
        tr1_0.id,
        tr1_0.booking_status,
        tr1_0.client_id,
        tr1_0.created_at,
        tr1_0.event_id,
        tr1_0.number_of_tickets,
        tr1_0.updated_at 
    from
        ticket_reservations tr1_0 
    left join
        clients c1_0 
            on c1_0.id=tr1_0.client_id 
    where
        c1_0.id=? 
        and tr1_0.booking_status in (?, ?)
2025-12-20T14:58:42.668+03:00  INFO 10996 --- [EventManagement] [           main] c.e.e.service.ClientService              : Клиент с ID 4 удален
2025-12-20T14:58:42.673+03:00 DEBUG 10996 --- [EventManagement] [           main] org.hibernate.SQL                        : 
    delete 
    from
        clients 
    where
        id=?
Hibernate: 
    delete 
    from
        clients 
    where
        id=?
2025-12-20T14:58:42.674+03:00 DEBUG 10996 --- [EventManagement] [           main] org.hibernate.SQL                        : 
    delete 
    from
        passports 
    where
        id=?
Hibernate: 
    delete 
    from
        passports 
    where
        id=?
2025-12-20T14:58:42.676+03:00 DEBUG 10996 --- [EventManagement] [           main] org.hibernate.SQL                        : 
    select
        count(*) 
    from
        clients c1_0 
    where
        c1_0.id=?
Hibernate: 
    select
        count(*) 
    from
        clients c1_0 
    where
        c1_0.id=?
2025-12-20T14:58:42.678+03:00 DEBUG 10996 --- [EventManagement] [           main] org.hibernate.SQL                        : 
    select
        p1_0.id 
    from
        passports p1_0 
    where
        p1_0.series=? 
        and p1_0.number=? 
    fetch
        first ? rows only
Hibernate: 
    select
        p1_0.id 
    from
        passports p1_0 
    where
        p1_0.series=? 
        and p1_0.number=? 
    fetch
        first ? rows only
]]></system-out>
  </testcase>
</testsuite>